  0.000000000000e+00    9.000000000000e+02    9.749266098918e-03    2.437316524729e-03    0.000000000000e+00    0.000000000000e+00    0.000000000000e+00    0.000000000000e+00    0.000000000000e+00    0.000000000000e+00    1.354064735961e-03
  1.023000000000e-07    8.999999999959e+02    9.749266098954e-03    2.437316524733e-03    1.793578389292e-17    1.434698660314e-17    5.040079674933e-18    7.370941622063e-15    7.584588173417e-15    3.966384612515e-20    1.354064735967e-03
  1.048575000000e-04    9.000000019804e+02    9.749266071622e-03    2.437316500049e-03    1.931190074665e-14    4.658821687088e-15    4.278207522283e-12    4.500572941378e-13    1.915123035388e-11    9.928605056353e-14    1.354064734139e-03
  7.677721500000e-03    9.000007242821e+02    9.749257203922e-03    2.437311823516e-03    8.245282463459e-14    2.429396501926e-14    9.082942745534e-10    1.921432668096e-12    2.003654733092e-09    6.631774245531e-10    1.354063858082e-03
  1.767772150000e-02    9.000054270240e+02    9.749200522403e-03    2.437287384525e-03    3.219854722393e-13    1.120494811767e-13    6.556796869677e-09    7.504105085881e-12    8.364015777324e-09    5.052131041760e-09    1.354057821826e-03
  2.767772150000e-02    9.000230127341e+02    9.748989825781e-03    2.437204290840e-03    9.872040893811e-13    3.847749266808e-13    2.797913337107e-08    2.301375407225e-11    2.377466706294e-08    2.049363651228e-08    1.354034749664e-03
  3.767772150000e-02    9.000752763965e+02    9.748366720943e-03    2.436977799156e-03    2.400744791581e-12    1.060575841442e-12    9.260946329979e-08    5.598881492680e-11    4.918077213273e-08    6.360125227382e-08    1.353964937579e-03
  4.767772150000e-02    9.001985075403e+02    9.746901626303e-03    2.436477959838e-03    4.798905233852e-12    2.381019842286e-12    2.504687183635e-07    1.119541326827e-10    7.926371111597e-08    1.539793502726e-07    1.353798022694e-03
  5.767772150000e-02    9.004421259001e+02    9.744008565232e-03    2.435529222768e-03    8.514151217601e-12    4.625332290261e-12    5.757922113252e-07    1.986421844565e-10    1.122714215241e-07    3.076691089035e-07    1.353465036652e-03
  6.767772150000e-02    9.008766390949e+02    9.738852698263e-03    2.433880996558e-03    1.413153554027e-11    8.236854779797e-12    1.176778130646e-06    3.295791093107e-10    1.492323442040e-07    5.432482886432e-07    1.352867709689e-03
  7.767772150000e-02    9.016100411875e+02    9.730160116400e-03    2.431152048487e-03    2.268958244416e-11    1.400367815365e-11    2.219757955608e-06    5.285935659055e-10    1.918288644817e-07    8.869871278340e-07    1.351855978780e-03
  8.767772150000e-02    9.028218694779e+02    9.715824453082e-03    2.426714072892e-03    3.626480953358e-11    2.350428250092e-11    3.981920997082e-06    8.429214018885e-10    2.429632158315e-07    1.378727645321e-06    1.350181530076e-03
  9.767772150000e-02    9.048508074579e+02    9.691901339862e-03    2.419394286926e-03    5.982003296576e-11    4.052341791094e-11    6.986702601539e-06    1.384385220619e-09    3.086023341681e-07    2.085964385023e-06    1.347379030621e-03
  1.076777215000e-01    9.084900569554e+02    9.649242766900e-03    2.406482031134e-03    1.094175946702e-10    7.742185798010e-11    1.245958123406e-05    2.510956491084e-09    4.043937693238e-07    3.146867815701e-06    1.342368431531e-03
  1.175320231654e-01    9.165912506156e+02    9.555443483024e-03    2.378422590819e-03    2.904474572108e-10    2.175495901098e-10    2.480424052843e-05    6.537307155069e-09    5.992468475033e-07    4.951292229992e-06    1.331319724533e-03
  1.218153846640e-01    9.284863424699e+02    9.420518628364e-03    2.338524832304e-03    1.601948086976e-09    1.349935857480e-09    4.315993871087e-05    3.516434112711e-08    1.017318202622e-06    6.570366699259e-06    1.315385534724e-03
  1.221570112142e-01    9.438156194146e+02    9.249233180053e-03    2.289077951056e-03    6.922643088175e-08    7.407545883719e-08    6.886980769205e-05    1.514852125205e-06    1.606277361101e-06    6.312485795072e-06    1.295279593891e-03
  1.221728137434e-01    9.547512419892e+02    9.128776494885e-03    2.254790596746e-03    1.695631985911e-07    1.741855829480e-07    8.796852158654e-05    3.626724487859e-06    1.569831263388e-06    5.788044788272e-06    1.281280337768e-03
  1.221805603279e-01    9.652893062265e+02    9.014399881543e-03    2.222191612471e-03    2.957964091687e-07    2.899743899911e-07    1.065508218688e-04    6.185520505807e-06    1.514294465245e-06    5.282928337194e-06    1.268087295337e-03
  1.221854595511e-01    9.756807616478e+02    8.903152272970e-03    2.190415169266e-03    4.506849061209e-07    4.225251356111e-07    1.250588415954e-04    9.222513088913e-06    1.458063968475e-06    4.801876483736e-06    1.255356186409e-03
  1.221889159812e-01    9.859935828132e+02    8.794143675660e-03    2.159200145269e-03    6.369807885464e-07    5.728581556785e-07    1.436405438001e-04    1.276673058247e-05    1.403507673565e-06    4.346796802653e-06    1.242986467287e-03
  1.221915130983e-01    9.962566211319e+02    8.686930501427e-03    2.128415072393e-03    8.574866500879e-07    7.421338371978e-07    1.623806410421e-04    1.684690124627e-05    1.351139883997e-06    3.918619262655e-06    1.230930534613e-03
  1.221935474965e-01    1.006484995891e+03    8.581228722904e-03    2.097974617950e-03    1.115057787638e-06    9.316844896671e-07    1.813414476990e-04    2.149176951641e-05    1.301051519858e-06    3.517788511680e-06    1.219159751650e-03
  1.221951893333e-01    1.016687708285e+03    8.476827786788e-03    2.067814718208e-03    1.412583009947e-06    1.143010456265e-06    2.005746808001e-04    2.672992073828e-05    1.253203907667e-06    3.144432714837e-06    1.207654162202e-03
  1.221965445572e-01    1.026870562622e+03    8.373557314175e-03    2.037882962518e-03    1.752961978057e-06    1.377770400914e-06    2.201260808857e-04    3.258955089923e-05    1.207513691358e-06    2.798427063945e-06    1.196398505503e-03
  1.221976831883e-01    1.037037544644e+03    8.271271327282e-03    2.008134031457e-03    2.139083068866e-06    1.637771778970e-06    2.400376630166e-04    3.909826913783e-05    1.163882242107e-06    2.479420451061e-06    1.185380329490e-03
  1.221986536451e-01    1.047191520455e+03    8.169840472294e-03    1.978527492249e-03    2.573795562398e-06    1.924955461789e-06    2.603485916154e-04    4.628281638857e-05    1.122207806375e-06    2.186856078476e-06    1.174589015252e-03
  1.221994906277e-01    1.057334624983e+03    8.069147828213e-03    1.949026629986e-03    3.059879951435e-06    2.241378889010e-06    2.810955360062e-04    5.416877459547e-05    1.082389669098e-06    1.919989161305e-06    1.164015225688e-03
  1.222002197376e-01    1.067468493329e+03    7.969086534965e-03    1.919597801016e-03    3.600017149096e-06    2.589197799078e-06    3.023127684819e-04    6.278027891714e-05    1.044330239103e-06    1.677905014191e-06    1.153650571103e-03
  1.222008603256e-01    1.077594406008e+03    7.869558443775e-03    1.890210081240e-03    4.196756166698e-06    2.970644663082e-06    3.240321093344e-04    7.213972212277e-05    1.007935706880e-06    1.459538746250e-06    1.143487394875e-03
  1.222014273189e-01    1.087713384204e+03    7.770473329766e-03    1.860835072908e-03    4.852482175924e-06    3.388006632827e-06    3.462828053920e-04    8.226747909604e-05    9.731161326719e-07    1.263697174697e-06    1.133518629620e-03
  1.222019324365e-01    1.097826254399e+03    7.671748447198e-03    1.831446807815e-03    5.569384939856e-06    3.843601807914e-06    3.690913708415e-04    9.318164796977e-05    9.397853439453e-07    1.089082594748e-06    1.123737696971e-03
  1.222023850197e-01    1.107933693541e+03    7.573308284806e-03    1.802021705260e-03    6.349428392405e-06    4.339754422148e-06    3.924814169318e-04    1.048978155852e-04    9.078607405205e-07    9.343178730085e-07    1.114138435415e-03
  1.222027926149e-01    1.118036261607e+03    7.475084431789e-03    1.772538558633e-03    7.194322037190e-06    4.878769384837e-06    4.164734884165e-04    1.174288532436e-04    8.772631272377e-07    7.979721218631e-07    1.104715046556e-03
  1.222031613910e-01    1.128134425565e+03    7.377015499452e-03    1.742978534748e-03    8.105494733813e-06    5.462906680692e-06    4.410849185210e-04    1.307847471374e-04    8.479164504820e-07    6.785861473096e-07    1.095462054063e-03
  1.222034964446e-01    1.138228577274e+03    7.279047065764e-03    1.713325176347e-03    9.084071206328e-06    6.094355783022e-06    4.663297084608e-04    1.449724644362e-04    8.197478735506e-07    5.746968299599e-07    1.086374271542e-03
  1.222038020264e-01    1.148319047544e+03    7.181131607016e-03    1.683564397412e-03    1.013085203592e-05    6.775210756791e-06    4.922184426619e-04    1.599958621509e-04    7.926875229529e-07    4.848597477794e-07    1.077446776339e-03
  1.222040817123e-01    1.158406116643e+03    7.083228419215e-03    1.653684472273e-03    1.124629688063e-05    7.507446596735e-06    5.187582342932e-04    1.758556315053e-04    7.666685115985e-07    4.076693779587e-07    1.068674888360e-03
  1.222043385341e-01    1.168490023265e+03    6.985303498773e-03    1.623676009500e-03    1.243051163673e-05    8.292896599132e-06    5.459527116329e-04    1.925492853886e-04    7.416269688874e-07    3.417764240013e-07    1.060054151571e-03
  1.222045750798e-01    1.178570970621e+03    6.887329417508e-03    1.593531922489e-03    1.368323846752e-05    9.133231099790e-06    5.738020261626e-04    2.100711700468e-04    7.175019577157e-07    2.859019917070e-07    1.051580319058e-03
  1.222047935738e-01    1.188649133403e+03    6.789285098332e-03    1.563247364614e-03    1.500385159210e-05    1.002994001982e-05    6.023029279126e-04    2.284125425088e-04    6.942356384717e-07    2.388484228099e-07    1.043249338021e-03
  1.222049959384e-01    1.198724660985e+03    6.691155645044e-03    1.532819682871e-03    1.639135359602e-05    1.098431459424e-05    6.314488254064e-04    2.475616348211e-04    6.717730510919e-07    1.995069337841e-07    1.035057338697e-03
  1.222051838443e-01    1.208797681994e+03    6.592932082932e-03    1.502248339322e-03    1.784437700483e-05    1.199743353286e-05    6.612299028991e-04    2.675037725908e-04    6.500623810803e-07    1.668621324343e-07    1.027000622530e-03
  1.222053587506e-01    1.218868307429e+03    6.494611096140e-03    1.471534831039e-03    1.936118798052e-05    1.307015055143e-05    6.916332492338e-04    2.882215049964e-04    6.290549222294e-07    1.399937445327e-07    1.019075651994e-03
  1.222055219373e-01    1.228936632955e+03    6.396194750309e-03    1.440682604055e-03    2.093969282415e-05    1.420308419798e-05    7.226430027791e-04    3.096947495291e-04    6.087046832532e-07    1.180759133520e-07    1.011279041418e-03
  1.222056745323e-01    1.239002741694e+03    6.297690177795e-03    1.409696952833e-03    2.257744680752e-05    1.539661097117e-05    7.542405216106e-04    3.319009603752e-04    5.889690339384e-07    1.003744497020e-07    1.003607547784e-03
  1.222058175329e-01    1.249066705528e+03    6.199109287249e-03    1.378584928005e-03    2.427166465750e-05    1.665085862860e-05    7.864045462451e-04    3.548152883773e-04    5.698081240488e-07    8.624249307879e-08    9.960580629933e-04
  1.222059518245e-01    1.259128587018e+03    6.100468447855e-03    1.347355233368e-03    2.601923274838e-05    1.796570386242e-05    8.191113782951e-04    3.784107550588e-04    5.511849804946e-07    7.511496492834e-08    9.886276059814e-04
  1.222060781958e-01    1.269188440569e+03    6.001788182650e-03    1.316018125186e-03    2.781672249912e-05    1.934077027166e-05    8.523350579560e-04    4.026584248594e-04    5.330655210686e-07    6.650221630977e-08    9.813133157151e-04
  1.222061973512e-01    1.279246313599e+03    5.903092865194e-03    1.284585311231e-03    2.966040473257e-05    2.077542950939e-05    8.860475406052e-04    4.275275749949e-04    5.154182341642e-07    5.998320383550e-08    9.741124444961e-04
  1.222063099223e-01    1.289302247419e+03    5.804410423569e-03    1.253069850797e-03    3.154626487107e-05    2.226880310926e-05    9.202188709841e-04    4.529858622001e-04    4.982144639016e-07    5.519848939466e-08    9.670223517958e-04
  1.222064164763e-01    1.299356277962e+03    5.705772062976e-03    1.221486060443e-03    3.347001771723e-05    2.381976697676e-05    9.548173465677e-04    4.789994779179e-04    4.814279386862e-07    5.184330379888e-08    9.600404985089e-04
  1.222065175247e-01    1.309408436504e+03    5.607211993238e-03    1.189849419198e-03    3.542712396760e-05    2.542695687272e-05    9.898096789956e-04    5.055332999311e-04    4.650347481509e-07    4.966085066636e-08    9.531644415084e-04
  1.222066135294e-01    1.319458750158e+03    5.508767179019e-03    1.158176480892e-03    3.741280551488e-05    2.708877528466e-05    1.025161141915e-03    5.325510305588e-04    4.490133895617e-07    4.843599809337e-08    9.463918286872e-04
  1.222067049088e-01    1.329507242307e+03    5.410477104157e-03    1.126484789855e-03    3.942206145518e-05    2.880340016700e-05    1.060835710532e-03    5.600153252362e-04    4.333443816023e-07    4.798944267139e-08    9.397203943090e-04
  1.222067920426e-01    1.339553932921e+03    5.312383556612e-03    1.094792802532e-03    4.144968358372e-05    3.056879392641e-05    1.096796188785e-03    5.878879084332e-04    4.180104711351e-07    4.817240355766e-08    9.331479547522e-04
  1.222068752768e-01    1.349598838903e+03    5.214530431502e-03    1.063119814179e-03    4.349027196710e-05    3.238271459916e-05    1.133004325071e-03    6.161296769250e-04    4.029962112888e-07    4.886186900087e-08    9.266724044875e-04
  1.222069549267e-01    1.359641974375e+03    5.116963553687e-03    1.031485891010e-03    4.553825026628e-05    3.424272729146e-05    1.169420916104e-03    6.447007906201e-04    3.882880562842e-07    4.995639527197e-08    9.202917123848e-04
  1.222070312807e-01    1.369683350706e+03    5.019730523534e-03    9.999118093956e-04    4.758788085008e-05    3.614621692281e-05    1.206005896870e-03    6.735607486513e-04    3.738740015014e-07    5.137243934890e-08    9.140039184210e-04
  1.222071046033e-01    1.379722976831e+03    4.922880577372e-03    9.684189987295e-04    4.963327999129e-05    3.809040116741e-05    1.242718420916e-03    7.026684547005e-04    3.597438779224e-07    5.304119419196e-08    9.078071304660e-04
  1.222071751374e-01    1.389760859214e+03    4.826464473720e-03    9.370294922938e-04    5.166843289082e-05    4.007234502751e-05    1.279516925307e-03    7.319822659303e-04    3.458889196530e-07    5.490588707755e-08    9.016995215072e-04
  1.222072431071e-01    1.399797002091e+03    4.730534395110e-03    9.057658822723e-04    5.368720895613e-05    4.208897576781e-05    1.316359185399e-03    7.614600302855e-04    3.323016311110e-07    5.691949723348e-08    8.956793269233e-04
  1.222073087191e-01    1.409831407395e+03    4.635143870904e-03    8.746512806286e-04    5.568337737720e-05    4.413709783543e-05    1.353202357628e-03    7.910591106968e-04    3.189760174824e-07    5.904284731410e-08    8.897448421741e-04
  1.222073721649e-01    1.419864074816e+03    4.540347723020e-03    8.437092869362e-04    5.765062292887e-05    4.621340919181e-05    1.390003007701e-03    8.207363927063e-04    3.059072033400e-07    6.124302327280e-08    8.838944205966e-04
  1.222074336225e-01    1.429895001979e+03    4.446202015908e-03    8.129639556830e-04    5.958256346177e-05    4.831451808571e-05    1.426717136682e-03    8.504482878449e-04    2.930914627144e-07    6.349208154549e-08    8.781264713012e-04
  1.222074932577e-01    1.439924183909e+03    4.352764053872e-03    7.824397792150e-04    6.147276670929e-05    5.043695921510e-05    1.463300179150e-03    8.801507076732e-04    2.805261307314e-07    6.576599976003e-08    8.724394577127e-04
  1.222075512256e-01    1.449951614724e+03    4.260092338845e-03    7.521616544505e-04    6.331477092606e-05    5.257721279794e-05    1.499707022390e-03    9.097990544976e-04    2.682095225761e-07    6.804384151201e-08    8.668318949285e-04
  1.222076076713e-01    1.459977284810e+03    4.168246604195e-03    7.221548741189e-04    6.510210541427e-05    5.473172113191e-05    1.535891988673e-03    9.393481756001e-04    2.561408666774e-07    7.030709580431e-08    8.613023498282e-04
  1.222076627319e-01    1.470001182691e+03    4.077287884303e-03    6.924451300735e-04    6.682831106031e-05    5.689690498815e-05    1.571808784865e-03    9.687522775592e-04    2.443202408156e-07    7.253915921653e-08    8.558494388502e-04
  1.222077165367e-01    1.480023295226e+03    3.987278502472e-03    6.630584830733e-04    6.848696827682e-05    5.906918508711e-05    1.607410509329e-03    9.979648960332e-04    2.327485200875e-07    7.472495408666e-08    8.504718266077e-04
  1.222077692083e-01    1.490043606676e+03    3.898282147059e-03    6.340213620348e-04    7.007172556982e-05    6.124499873714e-05    1.642649607256e-03    1.026938809649e-03    2.214272328816e-07    7.685064258656e-08    8.451682253843e-04
  1.222078205467e-01    1.500000000264e+03    3.810905501928e-03    6.055370162157e-04    7.156726326393e-05    6.340733763347e-05    1.677263285407e-03    1.055449094138e-03    2.104265441598e-07    7.889094828141e-08    8.399695982557e-04
  1.222078716364e-01    1.510082857671e+03    3.723555268865e-03    5.770917468793e-04    7.299523087240e-05    6.559406023420e-05    1.711860122339e-03    1.083988808994e-03    1.995413817490e-07    8.087219110834e-08    8.347760373194e-04
  1.222079215919e-01    1.520097648059e+03    3.637995544006e-03    5.492656041453e-04    7.432132260160e-05    6.775954154343e-05    1.745718507740e-03    1.111954054330e-03    1.889875864968e-07    8.274425959857e-08    8.296872344077e-04
  1.222079708560e-01    1.530110551896e+03    3.553719010846e-03    5.218983400448e-04    7.554949041882e-05    6.991484380427e-05    1.779016474778e-03    1.139482079638e-03    1.786967490477e-07    8.451018056237e-08    8.246677508193e-04
  1.222080195306e-01    1.540121542307e+03    3.470797571514e-03    4.950181803759e-04    7.667429570349e-05    7.205676543094e-05    1.811702403536e-03    1.166520262075e-03    1.686732965990e-07    8.616047356690e-08    8.197165258229e-04
  1.222080677154e-01    1.550130590407e+03    3.389305117955e-03    4.686536975202e-04    7.769063583016e-05    7.418223049393e-05    1.843723675315e-03    1.193014503043e-03    1.589220709713e-07    8.768647705683e-08    8.148325427154e-04
  1.222081155085e-01    1.560137665456e+03    3.309317662368e-03    4.428338004811e-04    7.859381120835e-05    7.628830508085e-05    1.875026608300e-03    1.218909075934e-03    1.494482563526e-07    8.908039180465e-08    8.100148285689e-04
  1.222081630074e-01    1.570142735101e+03    3.230913465602e-03    4.175877190977e-04    7.937960042730e-05    7.837221249366e-05    1.905556397943e-03    1.244146470131e-03    1.402573518597e-07    9.033533575543e-08    8.052624540095e-04
  1.222082103093e-01    1.580145765745e+03    3.154173157323e-03    3.929449802484e-04    8.004434395813e-05    8.043134711407e-05    1.935257066042e-03    1.268667235198e-03    1.313551675871e-07    9.144540428256e-08    8.005745329873e-04
  1.222082575121e-01    1.590146723001e+03    3.079179840632e-03    3.689353738344e-04    8.058503661518e-05    8.246328656622e-05    1.964071423389e-03    1.292409830577e-03    1.227476926500e-07    9.240573023716e-08    7.959502225235e-04
  1.222083047142e-01    1.600145572318e+03    3.006019168420e-03    3.455889045211e-04    8.099942873074e-05    8.446580163490e-05    1.991941053814e-03    1.315310489614e-03    1.144410853894e-07    9.321253871517e-08    7.913887223527e-04
  1.222083520162e-01    1.610142279806e+03    2.934779377836e-03    3.229357257102e-04    8.128613525491e-05    8.643686364637e-05    2.018806327909e-03    1.337303108117e-03    1.064415976189e-07    9.386319145147e-08    7.868892743912e-04
  1.222083995206e-01    1.620136813182e+03    2.865551264309e-03    3.010060505432e-04    8.144475191508e-05    8.837464878800e-05    2.044606457931e-03    1.358319171444e-03    9.875550390885e-08    9.435621691572e-08    7.824511619895e-04
  1.222084473329e-01    1.630129143221e+03    2.798428068410e-03    2.798300320565e-04    8.147597760677e-05    9.027753941030e-05    2.069279609509e-03    1.378287738406e-03    9.138902136427e-08    9.469132462507e-08    7.780737087031e-04
  1.222084955617e-01    1.640119245295e+03    2.733505244295e-03    2.594376082710e-04    8.138173532462e-05    9.214412068885e-05    2.092763088056e-03    1.397135510956e-03    8.434821981582e-08    9.486939358620e-08    7.737562766219e-04
  1.222085443199e-01    1.650107101414e+03    2.670880076291e-03    2.398583026336e-04    8.116529012870e-05    9.397317279127e-05    2.114993619292e-03    1.414787012994e-03    7.763891767270e-08    9.489243502141e-08    7.694982639402e-04
  1.222085937245e-01    1.660092702542e+03    2.610651093569e-03    2.211209668936e-04    8.083135934749e-05    9.576365924574e-05    2.135907753438e-03    1.431164917133e-03    7.126655876946e-08    9.476353463272e-08    7.652991016682e-04
  1.222086438971e-01    1.670076051600e+03    2.552917213178e-03    2.032534525182e-04    8.038620366119e-05    9.751470991159e-05    2.155442432183e-03    1.446190575620e-03    6.523606874607e-08    9.448676726590e-08    7.611582490177e-04
  1.222086949646e-01    1.680057166523e+03    2.497776596573e-03    1.862822179141e-04    7.983768132892e-05    9.922559878494e-05    2.173535721835e-03    1.459784779859e-03    5.955169778884e-08    9.406707779566e-08    7.570751875912e-04
  1.222087470586e-01    1.690036084318e+03    2.445325067824e-03    1.702318204198e-04    7.919526901287e-05    1.008957177754e-04    2.190127806845e-03    1.471868849488e-03    5.421683072822e-08    9.351014941657e-08    7.530494134535e-04
  1.222088003155e-01    1.700012864736e+03    2.395654100420e-03    1.551243179201e-04    7.847001541279e-05    1.025245471812e-04    2.205162228664e-03    1.482366072995e-03    4.923378229678e-08    9.282224583629e-08    7.490804275429e-04
  1.222088548761e-01    1.709987594554e+03    2.348848277927e-03    1.409785547254e-04    7.767442061893e-05    1.041116232910e-04    2.218587424553e-03    1.491203568471e-03    4.460354477496e-08    9.201004206348e-08    7.451677236354e-04
  1.222089108844e-01    1.719960391409e+03    2.304982187200e-03    1.278093291780e-04    7.682222393329e-05    1.056565058780e-04    2.230358586522e-03    1.498314606878e-03    4.032553432287e-08    9.108045045137e-08    7.413107740719e-04
  1.222089684868e-01    1.729931406967e+03    2.264116762243e-03    1.156264571504e-04    7.592808655355e-05    1.071587480244e-04    2.240439823577e-03    1.503641394154e-03    3.639732642176e-08    9.004045181456e-08    7.375090133367e-04
  1.222090278295e-01    1.739900828854e+03    2.226295142775e-03    1.044337533630e-04    7.500716514441e-05    1.086178714589e-04    2.248806585759e-03    1.507138270059e-03    3.281436796685e-08    8.889694304709e-08    7.337618199195e-04
  1.222090890571e-01    1.749868880470e+03    2.191538218866e-03    9.422797913492e-05    7.407458292347e-05    1.100333510476e-04    2.255448245875e-03    1.508775199640e-03    2.956971832903e-08    8.765661313910e-08    7.300684974385e-04
  1.222091523090e-01    1.759835818480e+03    2.159840127868e-03    8.499782378944e-05    7.314482190922e-05    1.114046123756e-04    2.260370680966e-03    1.508541353211e-03    2.665382584097e-08    8.632585919969e-08    7.264282561666e-04
  1.222092177169e-01    1.769801926264e+03    2.131164115380e-03    7.672302158109e-05    7.223107710419e-05    1.127310459664e-04    2.263598613578e-03    1.506448460511e-03    2.405437689341e-08    8.491075193496e-08    7.228401972413e-04
  1.222092854015e-01    1.779767504966e+03    2.105439325497e-03    6.937374204303e-05    7.134463393033e-05    1.140120392827e-04    2.265177380656e-03    1.502533496344e-03    2.175625351249e-08    8.341705620564e-08    7.193033012707e-04
  1.222093554695e-01    1.789732860013e+03    2.082558896193e-03    6.291032680298e-05    7.049433620073e-05    1.152470281199e-04    2.265173923593e-03    1.496860391526e-03    1.974161591823e-08    8.185030493482e-08    7.158164237114e-04
  1.222094280113e-01    1.799698285323e+03    2.062380290302e-03    5.728361072732e-05    6.968623319404e-05    1.164355626210e-04    2.263676450409e-03    1.489520053423e-03    1.799017283541e-08    8.021592353265e-08    7.123782999642e-04
  1.222095030995e-01    1.809664049584e+03    2.044727632594e-03    5.243573634896e-05    6.892343502036e-05    1.175773834838e-04    2.260792919349e-03    1.480628828231e-03    1.647958853159e-08    7.851937960827e-08    7.089875579131e-04
  1.222095807889e-01    1.819630379910e+03    2.029396637571e-03    4.830161482312e-05    6.820623002489e-05    1.186724973054e-04    2.256648008811e-03    1.470324973599e-03    1.518606742801e-08    7.676634104642e-08    7.056427418345e-04
  1.222096611171e-01    1.829597451800e+03    2.016161587134e-03    4.481088644486e-05    6.753243379084e-05    1.197212407756e-04    2.251378889680e-03    1.458763526329e-03    1.408504302907e-08    7.496281426275e-08    7.023423424586e-04
  1.222097441070e-01    1.839565383087e+03    2.004783824123e-03    4.189024681214e-05    6.689792260816e-05    1.207243223233e-04    2.245130121624e-03    1.446109981791e-03    1.315192671921e-08    7.311523367132e-08    6.990848318058e-04
  1.222098297704e-01    1.849534233741e+03    1.995020860512e-03    3.946591341842e-05    6.629726585779e-05    1.216828322875e-04    2.238048202936e-03    1.432533475289e-03    1.236284007413e-08    7.123048647326e-08    6.958686984921e-04
  1.222099181111e-01    1.859504010908e+03    1.986635174708e-03    3.746600044411e-05    6.572436685664e-05    1.225982191171e-04    2.230276318817e-03    1.418200178591e-03    1.169526538446e-08    6.931586403322e-08    6.926924799828e-04
  1.222100091295e-01    1.869474677842e+03    1.979401859985e-03    3.582258835760e-05    6.517303264124e-05    1.234722332468e-04    2.221949782388e-03    1.403267555585e-03    1.112856100229e-08    6.737894791035e-08    6.895547888914e-04
  1.222101028257e-01    1.879446164959e+03    1.973114542437e-03    3.447333555280e-05    6.463742060182e-05    1.243068464748e-04    2.213192512194e-03    1.387879920628e-03    1.064431057609e-08    6.542744768381e-08    6.864543316368e-04
  1.222101992033e-01    1.889418381658e+03    1.967589290986e-03    3.336255623583e-05    6.411233712805e-05    1.251041581625e-04    2.204114709209e-03    1.372165508936e-03    1.022650167161e-08    6.346901521817e-08    6.833899188903e-04
  1.222102982708e-01    1.899391226614e+03    1.962666554231e-03    3.244176599750e-05    6.359339616133e-05    1.258662991640e-04    2.194811715096e-03    1.356235029042e-03    9.861547891382e-09    6.151106008228e-08    6.803604687867e-04
  1.222104000440e-01    1.909364596522e+03    1.958211385847e-03    3.166975578582e-05    6.307706456178e-05    1.265953450773e-04    2.185363895831e-03    1.340181490563e-03    9.538185962420e-09    5.956058785807e-08    6.773650040527e-04
  1.222105045466e-01    1.919338392624e+03    1.954112318144e-03    3.101228809380e-05    6.256062108358e-05    1.272932451655e-04    2.175837335915e-03    1.324081035537e-03    9.247282118681e-09    5.762407295470e-08    6.744026447395e-04
  1.222106118103e-01    1.929312524765e+03    1.950279321563e-03    3.044152801026e-05    6.204206583586e-05    1.279617713902e-04    2.166285083065e-03    1.307994439930e-03    8.981584470278e-09    5.570737337453e-08    6.714725983964e-04
  1.222107218751e-01    1.939286913906e+03    1.946641225712e-03    2.993531198608e-05    6.152000483991e-05    1.286024877455e-04    2.156748717099e-03    1.291969003528e-03    8.735451368307e-09    5.381568494082e-08    6.685741488692e-04
  1.222108347886e-01    1.949261492826e+03    1.943142935934e-03    2.947634696699e-05    6.099353076675e-05    1.292167381969e-04    2.147260043157e-03    1.276040581091e-03    8.504580615358e-09    5.195353113141e-08    6.657066450773e-04
  1.222109506055e-01    1.959236205923e+03    1.939742678475e-03    2.905140735255e-05    6.046211171813e-05    1.298056499144e-04    2.137842767866e-03    1.260235583182e-03    8.285755677534e-09    5.012477906520e-08    6.628694903536e-04
  1.222110693870e-01    1.969211008343e+03    1.936409439668e-03    2.865057947528e-05    5.992549489120e-05    1.303701474220e-04    2.128514058465e-03    1.244572827621e-03    8.076618900840e-09    4.833267690459e-08    6.600621328668e-04
  1.222111912001e-01    1.979185864665e+03    1.933120693427e-03    2.826658329555e-05    5.938362763601e-05    1.309109740776e-04    2.119285927464e-03    1.229065174963e-03    7.875477704573e-09    4.657990083901e-08    6.572840573682e-04
  1.222113161171e-01    1.989160747439e+03    1.929860460162e-03    2.789418658949e-05    5.883659559272e-05    1.314287174110e-04    2.110166416228e-03    1.213720919058e-03    7.681140193737e-09    4.486860412347e-08    6.545347783054e-04
  1.222114442149e-01    1.999135635794e+03    1.926617699406e-03    2.752971498502e-05    5.828457585767e-05    1.319238350352e-04    2.101160575705e-03    1.198544933426e-03    7.492788967785e-09    4.320048154250e-08    6.518138341969e-04
  1.222115755747e-01    2.009110514081e+03    1.923385014508e-03    2.717065312765e-05    5.772780277112e-05    1.323966797915e-04    2.092271257280e-03    1.183539591009e-03    7.309871382078e-09    4.157681427997e-08    6.491207831859e-04
  1.222117102819e-01    2.019085370696e+03    1.920157639891e-03    2.681532985951e-05    5.716654389358e-05    1.328475223910e-04    2.083499731420e-03    1.168705480015e-03    7.132027707811e-09    3.999852311770e-08    6.464551995905e-04
  1.222118484251e-01    2.029060197117e+03    1.916932665551e-03    2.646267499319e-05    5.660108355776e-05    1.332765710035e-04    2.074846161532e-03    1.154041949603e-03    6.959026983135e-09    3.846621074338e-08    6.438166712654e-04
  1.222119900969e-01    2.039034987022e+03    1.913708458014e-03    2.611203607946e-05    5.603171206393e-05    1.336839875146e-04    2.066309957935e-03    1.139547515583e-03    6.790725834194e-09    3.698020423684e-08    6.412047976481e-04
  1.222121353929e-01    2.049009735708e+03    1.910484241577e-03    2.576304481928e-05    5.545871884666e-05    1.340699003922e-04    2.057890033746e-03    1.125220152257e-03    6.627037185191e-09    3.554059003598e-08    6.386191882995e-04
  1.222122844122e-01    2.058984439630e+03    1.907259792594e-03    2.541551856481e-05    5.488238840353e-05    1.344344150774e-04    2.049584991594e-03    1.111057504198e-03    6.467908437374e-09    3.414724591161e-08    6.360594618092e-04
  1.222124372574e-01    2.068959095974e+03    1.904035234478e-03    2.506939378006e-05    5.430299801613e-05    1.347776214223e-04    2.041393248811e-03    1.097057027600e-03    6.313307146089e-09    3.279986862334e-08    6.335252450446e-04
  1.222125940344e-01    2.078933702367e+03    1.900810896057e-03    2.472467961858e-05    5.372081663004e-05    1.350995992549e-04    2.033313123764e-03    1.083216087116e-03    6.163211387449e-09    3.149799794574e-08    6.310161725847e-04
  1.222127548524e-01    2.088908256745e+03    1.897587218700e-03    2.438142717525e-05    5.313610443414e-05    1.354004223100e-04    2.025342892224e-03    1.069532018592e-03    6.017603778656e-09    3.024104137328e-08    6.285318862803e-04
  1.222129198243e-01    2.098882757195e+03    1.894364697003e-03    2.403970962371e-05    5.254911284453e-05    1.356801609258e-04    2.017480823250e-03    1.056002168656e-03    5.876467720688e-09    2.902829073474e-08    6.260720349401e-04
  1.222130890669e-01    2.108857201866e+03    1.891143842333e-03    2.369960981583e-05    5.196008472094e-05    1.359388838410e-04    2.009725201023e-03    1.042623918456e-03    5.739785423732e-09    2.785894082460e-08    6.236362740746e-04
  1.222132627004e-01    2.118831588896e+03    1.887925161271e-03    2.336121283044e-05    5.136925465789e-05    1.361766593178e-04    2.002074337568e-03    1.029394697224e-03    5.607536837134e-09    2.673210710049e-08    6.212242656924e-04
  1.222134408493e-01    2.128805916394e+03    1.884709143807e-03    2.302460172270e-05    5.077684936066e-05    1.363935558741e-04    1.994526579470e-03    1.016311989073e-03    5.479699197783e-09    2.564683427248e-08    6.188356781159e-04
  1.222136236420e-01    2.138780182413e+03    1.881496257372e-03    2.268985528083e-05    5.018308798711e-05    1.365896426653e-04    1.987080311021e-03    1.003373335919e-03    5.356247139222e-09    2.460211680084e-08    6.164701858230e-04
  1.222138112113e-01    2.148754384917e+03    1.878286944452e-03    2.235704698828e-05    4.958818249420e-05    1.367649897054e-04    1.979733955206e-03    9.905763380020e-04    5.237152713289e-09    2.359690418358e-08    6.141274693045e-04
  1.222140036945e-01    2.158728521819e+03    1.875081622238e-03    2.202624469060e-05    4.899233796681e-05    1.369196679650e-04    1.972485973377e-03    9.779186529598e-04    5.122385851736e-09    2.263011555845e-08    6.118072149147e-04
  1.222142012335e-01    2.168702590962e+03    1.871880683493e-03    2.169751067752e-05    4.839575294651e-05    1.370537494159e-04    1.965334864238e-03    9.653979942129e-04    5.011914520521e-09    2.170064478165e-08    6.095091147427e-04
  1.222144039751e-01    2.178676589713e+03    1.868684497232e-03    2.137090182769e-05    4.779861960879e-05    1.371673068931e-04    1.958279163373e-03    9.530121301787e-04    4.905705140846e-09    2.080737091193e-08    6.072328665784e-04
  1.222146120713e-01    2.188650515851e+03    1.865493410727e-03    2.104647002828e-05    4.720112415128e-05    1.372604142066e-04    1.951317440715e-03    9.407588804777e-04    4.803722887972e-09    1.994916507732e-08    6.049781735849e-04
  1.222148256791e-01    2.198624366732e+03    1.862307750907e-03    2.072426255341e-05    4.660344698351e-05    1.373331459977e-04    1.944448299979e-03    9.286361153982e-04    4.705931978577e-09    1.912489596211e-08    6.027447443676e-04
  1.222150449615e-01    2.208598139802e+03    1.859127826121e-03    2.040432242452e-05    4.600576306176e-05    1.373855778328e-04    1.937670376660e-03    9.166417529084e-04    4.612295948310e-09    1.833343599575e-08    6.005322927410e-04
  1.222152700870e-01    2.218571832151e+03    1.855953926510e-03    2.008668868389e-05    4.540824187609e-05    1.374177858273e-04    1.930982337794e-03    9.047737584670e-04    4.522777851185e-09    1.757366598284e-08    5.983405377092e-04
  1.222155012304e-01    2.228545440781e+03    1.852786326063e-03    1.977139673868e-05    4.481104786088e-05    1.374298468555e-04    1.924382880047e-03    8.930301421454e-04    4.437340459910e-09    1.684447899081e-08    5.961692032999e-04
  1.222157385727e-01    2.238518962595e+03    1.849625283491e-03    1.945847865708e-05    4.421434050669e-05    1.374218383992e-04    1.917870728756e-03    8.814089573360e-04    4.355946463334e-09    1.614478341938e-08    5.940180184542e-04
  1.222159823018e-01    2.248492394264e+03    1.846471043295e-03    1.914796343415e-05    4.361827455077e-05    1.373938384737e-04    1.911444636991e-03    8.699082994375e-04    4.278558594916e-09    1.547350635644e-08    5.918867169483e-04
  1.222162326126e-01    2.258465732314e+03    1.843323836749e-03    1.883987722770e-05    4.302300015921e-05    1.373459255970e-04    1.905103384490e-03    8.585263042943e-04    4.205139773321e-09    1.482959722305e-08    5.897750372711e-04
  1.222164897073e-01    2.268438973092e+03    1.840183882753e-03    1.853424358238e-05    4.242866308607e-05    1.372781787223e-04    1.898845776768e-03    8.472611469328e-04    4.135653121137e-09    1.421202704594e-08    5.876827225281e-04
  1.222167537960e-01    2.278412112715e+03    1.837051388654e-03    1.823108363237e-05    4.183540483096e-05    1.371906771824e-04    1.892670644279e-03    8.361110403705e-04    4.070062172967e-09    1.361979275222e-08    5.856095203519e-04
  1.222170250970e-01    2.288385147032e+03    1.833926550996e-03    1.793041628381e-05    4.124336279436e-05    1.370835006464e-04    1.886576841624e-03    8.250742344592e-04    4.008330806898e-09    1.305191686021e-08    5.835551828132e-04
  1.222173038373e-01    2.298358071704e+03    1.830809556040e-03    1.763225836730e-05    4.065267038678e-05    1.369567290224e-04    1.880563246822e-03    8.141490147747e-04    3.950423354776e-09    1.250744928248e-08    5.815194663086e-04
  1.222175902530e-01    2.308330882081e+03    1.827700580668e-03    1.733662482129e-05    4.006345721952e-05    1.368104424853e-04    1.874628760480e-03    8.033337014651e-04    3.896304595399e-09    1.198546746712e-08    5.795021314922e-04
  1.222178845896e-01    2.318303573221e+03    1.824599792819e-03    1.704352882493e-05    3.947584920263e-05    1.366447213944e-04    1.868772305170e-03    7.926266483344e-04    3.845939741005e-09    1.148507673686e-08    5.775029431805e-04
  1.222181871033e-01    2.328276140065e+03    1.821507352041e-03    1.675298192421e-05    3.888996867842e-05    1.364596462743e-04    1.862992824607e-03    7.820262415961e-04    3.799294515678e-09    1.100541209385e-08    5.755216702281e-04
  1.222184980607e-01    2.338248576696e+03    1.818423409754e-03    1.646499417217e-05    3.830593449262e-05    1.362552975698e-04    1.857289283750e-03    7.715309002075e-04    3.756335019543e-09    1.054563568732e-08    5.735580855827e-04
  1.222188177401e-01    2.348220877219e+03    1.815348110267e-03    1.617957416580e-05    3.772386221951e-05    1.360317560329e-04    1.851660667236e-03    7.611390730699e-04    3.717027755832e-09    1.010493902630e-08    5.716119660427e-04
  1.222191464318e-01    2.358193035366e+03    1.812281590671e-03    1.589672930042e-05    3.714386414988e-05    1.357891022189e-04    1.846105979287e-03    7.508492395176e-04    3.681339605628e-09    9.682541464983e-09    5.696830922274e-04
  1.222194844394e-01    2.368165044253e+03    1.809223981538e-03    1.561646571348e-05    3.656604948675e-05    1.355274167784e-04    1.840624243263e-03    7.406599082513e-04    3.649237742538e-09    9.277691214401e-09    5.677712485592e-04
  1.222198320799e-01    2.378136896562e+03    1.806175407177e-03    1.533878846366e-05    3.599052439969e-05    1.352467802515e-04    1.835214501025e-03    7.305696165643e-04    3.620689573269e-09    8.889663075202e-09    5.658762231414e-04
  1.222201896854e-01    2.388108584172e+03    1.803135986002e-03    1.506370158024e-05    3.541739213520e-05    1.349472730517e-04    1.829875812715e-03    7.205769299603e-04    3.595662678201e-09    8.517759575001e-09    5.639978077518e-04
  1.222205576037e-01    2.398080098726e+03    1.800105830869e-03    1.479120813869e-05    3.484675311144e-05    1.346289754945e-04    1.824607255822e-03    7.106804406760e-04    3.574124719752e-09    8.161309511163e-09    5.621357976595e-04
  1.222209361993e-01    2.408051430938e+03    1.797085049495e-03    1.452131036329e-05    3.427870502581e-05    1.342919677351e-04    1.819407925127e-03    7.008787677859e-04    3.556043346099e-09    7.819667245619e-09    5.602899916767e-04
  1.222213258552e-01    2.418022570963e+03    1.794073744536e-03    1.425400965413e-05    3.371334291057e-05    1.339363297125e-04    1.814276932131e-03    6.911705561899e-04    3.541386179215e-09    7.492214029041e-09    5.584601920175e-04
  1.222217269737e-01    2.427993508064e+03    1.791072014145e-03    1.398930668998e-05    3.315075926397e-05    1.335621412055e-04    1.809213404628e-03    6.815544761215e-04    3.530120530029e-09    7.178353088208e-09    5.566462042847e-04
  1.222221399782e-01    2.437964230604e+03    1.788079951964e-03    1.372720145661e-05    3.259104409155e-05    1.331694816992e-04    1.804216486484e-03    6.720292227350e-04    3.522213543661e-09    6.877513937921e-09    5.548478374008e-04
  1.222225653148e-01    2.447934725982e+03    1.785097647532e-03    1.346769331440e-05    3.203428500980e-05    1.327584304363e-04    1.799285337138e-03    6.625935153877e-04    3.517631879612e-09    6.589148313339e-09    5.530649035481e-04
  1.222230034542e-01    2.457904980514e+03    1.782125186495e-03    1.321078105025e-05    3.148056732039e-05    1.323290663801e-04    1.794419131291e-03    6.532460971873e-04    3.516341666383e-09    6.312729899196e-09    5.512972181209e-04
  1.222234548939e-01    2.467874979320e+03    1.779162650833e-03    1.295646292551e-05    3.092997408675e-05    1.318814681974e-04    1.789617058575e-03    6.439857345151e-04    3.518308434494e-09    6.047754829674e-09    5.495445996769e-04
  1.222239201602e-01    2.477844706255e+03    1.776210119081e-03    1.270473672133e-05    3.038258620856e-05    1.314157142497e-04    1.784878323197e-03    6.348112165061e-04    3.523496916699e-09    5.793740066260e-09    5.478068698811e-04
  1.222243998113e-01    2.487814143519e+03    1.773267666570e-03    1.245559978559e-05    2.983848249924e-05    1.309318825715e-04    1.780202143799e-03    6.257213548860e-04    3.531870947921e-09    5.550222608341e-09    5.460838535077e-04
  1.222248944399e-01    2.497783271914e+03    1.770335365577e-03    1.220904906488e-05    2.929773974677e-05    1.304300508691e-04    1.775587752931e-03    6.167149831286e-04    3.543393328851e-09    5.316758997681e-09    5.443753783280e-04
  1.222254046764e-01    2.507752070304e+03    1.767413285612e-03    1.196508115488e-05    2.876043279719e-05    1.299102965312e-04    1.771034396959e-03    6.077909564428e-04    3.558025685089e-09    5.092924531725e-09    5.426812751382e-04
  1.222259311931e-01    2.517720515648e+03    1.764501493545e-03    1.172369232637e-05    2.822663461234e-05    1.293726966134e-04    1.766541335714e-03    5.989481512109e-04    3.575728322093e-09    4.878312577054e-09    5.410013776872e-04
  1.222264747080e-01    2.527688582591e+03    1.761600053859e-03    1.148487857071e-05    2.769641634625e-05    1.288173278449e-04    1.762107842329e-03    5.901854648502e-04    3.596460114419e-09    4.672534083285e-09    5.393355226805e-04
  1.222270359900e-01    2.537656243320e+03    1.758709028814e-03    1.124863562418e-05    2.716984740637e-05    1.282442666430e-04    1.757733202974e-03    5.815018154118e-04    3.620178271939e-09    4.475216041027e-09    5.376835497390e-04
  1.222276158640e-01    2.547623467239e+03    1.755828478669e-03    1.101495900450e-05    2.664699552168e-05    1.276535891252e-04    1.753416716658e-03    5.728961413610e-04    3.646838317814e-09    4.286002564710e-09    5.360453013877e-04
  1.222282152175e-01    2.557590220582e+03    1.752958461891e-03    1.078384404263e-05    2.612792681127e-05    1.270453711353e-04    1.749157695066e-03    5.643674014083e-04    3.676393785054e-09    4.104551745665e-09    5.344206230525e-04
  1.222288350076e-01    2.567556466473e+03    1.750099035285e-03    1.055528590072e-05    2.561270583323e-05    1.264196882769e-04    1.744955462167e-03    5.559145739318e-04    3.708796174286e-09    3.930537532491e-09    5.328093629850e-04
  1.222294762694e-01    2.577522163441e+03    1.747250254410e-03    1.032927962955e-05    2.510139569416e-05    1.257766159524e-04    1.740809354572e-03    5.475366578428e-04    3.743994736122e-09    3.763647553718e-09    5.312113724338e-04
  1.222301401259e-01    2.587487266092e+03    1.744412173553e-03    1.010582016593e-05    2.459405806009e-05    1.251162293849e-04    1.736718720872e-03    5.392326714132e-04    3.781936322001e-09    3.603583061923e-09    5.296265054688e-04
  1.222308277987e-01    2.597451723545e+03    1.741584846129e-03    9.884902382912e-06    2.409075326403e-05    1.244386035751e-04    1.732682922146e-03    5.310016531840e-04    3.822565217019e-09    3.450058302801e-09    5.280546191660e-04
  1.222315406214e-01    2.607415480271e+03    1.738768324903e-03    9.666521075465e-06    2.359154033459e-05    1.237438137544e-04    1.728701330727e-03    5.228426604163e-04    3.865822955321e-09    3.302800145668e-09    5.264955733926e-04
  1.222322800543e-01    2.617378473259e+03    1.735962662309e-03    9.450671067191e-06    2.309647713212e-05    1.230319350058e-04    1.724773331591e-03    5.147547714625e-04    3.911648139527e-09    3.161546612317e-09    5.249492311812e-04
  1.222330477031e-01    2.627340632563e+03    1.733167910653e-03    9.237347170883e-06    2.260562036307e-05    1.223030426105e-04    1.720898321477e-03    5.067370844247e-04    3.959976316631e-09    3.026048356138e-09    5.234154585673e-04
  1.222338453396e-01    2.637301879446e+03    1.730384122623e-03    9.026544250634e-06    2.211902569233e-05    1.215572121179e-04    1.717075709347e-03    4.987887181495e-04    4.010739731602e-09    2.896065877310e-09    5.218941247971e-04
  1.222346749270e-01    2.647262126615e+03    1.727611351310e-03    8.818257214480e-06    2.163674777445e-05    1.207945195482e-04    1.713304915676e-03    4.909088114848e-04    4.063867174130e-09    2.771370581412e-09    5.203851021953e-04
  1.222355386502e-01    2.657221274029e+03    1.724849651231e-03    8.612481121172e-06    2.115884044513e-05    1.200150415125e-04    1.709585373935e-03    4.830965261457e-04    4.119283793048e-09    2.651743826143e-09    5.188882667196e-04
  1.222364389522e-01    2.667179209768e+03    1.722099078316e-03    8.409211143304e-06    2.068535670463e-05    1.192188554787e-04    1.705916529572e-03    4.753510451486e-04    4.176910891025e-09    2.536976467019e-09    5.174034977269e-04
  1.222373785785e-01    2.677135805487e+03    1.719359690884e-03    8.208442668645e-06    2.021634893744e-05    1.184060399425e-04    1.702297841479e-03    4.676715759878e-04    4.236665750380e-09    2.426868607769e-09    5.159306785458e-04
  1.222383606304e-01    2.687090917276e+03    1.716631549830e-03    8.010171250144e-06    1.975186886954e-05    1.175766750192e-04    1.698728780652e-03    4.600573487854e-04    4.298461382465e-09    2.321228963414e-09    5.144696962283e-04
  1.222393886321e-01    2.697044376704e+03    1.713914720457e-03    7.814392829546e-06    1.929196797500e-05    1.167308425076e-04    1.695208833575e-03    4.525076229894e-04    4.362206402199e-09    2.219874775147e-09    5.130204427442e-04
  1.222404666127e-01    2.706995993046e+03    1.711209272251e-03    7.621103601548e-06    1.883669736650e-05    1.158686266398e-04    1.691737500087e-03    4.450216842916e-04    4.427804745084e-09    2.122631242963e-09    5.115828144913e-04
  1.222415992099e-01    2.716945543334e+03    1.708515281322e-03    7.430300252601e-06    1.838610819237e-05    1.149901147126e-04    1.688314296517e-03    4.375988513933e-04    4.495155471167e-09    2.029331262842e-09    5.101567135834e-04
  1.222427918018e-01    2.726892768846e+03    1.705832831306e-03    7.241979957726e-06    1.794025176879e-05    1.140953978033e-04    1.684938755937e-03    4.302384773677e-04    4.564152539243e-09    1.939815111069e-09    5.087420481556e-04
  1.222440506750e-01    2.736837365450e+03    1.703162015723e-03    7.056140539995e-06    1.749917994070e-05    1.131845718783e-04    1.681610430513e-03    4.229399556712e-04    4.634684558234e-09    1.853930155404e-09    5.073387335115e-04
  1.222453832447e-01    2.746778972713e+03    1.700502940803e-03    6.872780632099e-06    1.706294546524e-05    1.122577391571e-04    1.678328894032e-03    4.157027264712e-04    4.706634524567e-09    1.771530546875e-09    5.059466934023e-04
  1.222467983418e-01    2.756717162144e+03    1.697855728115e-03    6.691899788287e-06    1.663160243538e-05    1.113150097890e-04    1.675093744262e-03    4.085262837291e-04    4.779879548240e-09    1.692477046317e-09    5.045658613267e-04
  1.222483066017e-01    2.766651414989e+03    1.695220520369e-03    6.513498875800e-06    1.620520705267e-05    1.103565043988e-04    1.671904608642e-03    4.014101888124e-04    4.854290529900e-09    1.616636724650e-09    5.031961832498e-04
  1.222499209940e-01    2.776581098206e+03    1.692597487152e-03    6.337580348678e-06    1.578381845310e-05    1.093823571822e-04    1.668761149924e-03    3.943540851112e-04    4.929731805932e-09    1.543882844660e-09    5.018376204127e-04
  1.222516575589e-01    2.786505430199e+03    1.689986833442e-03    6.164148717032e-06    1.536749985936e-05    1.083927203676e-04    1.665663074266e-03    3.873577189179e-04    5.006060717162e-09    1.474094695170e-09    5.004901533995e-04
  1.222535364606e-01    2.796423427036e+03    1.687388812828e-03    5.993211324555e-06    1.495632045338e-05    1.073877707211e-04    1.662610144669e-03    3.804209730909e-04    5.083127081230e-09    1.407157518749e-09    4.991537886283e-04
  1.222555835302e-01    2.806333831737e+03    1.684803744680e-03    5.824779268296e-06    1.455035776844e-05    1.063677185272e-04    1.659602198129e-03    3.735439108820e-04    5.160772519672e-09    1.342962619802e-09    4.978285667865e-04
  1.222578326069e-01    2.816234997555e+03    1.682232043194e-03    5.658869084144e-06    1.414970167098e-05    1.053328218576e-04    1.656639174996e-03    3.667268487869e-04    5.238829484406e-09    1.281407523418e-09    4.965145769909e-04
  1.222603292198e-01    2.826124717432e+03    1.679674259200e-03    5.495505026701e-06    1.375446016407e-05    1.042834079940e-04    1.653721161139e-03    3.599704629466e-04    5.317119897302e-09    1.222396306157e-09    4.952119773286e-04
  1.222631366487e-01    2.835999934994e+03    1.677131151341e-03    5.334723130938e-06    1.336476929334e-05    1.032199091912e-04    1.650848460216e-03    3.532759707602e-04    5.395452993245e-09    1.165840656836e-09    4.939210298749e-04
  1.222663464996e-01    2.845856242934e+03    1.674603809683e-03    5.176578228226e-06    1.298081038328e-05    1.021429241481e-04    1.648021720359e-03    3.466454464761e-04    5.473621655896e-09    1.111661518440e-09    4.926421616426e-04
  1.222700984983e-01    2.855686965395e+03    1.672093882110e-03    5.021156737703e-06    1.260284160354e-05    1.010533309084e-04    1.645242165850e-03    3.400823990457e-04    5.551395803194e-09    1.059792368574e-09    4.913760761704e-04
  1.222746211826e-01    2.865481264888e+03    1.669604042312e-03    4.868603412597e-06    1.223126345495e-05    9.995251837078e-05    1.642512077801e-03    3.335929678912e-04    5.628508852813e-09    1.010186503226e-09    4.901239844007e-04
  1.222803270082e-01    2.875219827848e+03    1.667139056867e-03    4.719182195915e-06    1.186676842177e-05    9.884291277085e-05    1.639835893387e-03    3.271886519953e-04    5.704626757909e-09    9.628337839678e-10    4.888881316367e-04
  1.222880808749e-01    2.884862934742e+03    1.664708739633e-03    4.573445625588e-06    1.151075675219e-05    9.772942782875e-05    1.637223257874e-03    3.208938736634e-04    5.779262043975e-09    9.178078429665e-10    4.876732577349e-04
  1.223002413144e-01    2.894306264415e+03    1.662338911034e-03    4.432865145645e-06    1.116688332884e-05    9.662481757432e-05    1.634700379163e-03    3.147740562945e-04    5.851452995386e-09    8.754435355727e-10    4.864920178197e-04
  1.223289841372e-01    2.903072400663e+03    1.660148011638e-03    4.304254953888e-06    1.085191038402e-05    9.558688029026e-05    1.632389673940e-03    3.091320947348e-04    5.917505045468e-09    8.375928980245e-10    4.854029124215e-04
  1.246269849615e-01    2.905847550539e+03    1.659456228907e-03    4.263918562427e-06    1.075305178483e-05    9.525578244503e-05    1.631664385875e-03    3.073537396762e-04    5.938196608194e-09    8.258982659536e-10    4.850596070610e-04
  1.346269849615e-01    2.905847550539e+03    1.659456228907e-03    4.263918562433e-06    1.075305178485e-05    9.525578244509e-05    1.631664385875e-03    3.073537396765e-04    5.938196608190e-09    8.258982659556e-10    4.850596070611e-04
  1.446269849615e-01    2.905847550539e+03    1.659456228907e-03    4.263918562433e-06    1.075305178485e-05    9.525578244509e-05    1.631664385875e-03    3.073537396765e-04    5.938196608190e-09    8.258982659556e-10    4.850596070611e-04
  1.546269849615e-01    2.905847550539e+03    1.659456228907e-03    4.263918562433e-06    1.075305178485e-05    9.525578244509e-05    1.631664385875e-03    3.073537396765e-04    5.938196608190e-09    8.258982659556e-10    4.850596070611e-04
  1.646269849615e-01    2.905847550539e+03    1.659456228907e-03    4.263918562433e-06    1.075305178485e-05    9.525578244509e-05    1.631664385875e-03    3.073537396765e-04    5.938196608190e-09    8.258982659556e-10    4.850596070611e-04
  1.746269849615e-01    2.905847550539e+03    1.659456228907e-03    4.263918562433e-06    1.075305178485e-05    9.525578244509e-05    1.631664385875e-03    3.073537396765e-04    5.938196608190e-09    8.258982659556e-10    4.850596070611e-04
  1.846269849615e-01    2.905847550539e+03    1.659456228907e-03    4.263918562433e-06    1.075305178485e-05    9.525578244509e-05    1.631664385875e-03    3.073537396765e-04    5.938196608190e-09    8.258982659556e-10    4.850596070611e-04
  1.946269849615e-01    2.905847550539e+03    1.659456228907e-03    4.263918562433e-06    1.075305178485e-05    9.525578244509e-05    1.631664385875e-03    3.073537396765e-04    5.938196608190e-09    8.258982659556e-10    4.850596070611e-04
  2.046269849615e-01    2.905847550539e+03    1.659456228907e-03    4.263918562433e-06    1.075305178485e-05    9.525578244509e-05    1.631664385875e-03    3.073537396765e-04    5.938196608190e-09    8.258982659556e-10    4.850596070611e-04
  2.146269849615e-01    2.905847550539e+03    1.659456228907e-03    4.263918562433e-06    1.075305178485e-05    9.525578244509e-05    1.631664385875e-03    3.073537396765e-04    5.938196608190e-09    8.258982659556e-10    4.850596070611e-04
  2.246269849615e-01    2.905847550539e+03    1.659456228907e-03    4.263918562433e-06    1.075305178485e-05    9.525578244509e-05    1.631664385875e-03    3.073537396765e-04    5.938196608190e-09    8.258982659556e-10    4.850596070611e-04
  2.346269849615e-01    2.905847550539e+03    1.659456228907e-03    4.263918562433e-06    1.075305178485e-05    9.525578244509e-05    1.631664385875e-03    3.073537396765e-04    5.938196608190e-09    8.258982659556e-10    4.850596070611e-04
  2.446269849615e-01    2.905847550539e+03    1.659456228907e-03    4.263918562433e-06    1.075305178485e-05    9.525578244509e-05    1.631664385875e-03    3.073537396765e-04    5.938196608190e-09    8.258982659556e-10    4.850596070611e-04
  2.546269849615e-01    2.905847550539e+03    1.659456228907e-03    4.263918562433e-06    1.075305178485e-05    9.525578244509e-05    1.631664385875e-03    3.073537396765e-04    5.938196608190e-09    8.258982659556e-10    4.850596070611e-04
  2.646269849615e-01    2.905847550539e+03    1.659456228907e-03    4.263918562433e-06    1.075305178485e-05    9.525578244509e-05    1.631664385875e-03    3.073537396765e-04    5.938196608190e-09    8.258982659556e-10    4.850596070611e-04
  2.746269849615e-01    2.905847550539e+03    1.659456228907e-03    4.263918562433e-06    1.075305178485e-05    9.525578244509e-05    1.631664385875e-03    3.073537396765e-04    5.938196608190e-09    8.258982659556e-10    4.850596070611e-04
  2.846269849615e-01    2.905847550539e+03    1.659456228907e-03    4.263918562433e-06    1.075305178485e-05    9.525578244509e-05    1.631664385875e-03    3.073537396765e-04    5.938196608190e-09    8.258982659556e-10    4.850596070611e-04
  2.946269849615e-01    2.905847550539e+03    1.659456228907e-03    4.263918562434e-06    1.075305178485e-05    9.525578244509e-05    1.631664385875e-03    3.073537396765e-04    5.938196608190e-09    8.258982659556e-10    4.850596070611e-04
  3.046269849615e-01    2.905847550539e+03    1.659456228907e-03    4.263918562434e-06    1.075305178485e-05    9.525578244509e-05    1.631664385875e-03    3.073537396765e-04    5.938196608190e-09    8.258982659556e-10    4.850596070611e-04
  3.146269849615e-01    2.905847550539e+03    1.659456228907e-03    4.263918562434e-06    1.075305178485e-05    9.525578244509e-05    1.631664385875e-03    3.073537396765e-04    5.938196608190e-09    8.258982659556e-10    4.850596070611e-04
  3.246269849615e-01    2.905847550539e+03    1.659456228907e-03    4.263918562434e-06    1.075305178485e-05    9.525578244509e-05    1.631664385875e-03    3.073537396765e-04    5.938196608190e-09    8.258982659556e-10    4.850596070611e-04
  3.346269849615e-01    2.905847550539e+03    1.659456228907e-03    4.263918562434e-06    1.075305178485e-05    9.525578244509e-05    1.631664385875e-03    3.073537396765e-04    5.938196608190e-09    8.258982659556e-10    4.850596070611e-04
  3.446269849615e-01    2.905847550539e+03    1.659456228907e-03    4.263918562434e-06    1.075305178485e-05    9.525578244509e-05    1.631664385875e-03    3.073537396765e-04    5.938196608190e-09    8.258982659556e-10    4.850596070611e-04
  3.546269849615e-01    2.905847550539e+03    1.659456228907e-03    4.263918562434e-06    1.075305178485e-05    9.525578244509e-05    1.631664385875e-03    3.073537396765e-04    5.938196608190e-09    8.258982659556e-10    4.850596070611e-04
  3.646269849615e-01    2.905847550539e+03    1.659456228907e-03    4.263918562434e-06    1.075305178485e-05    9.525578244509e-05    1.631664385875e-03    3.073537396765e-04    5.938196608190e-09    8.258982659556e-10    4.850596070611e-04
  3.746269849615e-01    2.905847550539e+03    1.659456228907e-03    4.263918562434e-06    1.075305178485e-05    9.525578244509e-05    1.631664385875e-03    3.073537396765e-04    5.938196608190e-09    8.258982659556e-10    4.850596070611e-04
  3.846269849615e-01    2.905847550539e+03    1.659456228907e-03    4.263918562434e-06    1.075305178485e-05    9.525578244509e-05    1.631664385875e-03    3.073537396765e-04    5.938196608190e-09    8.258982659556e-10    4.850596070611e-04
  3.946269849615e-01    2.905847550539e+03    1.659456228907e-03    4.263918562434e-06    1.075305178485e-05    9.525578244509e-05    1.631664385875e-03    3.073537396765e-04    5.938196608191e-09    8.258982659556e-10    4.850596070611e-04
  4.046269849615e-01    2.905847550539e+03    1.659456228907e-03    4.263918562434e-06    1.075305178485e-05    9.525578244509e-05    1.631664385875e-03    3.073537396765e-04    5.938196608191e-09    8.258982659556e-10    4.850596070611e-04
  4.146269849615e-01    2.905847550539e+03    1.659456228907e-03    4.263918562434e-06    1.075305178485e-05    9.525578244509e-05    1.631664385875e-03    3.073537396765e-04    5.938196608191e-09    8.258982659556e-10    4.850596070611e-04
  4.246269849615e-01    2.905847550539e+03    1.659456228907e-03    4.263918562434e-06    1.075305178485e-05    9.525578244509e-05    1.631664385875e-03    3.073537396765e-04    5.938196608191e-09    8.258982659556e-10    4.850596070611e-04
  4.346269849615e-01    2.905847550539e+03    1.659456228907e-03    4.263918562434e-06    1.075305178485e-05    9.525578244509e-05    1.631664385875e-03    3.073537396765e-04    5.938196608191e-09    8.258982659556e-10    4.850596070611e-04
  4.446269849615e-01    2.905847550539e+03    1.659456228907e-03    4.263918562434e-06    1.075305178485e-05    9.525578244509e-05    1.631664385875e-03    3.073537396765e-04    5.938196608191e-09    8.258982659556e-10    4.850596070611e-04
  4.546269849615e-01    2.905847550539e+03    1.659456228907e-03    4.263918562434e-06    1.075305178485e-05    9.525578244509e-05    1.631664385875e-03    3.073537396765e-04    5.938196608191e-09    8.258982659556e-10    4.850596070611e-04
  4.646269849615e-01    2.905847550539e+03    1.659456228907e-03    4.263918562434e-06    1.075305178485e-05    9.525578244509e-05    1.631664385875e-03    3.073537396765e-04    5.938196608191e-09    8.258982659556e-10    4.850596070611e-04
  4.746269849615e-01    2.905847550539e+03    1.659456228907e-03    4.263918562434e-06    1.075305178485e-05    9.525578244509e-05    1.631664385875e-03    3.073537396765e-04    5.938196608191e-09    8.258982659556e-10    4.850596070611e-04
  4.846269849615e-01    2.905847550539e+03    1.659456228907e-03    4.263918562434e-06    1.075305178485e-05    9.525578244509e-05    1.631664385875e-03    3.073537396765e-04    5.938196608191e-09    8.258982659556e-10    4.850596070611e-04
  4.946269849615e-01    2.905847550539e+03    1.659456228907e-03    4.263918562434e-06    1.075305178485e-05    9.525578244509e-05    1.631664385875e-03    3.073537396765e-04    5.938196608191e-09    8.258982659556e-10    4.850596070611e-04
  5.046269849615e-01    2.905847550539e+03    1.659456228907e-03    4.263918562434e-06    1.075305178485e-05    9.525578244509e-05    1.631664385875e-03    3.073537396765e-04    5.938196608191e-09    8.258982659556e-10    4.850596070611e-04
  5.146269849615e-01    2.905847550539e+03    1.659456228907e-03    4.263918562434e-06    1.075305178485e-05    9.525578244509e-05    1.631664385875e-03    3.073537396765e-04    5.938196608191e-09    8.258982659556e-10    4.850596070611e-04
  5.246269849615e-01    2.905847550539e+03    1.659456228907e-03    4.263918562434e-06    1.075305178485e-05    9.525578244509e-05    1.631664385875e-03    3.073537396765e-04    5.938196608191e-09    8.258982659556e-10    4.850596070611e-04
  5.346269849615e-01    2.905847550539e+03    1.659456228907e-03    4.263918562434e-06    1.075305178485e-05    9.525578244509e-05    1.631664385875e-03    3.073537396765e-04    5.938196608191e-09    8.258982659556e-10    4.850596070611e-04
  5.446269849615e-01    2.905847550539e+03    1.659456228907e-03    4.263918562434e-06    1.075305178485e-05    9.525578244509e-05    1.631664385875e-03    3.073537396765e-04    5.938196608191e-09    8.258982659556e-10    4.850596070611e-04
  5.546269849615e-01    2.905847550539e+03    1.659456228907e-03    4.263918562434e-06    1.075305178485e-05    9.525578244509e-05    1.631664385875e-03    3.073537396765e-04    5.938196608191e-09    8.258982659556e-10    4.850596070611e-04
  5.646269849615e-01    2.905847550539e+03    1.659456228907e-03    4.263918562434e-06    1.075305178485e-05    9.525578244509e-05    1.631664385875e-03    3.073537396765e-04    5.938196608191e-09    8.258982659556e-10    4.850596070611e-04
  5.746269849615e-01    2.905847550539e+03    1.659456228907e-03    4.263918562434e-06    1.075305178485e-05    9.525578244509e-05    1.631664385875e-03    3.073537396765e-04    5.938196608191e-09    8.258982659556e-10    4.850596070611e-04
  5.846269849615e-01    2.905847550539e+03    1.659456228907e-03    4.263918562434e-06    1.075305178485e-05    9.525578244509e-05    1.631664385875e-03    3.073537396765e-04    5.938196608191e-09    8.258982659556e-10    4.850596070611e-04
  5.946269849615e-01    2.905847550539e+03    1.659456228907e-03    4.263918562434e-06    1.075305178485e-05    9.525578244509e-05    1.631664385875e-03    3.073537396765e-04    5.938196608191e-09    8.258982659556e-10    4.850596070611e-04
  6.046269849615e-01    2.905847550539e+03    1.659456228907e-03    4.263918562434e-06    1.075305178485e-05    9.525578244509e-05    1.631664385875e-03    3.073537396765e-04    5.938196608191e-09    8.258982659556e-10    4.850596070611e-04
  6.146269849615e-01    2.905847550539e+03    1.659456228907e-03    4.263918562434e-06    1.075305178485e-05    9.525578244509e-05    1.631664385875e-03    3.073537396765e-04    5.938196608191e-09    8.258982659556e-10    4.850596070611e-04
  6.246269849615e-01    2.905847550539e+03    1.659456228907e-03    4.263918562434e-06    1.075305178485e-05    9.525578244509e-05    1.631664385875e-03    3.073537396765e-04    5.938196608191e-09    8.258982659556e-10    4.850596070611e-04
  6.346269849615e-01    2.905847550539e+03    1.659456228907e-03    4.263918562434e-06    1.075305178485e-05    9.525578244509e-05    1.631664385875e-03    3.073537396765e-04    5.938196608191e-09    8.258982659556e-10    4.850596070611e-04
  6.446269849615e-01    2.905847550539e+03    1.659456228907e-03    4.263918562434e-06    1.075305178485e-05    9.525578244509e-05    1.631664385875e-03    3.073537396765e-04    5.938196608191e-09    8.258982659556e-10    4.850596070611e-04
  6.546269849615e-01    2.905847550539e+03    1.659456228907e-03    4.263918562434e-06    1.075305178485e-05    9.525578244509e-05    1.631664385875e-03    3.073537396765e-04    5.938196608191e-09    8.258982659556e-10    4.850596070611e-04
  6.646269849615e-01    2.905847550539e+03    1.659456228907e-03    4.263918562434e-06    1.075305178485e-05    9.525578244509e-05    1.631664385875e-03    3.073537396765e-04    5.938196608191e-09    8.258982659556e-10    4.850596070611e-04
  6.746269849615e-01    2.905847550539e+03    1.659456228907e-03    4.263918562434e-06    1.075305178485e-05    9.525578244509e-05    1.631664385875e-03    3.073537396765e-04    5.938196608191e-09    8.258982659556e-10    4.850596070611e-04
  6.846269849615e-01    2.905847550539e+03    1.659456228907e-03    4.263918562434e-06    1.075305178485e-05    9.525578244509e-05    1.631664385875e-03    3.073537396765e-04    5.938196608191e-09    8.258982659556e-10    4.850596070611e-04
  6.946269849615e-01    2.905847550539e+03    1.659456228907e-03    4.263918562434e-06    1.075305178485e-05    9.525578244509e-05    1.631664385875e-03    3.073537396765e-04    5.938196608191e-09    8.258982659556e-10    4.850596070611e-04
  7.046269849615e-01    2.905847550539e+03    1.659456228907e-03    4.263918562434e-06    1.075305178485e-05    9.525578244509e-05    1.631664385875e-03    3.073537396765e-04    5.938196608191e-09    8.258982659556e-10    4.850596070611e-04
  7.146269849615e-01    2.905847550539e+03    1.659456228907e-03    4.263918562434e-06    1.075305178485e-05    9.525578244509e-05    1.631664385875e-03    3.073537396765e-04    5.938196608191e-09    8.258982659556e-10    4.850596070611e-04
  7.246269849615e-01    2.905847550539e+03    1.659456228907e-03    4.263918562434e-06    1.075305178485e-05    9.525578244509e-05    1.631664385875e-03    3.073537396765e-04    5.938196608191e-09    8.258982659556e-10    4.850596070611e-04
  7.346269849615e-01    2.905847550539e+03    1.659456228907e-03    4.263918562434e-06    1.075305178485e-05    9.525578244509e-05    1.631664385875e-03    3.073537396765e-04    5.938196608191e-09    8.258982659556e-10    4.850596070611e-04
  7.446269849615e-01    2.905847550539e+03    1.659456228907e-03    4.263918562434e-06    1.075305178485e-05    9.525578244509e-05    1.631664385875e-03    3.073537396765e-04    5.938196608191e-09    8.258982659556e-10    4.850596070611e-04
  7.546269849615e-01    2.905847550539e+03    1.659456228907e-03    4.263918562434e-06    1.075305178485e-05    9.525578244509e-05    1.631664385875e-03    3.073537396765e-04    5.938196608191e-09    8.258982659556e-10    4.850596070611e-04
  7.646269849615e-01    2.905847550539e+03    1.659456228907e-03    4.263918562434e-06    1.075305178485e-05    9.525578244509e-05    1.631664385875e-03    3.073537396765e-04    5.938196608191e-09    8.258982659556e-10    4.850596070611e-04
  7.746269849615e-01    2.905847550539e+03    1.659456228907e-03    4.263918562434e-06    1.075305178485e-05    9.525578244509e-05    1.631664385875e-03    3.073537396765e-04    5.938196608191e-09    8.258982659556e-10    4.850596070611e-04
  7.846269849615e-01    2.905847550539e+03    1.659456228907e-03    4.263918562434e-06    1.075305178485e-05    9.525578244509e-05    1.631664385875e-03    3.073537396765e-04    5.938196608191e-09    8.258982659556e-10    4.850596070611e-04
  7.946269849615e-01    2.905847550539e+03    1.659456228907e-03    4.263918562434e-06    1.075305178485e-05    9.525578244509e-05    1.631664385875e-03    3.073537396765e-04    5.938196608191e-09    8.258982659556e-10    4.850596070611e-04
  8.046269849615e-01    2.905847550539e+03    1.659456228907e-03    4.263918562434e-06    1.075305178485e-05    9.525578244509e-05    1.631664385875e-03    3.073537396765e-04    5.938196608191e-09    8.258982659556e-10    4.850596070611e-04
  8.146269849615e-01    2.905847550539e+03    1.659456228907e-03    4.263918562434e-06    1.075305178485e-05    9.525578244509e-05    1.631664385875e-03    3.073537396765e-04    5.938196608191e-09    8.258982659556e-10    4.850596070611e-04
  8.246269849615e-01    2.905847550539e+03    1.659456228907e-03    4.263918562434e-06    1.075305178485e-05    9.525578244509e-05    1.631664385875e-03    3.073537396765e-04    5.938196608191e-09    8.258982659556e-10    4.850596070611e-04
  8.346269849615e-01    2.905847550539e+03    1.659456228907e-03    4.263918562434e-06    1.075305178485e-05    9.525578244509e-05    1.631664385875e-03    3.073537396765e-04    5.938196608191e-09    8.258982659556e-10    4.850596070611e-04
  8.446269849615e-01    2.905847550539e+03    1.659456228907e-03    4.263918562434e-06    1.075305178485e-05    9.525578244509e-05    1.631664385875e-03    3.073537396765e-04    5.938196608191e-09    8.258982659556e-10    4.850596070611e-04
  8.546269849615e-01    2.905847550539e+03    1.659456228907e-03    4.263918562434e-06    1.075305178485e-05    9.525578244509e-05    1.631664385875e-03    3.073537396765e-04    5.938196608191e-09    8.258982659556e-10    4.850596070611e-04
  8.646269849615e-01    2.905847550539e+03    1.659456228907e-03    4.263918562434e-06    1.075305178485e-05    9.525578244509e-05    1.631664385875e-03    3.073537396765e-04    5.938196608191e-09    8.258982659556e-10    4.850596070611e-04
  8.746269849615e-01    2.905847550539e+03    1.659456228907e-03    4.263918562434e-06    1.075305178485e-05    9.525578244509e-05    1.631664385875e-03    3.073537396765e-04    5.938196608191e-09    8.258982659556e-10    4.850596070611e-04
  8.846269849615e-01    2.905847550539e+03    1.659456228907e-03    4.263918562434e-06    1.075305178485e-05    9.525578244509e-05    1.631664385875e-03    3.073537396765e-04    5.938196608191e-09    8.258982659556e-10    4.850596070611e-04
  8.946269849615e-01    2.905847550539e+03    1.659456228907e-03    4.263918562434e-06    1.075305178485e-05    9.525578244509e-05    1.631664385875e-03    3.073537396765e-04    5.938196608191e-09    8.258982659556e-10    4.850596070611e-04
  9.046269849615e-01    2.905847550539e+03    1.659456228907e-03    4.263918562434e-06    1.075305178485e-05    9.525578244509e-05    1.631664385875e-03    3.073537396765e-04    5.938196608191e-09    8.258982659556e-10    4.850596070611e-04
  9.146269849615e-01    2.905847550539e+03    1.659456228907e-03    4.263918562434e-06    1.075305178485e-05    9.525578244509e-05    1.631664385875e-03    3.073537396765e-04    5.938196608191e-09    8.258982659556e-10    4.850596070611e-04
  9.246269849615e-01    2.905847550539e+03    1.659456228907e-03    4.263918562434e-06    1.075305178485e-05    9.525578244509e-05    1.631664385875e-03    3.073537396765e-04    5.938196608191e-09    8.258982659556e-10    4.850596070611e-04
  9.346269849615e-01    2.905847550539e+03    1.659456228907e-03    4.263918562434e-06    1.075305178485e-05    9.525578244509e-05    1.631664385875e-03    3.073537396765e-04    5.938196608191e-09    8.258982659556e-10    4.850596070611e-04
  9.446269849615e-01    2.905847550539e+03    1.659456228907e-03    4.263918562434e-06    1.075305178485e-05    9.525578244509e-05    1.631664385875e-03    3.073537396765e-04    5.938196608191e-09    8.258982659556e-10    4.850596070611e-04
  9.546269849615e-01    2.905847550539e+03    1.659456228907e-03    4.263918562434e-06    1.075305178485e-05    9.525578244509e-05    1.631664385875e-03    3.073537396765e-04    5.938196608191e-09    8.258982659556e-10    4.850596070611e-04
  9.646269849615e-01    2.905847550539e+03    1.659456228907e-03    4.263918562434e-06    1.075305178485e-05    9.525578244509e-05    1.631664385875e-03    3.073537396765e-04    5.938196608191e-09    8.258982659556e-10    4.850596070611e-04
  9.746269849615e-01    2.905847550539e+03    1.659456228907e-03    4.263918562434e-06    1.075305178485e-05    9.525578244509e-05    1.631664385875e-03    3.073537396765e-04    5.938196608191e-09    8.258982659556e-10    4.850596070611e-04
  9.846269849615e-01    2.905847550539e+03    1.659456228907e-03    4.263918562434e-06    1.075305178485e-05    9.525578244509e-05    1.631664385875e-03    3.073537396765e-04    5.938196608191e-09    8.258982659556e-10    4.850596070611e-04
  9.946269849615e-01    2.905847550539e+03    1.659456228907e-03    4.263918562434e-06    1.075305178485e-05    9.525578244509e-05    1.631664385875e-03    3.073537396765e-04    5.938196608191e-09    8.258982659556e-10    4.850596070611e-04
  1.004626984961e+00    2.905847550539e+03    1.659456228907e-03    4.263918562434e-06    1.075305178485e-05    9.525578244509e-05    1.631664385875e-03    3.073537396765e-04    5.938196608191e-09    8.258982659556e-10    4.850596070611e-04
  1.014626984961e+00    2.905847550539e+03    1.659456228907e-03    4.263918562434e-06    1.075305178485e-05    9.525578244510e-05    1.631664385875e-03    3.073537396765e-04    5.938196608191e-09    8.258982659556e-10    4.850596070611e-04
  1.024626984961e+00    2.905847550539e+03    1.659456228907e-03    4.263918562434e-06    1.075305178485e-05    9.525578244510e-05    1.631664385875e-03    3.073537396765e-04    5.938196608191e-09    8.258982659556e-10    4.850596070611e-04
  1.034626984961e+00    2.905847550539e+03    1.659456228907e-03    4.263918562434e-06    1.075305178485e-05    9.525578244510e-05    1.631664385875e-03    3.073537396765e-04    5.938196608191e-09    8.258982659556e-10    4.850596070611e-04
  1.044626984961e+00    2.905847550539e+03    1.659456228907e-03    4.263918562434e-06    1.075305178485e-05    9.525578244510e-05    1.631664385875e-03    3.073537396765e-04    5.938196608191e-09    8.258982659556e-10    4.850596070611e-04
  1.054626984961e+00    2.905847550539e+03    1.659456228907e-03    4.263918562434e-06    1.075305178485e-05    9.525578244510e-05    1.631664385875e-03    3.073537396765e-04    5.938196608191e-09    8.258982659556e-10    4.850596070611e-04
  1.064626984961e+00    2.905847550539e+03    1.659456228907e-03    4.263918562434e-06    1.075305178485e-05    9.525578244510e-05    1.631664385875e-03    3.073537396765e-04    5.938196608191e-09    8.258982659556e-10    4.850596070611e-04
  1.074626984961e+00    2.905847550539e+03    1.659456228907e-03    4.263918562434e-06    1.075305178485e-05    9.525578244510e-05    1.631664385875e-03    3.073537396765e-04    5.938196608191e-09    8.258982659556e-10    4.850596070611e-04
  1.084626984961e+00    2.905847550539e+03    1.659456228907e-03    4.263918562434e-06    1.075305178485e-05    9.525578244510e-05    1.631664385875e-03    3.073537396765e-04    5.938196608191e-09    8.258982659556e-10    4.850596070611e-04
  1.094626984961e+00    2.905847550539e+03    1.659456228907e-03    4.263918562434e-06    1.075305178485e-05    9.525578244510e-05    1.631664385875e-03    3.073537396765e-04    5.938196608191e-09    8.258982659556e-10    4.850596070611e-04
  1.104626984961e+00    2.905847550539e+03    1.659456228907e-03    4.263918562434e-06    1.075305178485e-05    9.525578244510e-05    1.631664385875e-03    3.073537396765e-04    5.938196608191e-09    8.258982659556e-10    4.850596070611e-04
  1.114626984961e+00    2.905847550539e+03    1.659456228907e-03    4.263918562434e-06    1.075305178485e-05    9.525578244510e-05    1.631664385875e-03    3.073537396765e-04    5.938196608191e-09    8.258982659556e-10    4.850596070611e-04
  1.124626984961e+00    2.905847550539e+03    1.659456228907e-03    4.263918562434e-06    1.075305178485e-05    9.525578244510e-05    1.631664385875e-03    3.073537396765e-04    5.938196608191e-09    8.258982659556e-10    4.850596070611e-04
  1.134626984961e+00    2.905847550539e+03    1.659456228907e-03    4.263918562434e-06    1.075305178485e-05    9.525578244510e-05    1.631664385875e-03    3.073537396765e-04    5.938196608191e-09    8.258982659556e-10    4.850596070611e-04
  1.144626984961e+00    2.905847550539e+03    1.659456228907e-03    4.263918562434e-06    1.075305178485e-05    9.525578244510e-05    1.631664385875e-03    3.073537396765e-04    5.938196608191e-09    8.258982659556e-10    4.850596070611e-04
  1.154626984961e+00    2.905847550539e+03    1.659456228907e-03    4.263918562434e-06    1.075305178485e-05    9.525578244510e-05    1.631664385875e-03    3.073537396765e-04    5.938196608191e-09    8.258982659557e-10    4.850596070611e-04
  1.164626984961e+00    2.905847550539e+03    1.659456228907e-03    4.263918562434e-06    1.075305178485e-05    9.525578244510e-05    1.631664385875e-03    3.073537396765e-04    5.938196608191e-09    8.258982659557e-10    4.850596070611e-04
  1.174626984961e+00    2.905847550539e+03    1.659456228907e-03    4.263918562434e-06    1.075305178485e-05    9.525578244510e-05    1.631664385875e-03    3.073537396765e-04    5.938196608191e-09    8.258982659557e-10    4.850596070611e-04
  1.184626984961e+00    2.905847550539e+03    1.659456228907e-03    4.263918562434e-06    1.075305178485e-05    9.525578244510e-05    1.631664385875e-03    3.073537396765e-04    5.938196608191e-09    8.258982659557e-10    4.850596070611e-04
  1.194626984961e+00    2.905847550539e+03    1.659456228907e-03    4.263918562434e-06    1.075305178485e-05    9.525578244510e-05    1.631664385875e-03    3.073537396765e-04    5.938196608191e-09    8.258982659557e-10    4.850596070611e-04
  1.204626984961e+00    2.905847550539e+03    1.659456228907e-03    4.263918562434e-06    1.075305178485e-05    9.525578244510e-05    1.631664385875e-03    3.073537396765e-04    5.938196608191e-09    8.258982659557e-10    4.850596070611e-04
  1.214626984961e+00    2.905847550539e+03    1.659456228907e-03    4.263918562434e-06    1.075305178485e-05    9.525578244510e-05    1.631664385875e-03    3.073537396765e-04    5.938196608191e-09    8.258982659557e-10    4.850596070611e-04
  1.224626984961e+00    2.905847550539e+03    1.659456228907e-03    4.263918562434e-06    1.075305178485e-05    9.525578244510e-05    1.631664385875e-03    3.073537396765e-04    5.938196608191e-09    8.258982659557e-10    4.850596070611e-04
  1.234626984961e+00    2.905847550539e+03    1.659456228907e-03    4.263918562434e-06    1.075305178485e-05    9.525578244510e-05    1.631664385875e-03    3.073537396765e-04    5.938196608191e-09    8.258982659557e-10    4.850596070611e-04
  1.244626984961e+00    2.905847550539e+03    1.659456228907e-03    4.263918562434e-06    1.075305178485e-05    9.525578244510e-05    1.631664385875e-03    3.073537396765e-04    5.938196608191e-09    8.258982659557e-10    4.850596070611e-04
  1.254626984961e+00    2.905847550539e+03    1.659456228907e-03    4.263918562434e-06    1.075305178485e-05    9.525578244510e-05    1.631664385875e-03    3.073537396765e-04    5.938196608191e-09    8.258982659557e-10    4.850596070611e-04
  1.264626984961e+00    2.905847550539e+03    1.659456228907e-03    4.263918562434e-06    1.075305178485e-05    9.525578244510e-05    1.631664385875e-03    3.073537396765e-04    5.938196608191e-09    8.258982659557e-10    4.850596070611e-04
  1.274626984961e+00    2.905847550539e+03    1.659456228907e-03    4.263918562434e-06    1.075305178485e-05    9.525578244510e-05    1.631664385875e-03    3.073537396765e-04    5.938196608191e-09    8.258982659557e-10    4.850596070611e-04
  1.284626984961e+00    2.905847550539e+03    1.659456228907e-03    4.263918562434e-06    1.075305178485e-05    9.525578244510e-05    1.631664385875e-03    3.073537396765e-04    5.938196608191e-09    8.258982659557e-10    4.850596070611e-04
  1.294626984961e+00    2.905847550539e+03    1.659456228907e-03    4.263918562434e-06    1.075305178485e-05    9.525578244510e-05    1.631664385875e-03    3.073537396765e-04    5.938196608191e-09    8.258982659557e-10    4.850596070611e-04
  1.304626984961e+00    2.905847550539e+03    1.659456228907e-03    4.263918562434e-06    1.075305178485e-05    9.525578244510e-05    1.631664385875e-03    3.073537396765e-04    5.938196608191e-09    8.258982659557e-10    4.850596070611e-04
  1.314626984961e+00    2.905847550539e+03    1.659456228907e-03    4.263918562434e-06    1.075305178485e-05    9.525578244510e-05    1.631664385875e-03    3.073537396765e-04    5.938196608191e-09    8.258982659557e-10    4.850596070611e-04
  1.324626984961e+00    2.905847550539e+03    1.659456228907e-03    4.263918562434e-06    1.075305178485e-05    9.525578244510e-05    1.631664385875e-03    3.073537396765e-04    5.938196608191e-09    8.258982659557e-10    4.850596070611e-04
  1.334626984961e+00    2.905847550539e+03    1.659456228907e-03    4.263918562434e-06    1.075305178485e-05    9.525578244510e-05    1.631664385875e-03    3.073537396765e-04    5.938196608191e-09    8.258982659557e-10    4.850596070611e-04
  1.344626984961e+00    2.905847550539e+03    1.659456228907e-03    4.263918562434e-06    1.075305178485e-05    9.525578244510e-05    1.631664385875e-03    3.073537396765e-04    5.938196608191e-09    8.258982659557e-10    4.850596070611e-04
  1.354626984961e+00    2.905847550539e+03    1.659456228907e-03    4.263918562434e-06    1.075305178485e-05    9.525578244510e-05    1.631664385875e-03    3.073537396765e-04    5.938196608191e-09    8.258982659557e-10    4.850596070611e-04
  1.364626984961e+00    2.905847550539e+03    1.659456228907e-03    4.263918562434e-06    1.075305178485e-05    9.525578244510e-05    1.631664385875e-03    3.073537396765e-04    5.938196608191e-09    8.258982659557e-10    4.850596070611e-04
  1.374626984961e+00    2.905847550539e+03    1.659456228907e-03    4.263918562434e-06    1.075305178485e-05    9.525578244510e-05    1.631664385875e-03    3.073537396765e-04    5.938196608191e-09    8.258982659557e-10    4.850596070611e-04
  1.384626984961e+00    2.905847550539e+03    1.659456228907e-03    4.263918562434e-06    1.075305178485e-05    9.525578244510e-05    1.631664385875e-03    3.073537396765e-04    5.938196608191e-09    8.258982659557e-10    4.850596070611e-04
  1.394626984961e+00    2.905847550539e+03    1.659456228907e-03    4.263918562434e-06    1.075305178485e-05    9.525578244510e-05    1.631664385875e-03    3.073537396765e-04    5.938196608191e-09    8.258982659557e-10    4.850596070611e-04
  1.404626984961e+00    2.905847550539e+03    1.659456228907e-03    4.263918562434e-06    1.075305178485e-05    9.525578244510e-05    1.631664385875e-03    3.073537396765e-04    5.938196608191e-09    8.258982659557e-10    4.850596070611e-04
  1.414626984961e+00    2.905847550539e+03    1.659456228907e-03    4.263918562434e-06    1.075305178485e-05    9.525578244510e-05    1.631664385875e-03    3.073537396765e-04    5.938196608191e-09    8.258982659557e-10    4.850596070611e-04
  1.424626984961e+00    2.905847550539e+03    1.659456228907e-03    4.263918562434e-06    1.075305178485e-05    9.525578244510e-05    1.631664385875e-03    3.073537396765e-04    5.938196608191e-09    8.258982659557e-10    4.850596070611e-04
  1.434626984961e+00    2.905847550539e+03    1.659456228907e-03    4.263918562434e-06    1.075305178485e-05    9.525578244510e-05    1.631664385875e-03    3.073537396765e-04    5.938196608191e-09    8.258982659557e-10    4.850596070611e-04
  1.444626984961e+00    2.905847550539e+03    1.659456228907e-03    4.263918562434e-06    1.075305178485e-05    9.525578244510e-05    1.631664385875e-03    3.073537396765e-04    5.938196608191e-09    8.258982659557e-10    4.850596070611e-04
  1.454626984961e+00    2.905847550539e+03    1.659456228907e-03    4.263918562434e-06    1.075305178485e-05    9.525578244510e-05    1.631664385875e-03    3.073537396765e-04    5.938196608191e-09    8.258982659557e-10    4.850596070611e-04
  1.464626984961e+00    2.905847550539e+03    1.659456228907e-03    4.263918562434e-06    1.075305178485e-05    9.525578244510e-05    1.631664385875e-03    3.073537396765e-04    5.938196608191e-09    8.258982659557e-10    4.850596070611e-04
  1.474626984961e+00    2.905847550539e+03    1.659456228907e-03    4.263918562434e-06    1.075305178485e-05    9.525578244510e-05    1.631664385875e-03    3.073537396765e-04    5.938196608191e-09    8.258982659557e-10    4.850596070611e-04
  1.484626984961e+00    2.905847550539e+03    1.659456228907e-03    4.263918562434e-06    1.075305178485e-05    9.525578244510e-05    1.631664385875e-03    3.073537396765e-04    5.938196608191e-09    8.258982659557e-10    4.850596070611e-04
  1.494626984961e+00    2.905847550539e+03    1.659456228907e-03    4.263918562434e-06    1.075305178485e-05    9.525578244510e-05    1.631664385875e-03    3.073537396765e-04    5.938196608191e-09    8.258982659557e-10    4.850596070611e-04
  1.504626984961e+00    2.905847550539e+03    1.659456228907e-03    4.263918562434e-06    1.075305178485e-05    9.525578244510e-05    1.631664385875e-03    3.073537396765e-04    5.938196608191e-09    8.258982659557e-10    4.850596070611e-04
  1.514626984961e+00    2.905847550539e+03    1.659456228907e-03    4.263918562434e-06    1.075305178485e-05    9.525578244510e-05    1.631664385875e-03    3.073537396765e-04    5.938196608191e-09    8.258982659557e-10    4.850596070611e-04
  1.524626984961e+00    2.905847550539e+03    1.659456228907e-03    4.263918562434e-06    1.075305178485e-05    9.525578244510e-05    1.631664385875e-03    3.073537396765e-04    5.938196608191e-09    8.258982659557e-10    4.850596070611e-04
  1.534626984961e+00    2.905847550539e+03    1.659456228907e-03    4.263918562434e-06    1.075305178485e-05    9.525578244510e-05    1.631664385875e-03    3.073537396765e-04    5.938196608191e-09    8.258982659557e-10    4.850596070611e-04
  1.544626984961e+00    2.905847550539e+03    1.659456228907e-03    4.263918562434e-06    1.075305178485e-05    9.525578244510e-05    1.631664385875e-03    3.073537396765e-04    5.938196608191e-09    8.258982659557e-10    4.850596070611e-04
  1.554626984961e+00    2.905847550539e+03    1.659456228907e-03    4.263918562434e-06    1.075305178485e-05    9.525578244510e-05    1.631664385875e-03    3.073537396765e-04    5.938196608191e-09    8.258982659557e-10    4.850596070611e-04
  1.564626984961e+00    2.905847550539e+03    1.659456228907e-03    4.263918562434e-06    1.075305178485e-05    9.525578244510e-05    1.631664385875e-03    3.073537396765e-04    5.938196608191e-09    8.258982659557e-10    4.850596070611e-04
  1.574626984961e+00    2.905847550539e+03    1.659456228907e-03    4.263918562434e-06    1.075305178485e-05    9.525578244510e-05    1.631664385875e-03    3.073537396765e-04    5.938196608191e-09    8.258982659557e-10    4.850596070611e-04
  1.584626984961e+00    2.905847550539e+03    1.659456228907e-03    4.263918562434e-06    1.075305178485e-05    9.525578244510e-05    1.631664385875e-03    3.073537396765e-04    5.938196608191e-09    8.258982659557e-10    4.850596070611e-04
  1.594626984961e+00    2.905847550539e+03    1.659456228907e-03    4.263918562434e-06    1.075305178485e-05    9.525578244510e-05    1.631664385875e-03    3.073537396765e-04    5.938196608191e-09    8.258982659557e-10    4.850596070611e-04
  1.604626984961e+00    2.905847550539e+03    1.659456228907e-03    4.263918562434e-06    1.075305178485e-05    9.525578244510e-05    1.631664385875e-03    3.073537396765e-04    5.938196608191e-09    8.258982659557e-10    4.850596070611e-04
  1.614626984961e+00    2.905847550539e+03    1.659456228907e-03    4.263918562434e-06    1.075305178485e-05    9.525578244510e-05    1.631664385875e-03    3.073537396765e-04    5.938196608191e-09    8.258982659557e-10    4.850596070611e-04
  1.624626984961e+00    2.905847550539e+03    1.659456228907e-03    4.263918562434e-06    1.075305178485e-05    9.525578244510e-05    1.631664385875e-03    3.073537396765e-04    5.938196608191e-09    8.258982659557e-10    4.850596070611e-04
  1.634626984961e+00    2.905847550539e+03    1.659456228907e-03    4.263918562434e-06    1.075305178485e-05    9.525578244510e-05    1.631664385875e-03    3.073537396765e-04    5.938196608191e-09    8.258982659557e-10    4.850596070611e-04
  1.644626984961e+00    2.905847550539e+03    1.659456228907e-03    4.263918562434e-06    1.075305178485e-05    9.525578244510e-05    1.631664385875e-03    3.073537396765e-04    5.938196608191e-09    8.258982659557e-10    4.850596070611e-04
  1.654626984961e+00    2.905847550539e+03    1.659456228907e-03    4.263918562434e-06    1.075305178485e-05    9.525578244510e-05    1.631664385875e-03    3.073537396765e-04    5.938196608191e-09    8.258982659557e-10    4.850596070611e-04
  1.664626984961e+00    2.905847550539e+03    1.659456228907e-03    4.263918562434e-06    1.075305178485e-05    9.525578244510e-05    1.631664385875e-03    3.073537396765e-04    5.938196608191e-09    8.258982659557e-10    4.850596070611e-04
  1.674626984961e+00    2.905847550539e+03    1.659456228907e-03    4.263918562434e-06    1.075305178485e-05    9.525578244510e-05    1.631664385875e-03    3.073537396765e-04    5.938196608191e-09    8.258982659557e-10    4.850596070611e-04
  1.684626984961e+00    2.905847550539e+03    1.659456228907e-03    4.263918562434e-06    1.075305178485e-05    9.525578244510e-05    1.631664385875e-03    3.073537396765e-04    5.938196608192e-09    8.258982659557e-10    4.850596070611e-04
  1.694626984961e+00    2.905847550539e+03    1.659456228907e-03    4.263918562434e-06    1.075305178485e-05    9.525578244510e-05    1.631664385875e-03    3.073537396765e-04    5.938196608192e-09    8.258982659557e-10    4.850596070611e-04
  1.704626984961e+00    2.905847550539e+03    1.659456228907e-03    4.263918562434e-06    1.075305178485e-05    9.525578244510e-05    1.631664385875e-03    3.073537396765e-04    5.938196608192e-09    8.258982659557e-10    4.850596070611e-04
  1.714626984961e+00    2.905847550539e+03    1.659456228907e-03    4.263918562434e-06    1.075305178485e-05    9.525578244510e-05    1.631664385875e-03    3.073537396765e-04    5.938196608192e-09    8.258982659557e-10    4.850596070611e-04
  1.724626984961e+00    2.905847550539e+03    1.659456228907e-03    4.263918562434e-06    1.075305178485e-05    9.525578244510e-05    1.631664385875e-03    3.073537396765e-04    5.938196608192e-09    8.258982659557e-10    4.850596070611e-04
  1.734626984961e+00    2.905847550539e+03    1.659456228907e-03    4.263918562434e-06    1.075305178485e-05    9.525578244510e-05    1.631664385875e-03    3.073537396765e-04    5.938196608192e-09    8.258982659557e-10    4.850596070611e-04
  1.744626984961e+00    2.905847550539e+03    1.659456228907e-03    4.263918562434e-06    1.075305178485e-05    9.525578244510e-05    1.631664385875e-03    3.073537396765e-04    5.938196608192e-09    8.258982659557e-10    4.850596070611e-04
  1.754626984961e+00    2.905847550539e+03    1.659456228907e-03    4.263918562434e-06    1.075305178485e-05    9.525578244510e-05    1.631664385875e-03    3.073537396765e-04    5.938196608192e-09    8.258982659557e-10    4.850596070611e-04
  1.764626984961e+00    2.905847550539e+03    1.659456228907e-03    4.263918562434e-06    1.075305178485e-05    9.525578244510e-05    1.631664385875e-03    3.073537396765e-04    5.938196608192e-09    8.258982659557e-10    4.850596070611e-04
  1.774626984961e+00    2.905847550539e+03    1.659456228907e-03    4.263918562434e-06    1.075305178485e-05    9.525578244510e-05    1.631664385875e-03    3.073537396765e-04    5.938196608192e-09    8.258982659557e-10    4.850596070611e-04
  1.784626984961e+00    2.905847550539e+03    1.659456228907e-03    4.263918562434e-06    1.075305178485e-05    9.525578244510e-05    1.631664385875e-03    3.073537396765e-04    5.938196608191e-09    8.258982659557e-10    4.850596070611e-04
  1.794626984961e+00    2.905847550539e+03    1.659456228907e-03    4.263918562434e-06    1.075305178485e-05    9.525578244510e-05    1.631664385875e-03    3.073537396765e-04    5.938196608191e-09    8.258982659557e-10    4.850596070611e-04
  1.804626984961e+00    2.905847550539e+03    1.659456228907e-03    4.263918562434e-06    1.075305178485e-05    9.525578244510e-05    1.631664385875e-03    3.073537396765e-04    5.938196608191e-09    8.258982659557e-10    4.850596070611e-04
  1.814626984961e+00    2.905847550539e+03    1.659456228907e-03    4.263918562434e-06    1.075305178485e-05    9.525578244510e-05    1.631664385875e-03    3.073537396765e-04    5.938196608191e-09    8.258982659557e-10    4.850596070611e-04
  1.824626984961e+00    2.905847550539e+03    1.659456228907e-03    4.263918562434e-06    1.075305178485e-05    9.525578244510e-05    1.631664385875e-03    3.073537396765e-04    5.938196608191e-09    8.258982659557e-10    4.850596070611e-04
  1.834626984961e+00    2.905847550539e+03    1.659456228907e-03    4.263918562434e-06    1.075305178485e-05    9.525578244510e-05    1.631664385875e-03    3.073537396765e-04    5.938196608191e-09    8.258982659557e-10    4.850596070611e-04
  1.844626984961e+00    2.905847550539e+03    1.659456228907e-03    4.263918562434e-06    1.075305178485e-05    9.525578244510e-05    1.631664385875e-03    3.073537396765e-04    5.938196608191e-09    8.258982659557e-10    4.850596070611e-04
  1.854626984961e+00    2.905847550539e+03    1.659456228907e-03    4.263918562434e-06    1.075305178485e-05    9.525578244510e-05    1.631664385875e-03    3.073537396765e-04    5.938196608191e-09    8.258982659557e-10    4.850596070611e-04
  1.864626984961e+00    2.905847550539e+03    1.659456228907e-03    4.263918562434e-06    1.075305178485e-05    9.525578244510e-05    1.631664385875e-03    3.073537396765e-04    5.938196608191e-09    8.258982659557e-10    4.850596070611e-04
  1.874626984961e+00    2.905847550539e+03    1.659456228907e-03    4.263918562434e-06    1.075305178485e-05    9.525578244510e-05    1.631664385875e-03    3.073537396765e-04    5.938196608191e-09    8.258982659557e-10    4.850596070611e-04
  1.884626984961e+00    2.905847550539e+03    1.659456228907e-03    4.263918562434e-06    1.075305178485e-05    9.525578244510e-05    1.631664385875e-03    3.073537396765e-04    5.938196608191e-09    8.258982659557e-10    4.850596070611e-04
  1.894626984961e+00    2.905847550539e+03    1.659456228907e-03    4.263918562434e-06    1.075305178485e-05    9.525578244510e-05    1.631664385875e-03    3.073537396765e-04    5.938196608191e-09    8.258982659557e-10    4.850596070611e-04
  1.904626984961e+00    2.905847550539e+03    1.659456228907e-03    4.263918562434e-06    1.075305178485e-05    9.525578244510e-05    1.631664385875e-03    3.073537396765e-04    5.938196608191e-09    8.258982659557e-10    4.850596070611e-04
  1.914626984961e+00    2.905847550539e+03    1.659456228907e-03    4.263918562434e-06    1.075305178485e-05    9.525578244510e-05    1.631664385875e-03    3.073537396765e-04    5.938196608191e-09    8.258982659557e-10    4.850596070611e-04
  1.924626984961e+00    2.905847550539e+03    1.659456228907e-03    4.263918562434e-06    1.075305178485e-05    9.525578244510e-05    1.631664385875e-03    3.073537396765e-04    5.938196608191e-09    8.258982659557e-10    4.850596070611e-04
  1.934626984961e+00    2.905847550539e+03    1.659456228907e-03    4.263918562434e-06    1.075305178485e-05    9.525578244510e-05    1.631664385875e-03    3.073537396765e-04    5.938196608191e-09    8.258982659557e-10    4.850596070611e-04
  1.944626984961e+00    2.905847550539e+03    1.659456228907e-03    4.263918562434e-06    1.075305178485e-05    9.525578244510e-05    1.631664385875e-03    3.073537396765e-04    5.938196608191e-09    8.258982659557e-10    4.850596070611e-04
  1.954626984961e+00    2.905847550539e+03    1.659456228907e-03    4.263918562434e-06    1.075305178485e-05    9.525578244510e-05    1.631664385875e-03    3.073537396765e-04    5.938196608191e-09    8.258982659557e-10    4.850596070611e-04
  1.964626984961e+00    2.905847550539e+03    1.659456228907e-03    4.263918562434e-06    1.075305178485e-05    9.525578244510e-05    1.631664385875e-03    3.073537396765e-04    5.938196608191e-09    8.258982659557e-10    4.850596070611e-04
  1.974626984961e+00    2.905847550539e+03    1.659456228907e-03    4.263918562434e-06    1.075305178485e-05    9.525578244510e-05    1.631664385875e-03    3.073537396765e-04    5.938196608191e-09    8.258982659557e-10    4.850596070611e-04
  1.984626984961e+00    2.905847550539e+03    1.659456228907e-03    4.263918562434e-06    1.075305178485e-05    9.525578244510e-05    1.631664385875e-03    3.073537396765e-04    5.938196608191e-09    8.258982659557e-10    4.850596070611e-04
  1.994626984961e+00    2.905847550539e+03    1.659456228907e-03    4.263918562434e-06    1.075305178485e-05    9.525578244510e-05    1.631664385875e-03    3.073537396765e-04    5.938196608191e-09    8.258982659557e-10    4.850596070611e-04
  2.000000000000e+00    2.905847550539e+03    1.659456228907e-03    4.263918562434e-06    1.075305178485e-05    9.525578244510e-05    1.631664385875e-03    3.073537396765e-04    5.938196608191e-09    8.258982659557e-10    4.850596070611e-04
