  0.000000000000e+00    9.000000000000e+02    1.449650124871e-01    5.752535345262e-01    0.000000000000e+00    0.000000000000e+00    0.000000000000e+00    0.000000000000e+00    0.000000000000e+00    0.000000000000e+00    2.797814529867e-01
  1.023000000000e-07    8.999999999959e+02    1.449650124870e-01    5.752535345244e-01    2.116594823481e-15    1.799747270660e-15    6.697204119093e-16    5.480046566775e-14    1.846497407665e-12    9.951204497818e-18    2.797814529867e-01
  1.048575000000e-04    9.000000019804e+02    1.449650122762e-01    5.752535294750e-01    2.278989836805e-12    5.844224894804e-13    5.684836535768e-10    3.346024238665e-12    4.662441314047e-09    2.490973243377e-11    2.797814529867e-01
  7.677721500000e-03    9.000007242821e+02    1.449649742094e-01    5.752527979021e-01    9.730231808739e-12    3.047540699204e-12    1.206932527470e-07    1.428521329110e-11    4.877978322072e-07    1.663837245601e-07    2.797814529867e-01
  1.767772150000e-02    9.000054270240e+02    1.449647776287e-01    5.752495942214e-01    3.799757333233e-11    1.405603721762e-11    8.712646240141e-07    5.579077600143e-11    2.036262478435e-06    1.267528259935e-06    2.797814529867e-01
  2.767772150000e-02    9.000230127341e+02    1.449641147792e-01    5.752397840830e-01    1.165021474309e-10    4.826887898090e-11    3.717919737132e-06    1.711032910306e-10    5.788163087761e-06    5.141732436794e-06    2.797814529867e-01
  3.767772150000e-02    9.000752763965e+02    1.449623234743e-01    5.752159838188e-01    2.833318337297e-10    1.330529692927e-10    1.230675375679e-05    4.162886426361e-10    1.197413225078e-05    1.595800155934e-05    2.797814529867e-01
  4.767772150000e-02    9.001985075403e+02    1.449584071669e-01    5.751689094505e-01    5.664284954365e-10    2.987441418796e-10    3.328857309623e-05    8.325052089194e-10    1.930085963082e-05    3.863926545037e-05    2.797814529867e-01
  5.767772150000e-02    9.004421259001e+02    1.449510336105e-01    5.750863959042e-01    1.005196836100e-09    5.804785228287e-10    7.654455563434e-05    1.477492028197e-09    2.734502380386e-05    7.722485592326e-05    2.797814529867e-01
  6.767772150000e-02    9.008766390949e+02    1.449383012370e-01    5.749509545369e-01    1.669132521155e-09    1.034180481207e-09    1.565073792980e-04    2.452477602173e-09    3.636333907387e-05    1.364153652295e-04    2.797814529867e-01
  7.767772150000e-02    9.016100411875e+02    1.449173092520e-01    5.747361121038e-01    2.681963558662e-09    1.759551381638e-09    2.954409945788e-04    3.936335905194e-09    4.677778522469e-05    2.228984998300e-04    2.797814529867e-01
  8.767772150000e-02    9.028218694779e+02    1.448832560031e-01    5.743984200231e-01    4.291904335004e-09    2.956957580345e-09    5.306351783599e-04    6.284860222109e-09    5.932045726924e-05    3.469018177351e-04    2.797814529867e-01
  9.767772150000e-02    9.048508074579e+02    1.448271222650e-01    5.738569653202e-01    7.094367124984e-09    5.108654627298e-09    9.329922469039e-04    1.034350849115e-08    7.550323297841e-05    5.259414016532e-04    2.797814529867e-01
  1.076777215000e-01    9.084900569554e+02    1.447278810159e-01    5.729248814868e-01    1.302483493498e-08    9.796752079882e-09    1.670041553386e-03    1.883077361906e-08    9.930905537515e-05    7.963922494990e-04    2.797814529867e-01
  1.175320231654e-01    9.165912506156e+02    1.445104264161e-01    5.709439107481e-01    3.486117389881e-08    2.775659327518e-08    3.352271070686e-03    4.943302978403e-08    1.483814180225e-04    1.263445309597e-03    2.797814529867e-01
  1.218153846640e-01    9.284863424699e+02    1.441957472358e-01    5.681666197847e-01    1.946041831746e-07    1.743212496170e-07    5.903686934033e-03    2.691225740805e-07    2.549528548028e-04    1.696902155921e-03    2.797814529867e-01
  1.221570112142e-01    9.438156194146e+02    1.437715337212e-01    5.647859042952e-01    8.540144373118e-06    9.714066794113e-06    9.566672531859e-03    1.177354971822e-05    4.088021210556e-04    1.655606583146e-03    2.797814529867e-01
  1.221728137434e-01    9.547512419892e+02    1.434495246197e-01    5.624045739256e-01    2.114677934942e-05    2.309182743847e-05    1.235317782561e-02    2.849516055089e-05    4.038917087264e-04    1.534645166320e-03    2.797814529867e-01
  1.221805603279e-01    9.652893062265e+02    1.431259456002e-01    5.600401241954e-01    3.727353140875e-05    3.884192548251e-05    1.511830887875e-02    4.910523623629e-05    3.936563933104e-04    1.415291252507e-03    2.797814529867e-01
  1.221854595511e-01    9.756807616478e+02    1.427932028816e-01    5.576301689608e-01    5.736709274902e-05    5.717100693848e-05    1.792433268370e-02    7.395763557711e-05    3.828826934060e-04    1.299464058498e-03    2.797814529867e-01
  1.221889159812e-01    9.859935828132e+02    1.424484923683e-01    5.551537669800e-01    8.188733337904e-05    7.828363056731e-05    2.079247566329e-02    1.033984428171e-04    3.722241241372e-04    1.188018470810e-03    2.797814529867e-01
  1.221915130983e-01    9.962566211319e+02    1.420899962809e-01    5.525983342158e-01    1.113142122974e-04    1.024091937907e-04    2.373538432210e-02    1.377803203924e-04    3.618452655818e-04    1.081483202481e-03    2.797814529867e-01
  1.221935474965e-01    1.006484995891e+03    1.417162206374e-01    5.499540485836e-01    1.461482277883e-04    1.298071179290e-04    2.676282925394e-02    1.774648158803e-04    3.517952758867e-04    9.802331009031e-04    2.797814529867e-01
  1.221951893333e-01    1.016687708285e+03    1.413258084723e-01    5.472122743897e-01    1.869081293480e-04    1.607673597729e-04    2.988333674915e-02    2.228208330848e-04    3.420859863221e-04    8.845450936635e-04    2.797814529867e-01
  1.221965445572e-01    1.026870562622e+03    1.409174696469e-01    5.443649659777e-01    2.341280400045e-04    1.956100874740e-04    3.310481774334e-02    2.742225841025e-04    3.327149590650e-04    7.946179746710e-04    2.797814529867e-01
  1.221976831883e-01    1.037037544644e+03    1.404899481314e-01    5.414043871073e-01    2.883544971923e-04    2.346853207461e-04    3.643487092283e-02    3.320477340093e-04    3.236737291226e-04    7.105795707234e-04    2.797814529867e-01
  1.221986536451e-01    1.047191520455e+03    1.400420121781e-01    5.383230116589e-01    3.501425640968e-04    2.783716536057e-04    3.988089161474e-02    3.966747428121e-04    3.149513513174e-04    6.324912496391e-04    2.797814529867e-01
  1.221994906277e-01    1.057334624983e+03    1.395724531134e-01    5.351134938605e-01    4.200514827287e-04    3.270746420395e-04    4.345010690212e-02    4.684800002053e-04    3.065357297053e-04    5.603512826255e-04    2.797814529867e-01
  1.222002197376e-01    1.067468493329e+03    1.390800884587e-01    5.317686729816e-01    4.986399601709e-04    3.812248502433e-04    4.714957328491e-02    5.478348557861e-04    2.984143432489e-04    4.940982786135e-04    2.797814529867e-01
  1.222008603256e-01    1.077594406008e+03    1.385637678773e-01    5.282815996358e-01    5.864610190762e-04    4.412752640082e-04    5.098615101175e-02    6.351024509424e-04    2.905745505567e-04    4.336152038549e-04    2.797814529867e-01
  1.222014273189e-01    1.087713384204e+03    1.380223802734e-01    5.246455716096e-01    6.840566694969e-04    5.076984626930e-04    5.496646741544e-02    7.306345959927e-04    2.830037145574e-04    3.787342720564e-04    2.797814529867e-01
  1.222019324365e-01    1.097826254399e+03    1.374548616296e-01    5.208541757723e-01    7.919524034300e-04    5.809833651246e-04    5.909687323816e-02    8.347686721132e-04    2.756892573618e-04    3.292426751868e-04    2.797814529867e-01
  1.222023850197e-01    1.107933693541e+03    1.368602030624e-01    5.169013324522e-01    9.106516272152e-04    6.616316260526e-04    6.338339588445e-02    9.478246363343e-04    2.686186763825e-04    2.848890482898e-04    2.797814529867e-01
  1.222027926149e-01    1.118036261607e+03    1.362374587222e-01    5.127813397653e-01    1.040630138895e-03    7.501537408183e-04    6.783169241330e-02    1.070102197009e-03    2.617795591522e-04    2.453904766004e-04    2.797814529867e-01
  1.222031613910e-01    1.128134425565e+03    1.355857532684e-01    5.084889162108e-01    1.182330748882e-03    8.470649308462e-04    7.244700426393e-02    1.201878216059e-03    2.551595621280e-04    2.104398121885e-04    2.797814529867e-01
  1.222034964446e-01    1.138228577274e+03    1.349042887715e-01    5.040192405266e-01    1.336158113332e-03    9.528808331153e-04    7.723411488111e-02    1.343404365264e-03    2.487464850911e-04    1.797130373145e-04    2.797814529867e-01
  1.222038020264e-01    1.148319047544e+03    1.341923507323e-01    4.993679870896e-01    1.502473916785e-03    1.068113101056e-03    8.219731236773e-02    1.494905122509e-03    2.425282437588e-04    1.528764395289e-04    2.797814529867e-01
  1.222040817123e-01    1.158406116643e+03    1.334493133381e-01    4.945313573887e-01    1.681592394204e-03    1.193265009377e-03    8.734035654229e-02    1.656576061232e-03    2.364929221416e-04    1.295933571673e-04    2.797814529867e-01
  1.222043385341e-01    1.168490023265e+03    1.326746436367e-01    4.895061057894e-01    1.873776328734e-03    1.328827042929e-03    9.266645255724e-02    1.828582525148e-03    2.306288262366e-04    1.095303069125e-04    2.797814529867e-01
  1.222045750798e-01    1.178570970621e+03    1.318679051315e-01    4.842895625118e-01    2.079233392710e-03    1.475272531016e-03    9.817822806423e-02    2.011058528156e-03    2.249245014713e-04    9.236235245111e-05    2.797814529867e-01
  1.222047935738e-01    1.188649133403e+03    1.310287594288e-01    4.788796455777e-01    2.298113304191e-03    1.633053740797e-03    1.038777222418e-01    2.204106297603e-03    2.193688265658e-04    7.777759579469e-05    2.797814529867e-01
  1.222049959384e-01    1.198724660985e+03    1.301569683057e-01    4.732748759134e-01    2.530505031315e-03    1.802597699757e-03    1.097663725761e-01    2.407795720682e-03    2.139509870237e-04    6.548077931293e-05    2.797814529867e-01
  1.222051838443e-01    1.208797681994e+03    1.292523940268e-01    4.674743822898e-01    2.776434794211e-03    1.984302613725e-03    1.158450123664e-01    2.622164355982e-03    2.086606005693e-04    5.519596580621e-05    2.797814529867e-01
  1.222053587506e-01    1.218868307429e+03    1.283149992088e-01    4.614779040624e-01    3.035864412092e-03    2.178534406902e-03    1.221138712123e-01    2.847217611502e-03    2.034877478458e-04    4.666835137291e-05    2.797814529867e-01
  1.222055219373e-01    1.228936632955e+03    1.273448460746e-01    4.552857905519e-01    3.308690121797e-03    2.385623551926e-03    1.285725794155e-01    3.082929128057e-03    1.984228860364e-04    3.966528338229e-05    2.797814529867e-01
  1.222056745323e-01    1.239002741694e+03    1.263420947538e-01    4.488989947197e-01    3.594741818398e-03    2.605862381471e-03    1.352201782058e-01    3.329241467962e-03    1.934570978418e-04    3.397656835378e-05    2.797814529867e-01
  1.222058175329e-01    1.249066705528e+03    1.253070016451e-01    4.423190675007e-01    3.893782624452e-03    2.839502378744e-03    1.420551299371e-01    3.586066793166e-03    1.885819434684e-04    2.941419054816e-05    2.797814529867e-01
  1.222059518245e-01    1.259128587018e+03    1.242399170563e-01    4.355481475128e-01    4.205508815568e-03    3.086752169772e-03    1.490753326228e-01    3.853287761717e-03    1.837895299538e-04    2.581154434589e-05    2.797814529867e-01
  1.222060781958e-01    1.269188440569e+03    1.231412826664e-01    4.285889497328e-01    4.529550031547e-03    3.347775549817e-03    1.562781356962e-01    4.130758484361e-03    1.790725535889e-04    2.302229855826e-05    2.797814529867e-01
  1.222061973512e-01    1.279246313599e+03    1.220116287724e-01    4.214447525834e-01    4.865469745275e-03    3.622690049776e-03    1.636603571020e-01    4.418305535884e-03    1.744242293098e-04    2.091899525739e-05    2.797814529867e-01
  1.222063099223e-01    1.289302247419e+03    1.208515713741e-01    4.141193837285e-01    5.212765975909e-03    3.911565632142e-03    1.712183013907e-01    4.715729011414e-03    1.698384214698e-04    1.939147901241e-05    2.797814529867e-01
  1.222064164763e-01    1.299356277962e+03    1.196618093546e-01    4.066172062160e-01    5.570872045501e-03    4.214423874103e-03    1.789477772276e-01    5.022803537796e-03    1.653095188782e-04    1.834523884768e-05    2.797814529867e-01
  1.222065175247e-01    1.309408436504e+03    1.184431214972e-01    3.989431030067e-01    5.939157736346e-03    4.531237364111e-03    1.868441159049e-01    5.339279318923e-03    1.608324577375e-04    1.769972735624e-05    2.797814529867e-01
  1.222066135294e-01    1.319458750158e+03    1.171963637001e-01    3.911024623811e-01    6.316930365474e-03    4.861929391020e-03    1.949021885857e-01    5.664883107053e-03    1.564027682544e-04    1.738671462544e-05    2.797814529867e-01
  1.222067049088e-01    1.329507242307e+03    1.159224662456e-01    3.831011631393e-01    6.703436092901e-03    5.206374025759e-03    2.031164231902e-01    5.999319134614e-03    1.520164700363e-04    1.734871483133e-05    2.797814529867e-01
  1.222067920426e-01    1.339553932921e+03    1.146224312701e-01    3.749455604804e-01    7.097861260638e-03    5.564396316162e-03    2.114808200317e-01    6.342269967971e-03    1.476701710903e-04    1.753751525443e-05    2.797814529867e-01
  1.222068752768e-01    1.349598838903e+03    1.132973304170e-01    3.666424724336e-01    7.499333860664e-03    5.935772954746e-03    2.199889662981e-01    6.693397277404e-03    1.433609461342e-04    1.791282566170e-05    2.797814529867e-01
  1.222069549267e-01    1.359641974375e+03    1.119483027129e-01    3.581991670156e-01    7.906925075218e-03    6.320233082315e-03    2.286340491573e-01    7.052342518210e-03    1.390863936325e-04    1.844105811921e-05    2.797814529867e-01
  1.222070312807e-01    1.369683350706e+03    1.105765527550e-01    3.496233507298e-01    8.319650893508e-03    6.717459422225e-03    2.374088669521e-01    7.418727490228e-03    1.348445300957e-04    1.909424034520e-05    2.797814529867e-01
  1.222071046033e-01    1.379722976831e+03    1.091833490870e-01    3.409231574672e-01    8.736473857021e-03    7.127089552031e-03    2.463058392586e-01    7.792154814258e-03    1.306339166135e-04    1.984906062245e-05    2.797814529867e-01
  1.222071751374e-01    1.389760859214e+03    1.077700229789e-01    3.321071392536e-01    9.156304885922e-03    7.548717581722e-03    2.553170144968e-01    8.172208253995e-03    1.264535238631e-04    2.068603845559e-05    2.797814529867e-01
  1.222072431071e-01    1.399797002091e+03    1.063379674579e-01    3.231842577585e-01    9.578005264497e-03    7.981896014511e-03    2.644340760728e-01    8.558452931314e-03    1.223027009663e-04    2.158881273910e-05    2.797814529867e-01
  1.222073087191e-01    1.409831407395e+03    1.048886366810e-01    3.141638771091e-01    1.000038879196e-02    8.426137718540e-03    2.736483464893e-01    8.950435408909e-03    1.181812768791e-04    2.254353762082e-05    2.797814529867e-01
  1.222073721649e-01    1.419864074816e+03    1.034235457542e-01    3.050557586172e-01    1.042222409106e-02    8.880918285455e-03    2.829507888569e-01    9.347683596217e-03    1.140894369299e-04    2.353837532230e-05    2.797814529867e-01
  1.222074336225e-01    1.429895001979e+03    1.019442705928e-01    2.958700548099e-01    1.084223734270e-02    9.345678600561e-03    2.923320082318e-01    9.749706611512e-03    1.100277481495e-04    2.456307591653e-05    2.797814529867e-01
  1.222074932577e-01    1.439924183909e+03    1.004524487574e-01    2.866173084933e-01    1.125911501939e-02    9.819827417439e-03    3.017822472510e-01    1.015599430237e-02    1.059971401735e-04    2.560863214710e-05    2.797814529867e-01
  1.222075512256e-01    1.449951614724e+03    9.894977950901e-02    2.773084459687e-01    1.167150746683e-02    1.030274464054e-02    3.112913865744e-01    1.056601696390e-02    1.019988877411e-04    2.666700215371e-05    2.797814529867e-01
  1.222076076713e-01    1.459977284810e+03    9.743802528727e-02    2.679547779496e-01    1.207803258381e-02    1.079378422876e-02    3.208489368813e-01    1.097922459717e-02    9.803459707472e-05    2.773088827349e-05    2.797814529867e-01
  1.222076627319e-01    1.470001182691e+03    9.591901433287e-02    2.585680056292e-01    1.247727968612e-02    1.129227721808e-02    3.304440246859e-01    1.139504570599e-02    9.410619266380e-05    2.879356250432e-05    2.797814529867e-01
  1.222077165367e-01    1.480023295226e+03    9.439464133918e-02    2.491602138772e-01    1.286781490568e-02    1.179753587666e-02    3.400653896625e-01    1.181288670602e-02    9.021590756408e-05    2.984873840461e-05    2.797814529867e-01
  1.222077692083e-01    1.490043606676e+03    9.286687009519e-02    2.397438748625e-01    1.324818690059e-02    1.230885703923e-02    3.497013707577e-01    1.223213064546e-02    8.636623692625e-05    3.089047571152e-05    2.797814529867e-01
  1.222078205467e-01    1.500000000264e+03    9.134721542655e-02    2.303901564400e-01    1.361468625189e-02    1.282230814002e-02    3.592801592905e-01    1.264953115804e-02    8.258346120209e-05    3.190684504592e-05    2.797814529867e-01
  1.222078716364e-01    1.510082857671e+03    8.980872512102e-02    2.209335546948e-01    1.397273130279e-02    1.334703499326e-02    3.689723844827e-01    1.307240606782e-02    7.879871347002e-05    3.291163745164e-05    2.797814529867e-01
  1.222079215919e-01    1.520097648059e+03    8.828327906017e-02    2.115703411243e-01    1.431382873510e-02    1.387223092058e-02    3.785779975635e-01    1.349190081365e-02    7.508877103383e-05    3.388002487497e-05    2.797814529867e-01
  1.222079708560e-01    1.530110551896e+03    8.676304289935e-02    2.022524050685e-01    1.463892962142e-02    1.440060171137e-02    3.881472557658e-01    1.391006608245e-02    7.143215720636e-05    3.481370720763e-05    2.797814529867e-01
  1.222080195306e-01    1.540121542307e+03    8.525037440865e-02    1.929941963982e-01    1.494661678128e-02    1.493142754156e-02    3.976662476706e-01    1.432614363819e-02    6.783264750293e-05    3.570792722422e-05    2.797814529867e-01
  1.222080677154e-01    1.550130590407e+03    8.374772200799e-02    1.838105662715e-01    1.523551381488e-02    1.546399785135e-02    4.071205537869e-01    1.473934087890e-02    6.429422652126e-05    3.655817528728e-05    2.797814529867e-01
  1.222081155085e-01    1.560137665456e+03    8.225762927912e-02    1.747167664576e-01    1.550430042036e-02    1.599761554086e-02    4.164952256163e-01    1.514882841761e-02    6.082106333221e-05    3.736021815690e-05    2.797814529867e-01
  1.222081630074e-01    1.570142735101e+03    8.078273951994e-02    1.657284461107e-01    1.575172979240e-02    1.653160103879e-02    4.257747653579e-01    1.555373755616e-02    5.741750412599e-05    3.811013324485e-05    2.797814529867e-01
  1.222082103093e-01    1.580145765745e+03    7.932580018355e-02    1.568616450147e-01    1.597664825678e-02    1.706529619847e-02    4.349431072374e-01    1.595315770238e-02    5.408807408504e-05    3.880434596867e-05    2.797814529867e-01
  1.222082575121e-01    1.590146723001e+03    7.788966700428e-02    1.481327822634e-01    1.617801724803e-02    1.759806793071e-02    4.439836016732e-01    1.634613379971e-02    5.083742612883e-05    3.943966789621e-05    2.797814529867e-01
  1.222083047142e-01    1.600145572318e+03    7.647730747408e-02    1.395586385775e-01    1.635493768945e-02    1.812931144378e-02    4.528790042677e-01    1.673166388871e-02    4.767033859372e-05    4.001333349411e-05    2.797814529867e-01
  1.222083520162e-01    1.610142279806e+03    7.509180329157e-02    1.311563305773e-01    1.650667668217e-02    1.865845300976e-02    4.616114717919e-01    1.710869694232e-02    4.459168508156e-05    4.052303318658e-05    2.797814529867e-01
  1.222083995206e-01    1.620136813182e+03    7.373635125968e-02    1.229432745741e-01    1.663269638475e-02    1.918495212343e-02    4.701625681535e-01    1.747613117166e-02    4.160640528076e-05    4.096694083432e-05    2.797814529867e-01
  1.222084473329e-01    1.630129143221e+03    7.241426189652e-02    1.149371362796e-01    1.673268496752e-02    1.970830304436e-02    4.785132845516e-01    1.783281306824e-02    3.871947068913e-05    4.134373474449e-05    2.797814529867e-01
  1.222084955617e-01    1.640119245295e+03    7.112895484400e-02    1.071557641427e-01    1.680658809277e-02    2.022803534167e-02    4.866440785481e-01    1.817753759155e-02    3.593584503473e-05    4.165260750134e-05    2.797814529867e-01
  1.222085443199e-01    1.650107101414e+03    6.988395010008e-02    9.961710177583e-02    1.685464059121e-02    2.074371344487e-02    4.945349375372e-01    1.850904986263e-02    3.326043720854e-05    4.189326425197e-05    2.797814529867e-01
  1.222085937245e-01    1.660092702542e+03    6.868285360472e-02    9.233907333030e-02    1.687739729758e-02    2.125493532428e-02    5.021654745640e-01    1.882604893657e-02    3.069804445754e-05    4.206591134012e-05    2.797814529867e-01
  1.222086438971e-01    1.670076051600e+03    6.752933516569e-02    8.533943508435e-02    1.687576059356e-02    2.176132993037e-02    5.095150672350e-01    1.912719448762e-02    2.825328490770e-05    4.217123177398e-05    2.797814529867e-01
  1.222086949646e-01    1.680057166523e+03    6.642709804032e-02    7.863559512453e-02    1.685100074221e-02    2.226255340316e-02    5.165630420014e-01    1.941111683537e-02    2.593052204644e-05    4.221034427706e-05    2.797814529867e-01
  1.222087470586e-01    1.690036084318e+03    6.537983590803e-02    7.224437853450e-02    1.680476945673e-02    2.275828429988e-02    5.232889284853e-01    1.967643180122e-02    2.373377266368e-05    4.218475495827e-05    2.797814529867e-01
  1.222088003155e-01    1.700012864736e+03    6.439117694856e-02    6.618174682612e-02    1.673909920483e-02    2.324821797133e-02    5.296727823173e-01    1.992176084436e-02    2.166660554975e-05    4.209629524092e-05    2.797814529867e-01
  1.222088548761e-01    1.709987594554e+03    6.346461212314e-02    6.046245945406e-02    1.665638620156e-02    2.373206019289e-02    5.356955923779e-01    2.014575759512e-02    1.973201626879e-05    4.194705235741e-05    2.797814529867e-01
  1.222089108844e-01    1.719960391409e+03    6.260340602771e-02    5.509967458738e-02    1.655935277584e-02    2.420952066904e-02    5.413397798047e-01    2.034714155547e-02    1.793229786431e-05    4.173929526488e-05    2.797814529867e-01
  1.222089684868e-01    1.729931406967e+03    6.181049029297e-02    5.010449360822e-02    1.645098544556e-02    2.468030698340e-02    5.465897872522e-01    2.052473912727e-02    1.626890326519e-05    4.147540042556e-05    2.797814529867e-01
  1.222090278295e-01    1.739900828854e+03    6.108834078092e-02    4.548545750815e-02    1.633444702081e-02    2.514411974909e-02    5.514327502971e-01    2.067753158068e-02    1.474229370360e-05    4.115778280834e-05    2.797814529867e-01
  1.222090890571e-01    1.749868880470e+03    6.043884283509e-02    4.124801549353e-02    1.621296334780e-02    2.560064982833e-02    5.558592264781e-01    2.080470839602e-02    1.335179649325e-05    4.078883787047e-05    2.797814529867e-01
  1.222091523090e-01    1.759835818480e+03    5.986315166948e-02    3.739399524457e-02    1.608968912789e-02    2.604957857898e-02    5.598639427959e-01    2.090572322038e-02    1.209547567834e-05    4.037090035445e-05    2.797814529867e-01
  1.222092177169e-01    1.769801926264e+03    5.936155924633e-02    3.392112078045e-02    1.596756123560e-02    2.649058198081e-02    5.634464995194e-01    2.098034799264e-02    1.097003318305e-05    3.990622487182e-05    2.797814529867e-01
  1.222092854015e-01    1.779767504966e+03    5.893338379037e-02    3.082264173237e-02    1.584915291003e-02    2.692333896306e-02    5.666119430331e-01    2.102871883450e-02    9.970758165548e-06    3.939699164500e-05    2.797814529867e-01
  1.222093554695e-01    1.789732860013e+03    5.857689330349e-02    2.808711117423e-02    1.573654405122e-02    2.734754433804e-02    5.693711483065e-01    2.105136896846e-02    9.091533958794e-06    3.884533735583e-05    2.797814529867e-01
  1.222094280113e-01    1.799698285323e+03    5.828929044046e-02    2.569842420255e-02    1.563122819041e-02    2.776292519920e-02    5.717408626713e-01    2.104923796526e-02    8.324933625356e-06    3.825341046483e-05    2.797814529867e-01
  1.222095030995e-01    1.809664049584e+03    5.806675454223e-02    2.363608526738e-02    1.553406417544e-02    2.816925986891e-02    5.737434388873e-01    2.102365844883e-02    7.662383344979e-06    3.762343987244e-05    2.797814529867e-01
  1.222095807889e-01    1.819630379910e+03    5.790455902142e-02    2.187578076225e-02    1.544528625086e-02    2.856639660916e-02    5.754061588816e-01    2.097631326430e-02    7.094414689915e-06    3.695780900139e-05    2.797814529867e-01
  1.222096611171e-01    1.829597451800e+03    5.779725134383e-02    2.039019945935e-02    1.536456767782e-02    2.895426974984e-02    5.767602208099e-01    2.090916787635e-02    6.610974042780e-06    3.625912212921e-05    2.797814529867e-01
  1.222097441070e-01    1.839565383087e+03    5.773888209818e-02    1.915004640075e-02    1.529112883729e-02    2.933291040117e-02    5.778394639164e-01    2.082438334122e-02    6.201769583951e-06    3.553024870163e-05    2.797814529867e-01
  1.222098297704e-01    1.849534233741e+03    5.772325866910e-02    1.812515160822e-02    1.522387157423e-02    2.970244955506e-02    5.786789651726e-01    2.072421947633e-02    5.856620392084e-06    3.477433737333e-05    2.797814529867e-01
  1.222099181111e-01    1.859504010908e+03    5.774419730720e-02    1.728556787291e-02    1.516151965432e-02    3.006311287373e-02    5.793136502046e-01    2.061093852968e-02    5.565776129408e-06    3.399479469405e-05    2.797814529867e-01
  1.222100091295e-01    1.869474677842e+03    5.779574894884e-02    1.660255678379e-02    1.510274696508e-02    3.041520745866e-02    5.797770524543e-01    2.048671899077e-02    5.320180382425e-06    3.319523143221e-05    2.797814529867e-01
  1.222101028257e-01    1.879446164959e+03    5.787238072115e-02    1.604938693232e-02    1.504628079805e-02    3.075910240051e-02    5.801003185826e-01    2.035358653396e-02    5.111660639761e-06    3.237938408352e-05    2.797814529867e-01
  1.222101992033e-01    1.889418381658e+03    5.796910337325e-02    1.560190185312e-02    1.499097347900e-02    3.109520580776e-02    5.803115126199e-01    2.021336581702e-02    4.933040162897e-06    3.155102307730e-05    2.797814529867e-01
  1.222102982708e-01    1.899391226614e+03    5.808154373778e-02    1.523885042686e-02    1.493584307822e-02    3.142394093946e-02    5.804352234316e-01    2.006765336378e-02    4.778175994382e-06    3.071385957938e-05    2.797814529867e-01
  1.222104000440e-01    1.909364596522e+03    5.820596812304e-02    1.494200061544e-02    1.488008849636e-02    3.174572431903e-02    5.804924429623e-01    1.991780909932e-02    4.641936080648e-06    2.987146172345e-05    2.797814529867e-01
  1.222105045466e-01    1.919338392624e+03    5.833926570476e-02    1.469607418824e-02    1.482308441618e-02    3.206094745422e-02    5.805006649293e-01    1.976496300382e-02    4.520130446230e-06    2.902718636321e-05    2.797814529867e-01
  1.222106118103e-01    1.929312524765e+03    5.847890369757e-02    1.448855067546e-02    1.476436423575e-02    3.236996334217e-02    5.804741392418e-01    1.961003227690e-02    4.409413117620e-06    2.818413053260e-05    2.797814529867e-01
  1.222107218751e-01    1.939286913906e+03    5.862286472523e-02    1.430938600724e-02    1.470359648884e-02    3.267307791760e-02    5.804242245779e-01    1.945374502569e-02    4.307168834313e-06    2.734510191966e-05    2.797814529867e-01
  1.222108347886e-01    1.949261492826e+03    5.876957591998e-02    1.415068809718e-02    1.464055961196e-02    3.297054610589e-02    5.803597864109e-01    1.929666686393e-02    4.211396537425e-06    2.651260691818e-05    2.797814529867e-01
  1.222109506055e-01    1.959236205923e+03    5.891783662187e-02    1.400638101610e-02    1.457511788474e-02    3.326257174511e-02    5.802876024438e-01    1.913922785196e-02    4.120597724219e-06    2.568885192538e-05    2.797814529867e-01
  1.222110693870e-01    1.969211008343e+03    5.906674972618e-02    1.387188189374e-02    1.450720025177e-02    3.354931033673e-02    5.802127474495e-01    1.898174792457e-02    4.033674951083e-06    2.487575582205e-05    2.797814529867e-01
  1.222111912001e-01    1.979185864665e+03    5.921565973735e-02    1.374380576443e-02    1.443678274241e-02    3.383087376209e-02    5.801389404905e-01    1.882445970474e-02    3.949843910056e-06    2.407496783579e-05    2.797814529867e-01
  1.222113161171e-01    1.989160747439e+03    5.936409912353e-02    1.361970700428e-02    1.436387453944e-02    3.410733610934e-02    5.800688456377e-01    1.866752815414e-02    3.868557799218e-06    2.328788702716e-05    2.797814529867e-01
  1.222114442149e-01    1.999135635794e+03    5.951174335867e-02    1.349786039679e-02    1.428850732092e-02    3.437873978147e-02    5.800043240557e-01    1.851106696048e-02    3.789448880702e-06    2.251569040557e-05    2.797814529867e-01
  1.222115755747e-01    2.009110514081e+03    5.965837429385e-02    1.337708092746e-02    1.421072739410e-02    3.464510153645e-02    5.799466394097e-01    1.835515182333e-02    3.712276762446e-06    2.175935158736e-05    2.797814529867e-01
  1.222117102819e-01    2.019085370696e+03    5.980385123969e-02    1.325658013368e-02    1.413059011508e-02    3.490641799975e-02    5.798966200726e-01    1.819983089352e-02    3.636894594684e-06    2.101966438199e-05    2.797814529867e-01
  1.222118484251e-01    2.029060197117e+03    5.994808861510e-02    1.313585407692e-02    1.404815602356e-02    3.516267049026e-02    5.798547845218e-01    1.804513280608e-02    3.563218280398e-06    2.029726129948e-05    2.797814529867e-01
  1.222119900969e-01    2.039034987022e+03    6.009103910721e-02    1.301459819900e-02    1.396348826830e-02    3.541382906444e-02    5.798214358283e-01    1.789107270668e-02    3.491206674804e-06    1.959263268488e-05    2.797814529867e-01
  1.222121353929e-01    2.049009735708e+03    6.023268139612e-02    1.289264475604e-02    1.387665094966e-02    3.565985574483e-02    5.797967305523e-01    1.773765662560e-02    3.420846363444e-06    1.890614239381e-05    2.797814529867e-01
  1.222122844122e-01    2.058984439630e+03    6.037301110512e-02    1.276991623519e-02    1.378770810662e-02    3.590070715617e-02    5.797807295406e-01    1.758488468636e-02    3.352140949648e-06    1.823804231909e-05    2.797814529867e-01
  1.222124372574e-01    2.068959095974e+03    6.051203468669e-02    1.264639368115e-02    1.369672312390e-02    3.613633642157e-02    5.797734322443e-01    1.743275326667e-02    3.285103966344e-06    1.758848501179e-05    2.797814529867e-01
  1.222125940344e-01    2.078933702367e+03    6.064976515791e-02    1.252209439539e-02    1.360375841499e-02    3.636669459468e-02    5.797748006633e-01    1.728125649826e-02    3.219754056602e-06    1.695753470705e-05    2.797814529867e-01
  1.222127548524e-01    2.088908256745e+03    6.078621927868e-02    1.239705703747e-02    1.350887527388e-02    3.659173168069e-02    5.797847751980e-01    1.713038725361e-02    3.156111949004e-06    1.634517902968e-05    2.797814529867e-01
  1.222129198243e-01    2.098882757195e+03    6.092141572779e-02    1.227133190773e-02    1.341213382495e-02    3.681139734153e-02    5.798032848949e-01    1.698013778126e-02    3.094198527856e-06    1.575133663007e-05    2.797814529867e-01
  1.222130890669e-01    2.108857201866e+03    6.105537396720e-02    1.214497481251e-02    1.331359303161e-02    3.702564137102e-02    5.798302538327e-01    1.683050009828e-02    3.034033798770e-06    1.517586613636e-05    2.797814529867e-01
  1.222132627004e-01    2.118831588896e+03    6.118811355715e-02    1.201804332517e-02    1.321331072452e-02    3.723441399456e-02    5.798656049750e-01    1.668146622573e-02    2.975636309583e-06    1.461857483820e-05    2.797814529867e-01
  1.222134408493e-01    2.128805916394e+03    6.131965377085e-02    1.189059461038e-02    1.311134365344e-02    3.743766606801e-02    5.799092623467e-01    1.653302831843e-02    2.919022887549e-06    1.407922260024e-05    2.797814529867e-01
  1.222136236420e-01    2.138780182413e+03    6.145001338914e-02    1.176268423784e-02    1.300774753224e-02    3.763534918338e-02    5.799611521962e-01    1.638517873339e-02    2.864208670861e-06    1.355753245096e-05    2.797814529867e-01
  1.222138112113e-01    2.148754384917e+03    6.157921060688e-02    1.163436559672e-02    1.290257708714e-02    3.782741573192e-02    5.800212035310e-01    1.623791005954e-02    2.811207094670e-06    1.305319302054e-05    2.797814529867e-01
  1.222140036945e-01    2.158728521819e+03    6.170726300602e-02    1.150568966618e-02    1.279588610280e-02    3.801381893493e-02    5.800893482831e-01    1.609121512392e-02    2.760030114644e-06    1.256586622070e-05    2.797814529867e-01
  1.222142012335e-01    2.168702590962e+03    6.183418756663e-02    1.137670499985e-02    1.268772747024e-02    3.819451285938e-02    5.801655212533e-01    1.594508698578e-02    2.710688270028e-06    1.209518980257e-05    2.797814529867e-01
  1.222144039751e-01    2.178676589713e+03    6.196000066344e-02    1.124745774281e-02    1.257815319515e-02    3.836945237677e-02    5.802496601201e-01    1.579951894116e-02    2.663190893116e-06    1.164078300252e-05    2.797814529867e-01
  1.222146120713e-01    2.188650515851e+03    6.208471813724e-02    1.111799180138e-02    1.246721446932e-02    3.853859320999e-02    5.803417051139e-01    1.565450448490e-02    2.617546258694e-06    1.120225029536e-05    2.797814529867e-01
  1.222148256791e-01    2.198624366732e+03    6.220835530753e-02    1.098834898899e-02    1.235496168379e-02    3.870189188414e-02    5.804415988874e-01    1.551003731525e-02    2.573761729170e-06    1.077918444879e-05    2.797814529867e-01
  1.222150449615e-01    2.208598139802e+03    6.233092702978e-02    1.085856917290e-02    1.224144448820e-02    3.885930576288e-02    5.805492862405e-01    1.536611130505e-02    2.531843899243e-06    1.037117004974e-05    2.797814529867e-01
  1.222152700870e-01    2.218571832151e+03    6.245244768556e-02    1.072869037512e-02    1.212671175508e-02    3.901079293836e-02    5.806647141609e-01    1.522272051338e-02    2.491798699993e-06    9.977786218822e-06    2.797814529867e-01
  1.222155012304e-01    2.228545440781e+03    6.257293124513e-02    1.059874891734e-02    1.201081166085e-02    3.915631229553e-02    5.807878314985e-01    1.507985915544e-02    2.453631506591e-06    9.598608961753e-06    2.797814529867e-01
  1.222157385727e-01    2.238518962595e+03    6.269239128642e-02    1.046877954338e-02    1.189379168787e-02    3.929582347087e-02    5.809185888675e-01    1.493752159691e-02    2.417347246607e-06    9.233213099368e-06    2.797814529867e-01
  1.222159823018e-01    2.248492394264e+03    6.281084101805e-02    1.033881552844e-02    1.177569864806e-02    3.942928683060e-02    5.810569385167e-01    1.479570234655e-02    2.382950472169e-06    8.881174398807e-06    2.797814529867e-01
  1.222162326126e-01    2.258465732314e+03    6.292829330514e-02    1.020888877621e-02    1.165657870632e-02    3.955666346381e-02    5.812028341992e-01    1.465439604527e-02    2.350445440646e-06    8.542071912307e-06    2.797814529867e-01
  1.222164897073e-01    2.268438973092e+03    6.304476068932e-02    1.007902991210e-02    1.153647739856e-02    3.967791516321e-02    5.813562310671e-01    1.451359745903e-02    2.319836128531e-06    8.215487831709e-06    2.797814529867e-01
  1.222167537960e-01    2.278412112715e+03    6.316025540735e-02    9.949268367484e-03    1.141543965019e-02    3.979300440890e-02    5.815170855704e-01    1.437330147236e-02    2.291126352141e-06    7.901010246011e-06    2.797814529867e-01
  1.222170250970e-01    2.288385147032e+03    6.327478940854e-02    9.819632455384e-03    1.129350979515e-02    3.990189435503e-02    5.816853553641e-01    1.423350308208e-02    2.264319734498e-06    7.598233269960e-06    2.797814529867e-01
  1.222173038373e-01    2.298358071704e+03    6.338837436747e-02    9.690149432389e-03    1.117073158376e-02    4.000454880259e-02    5.818609992570e-01    1.409419739185e-02    2.239419772861e-06    7.306758401552e-06    2.797814529867e-01
  1.222175902530e-01    2.308330882081e+03    6.350102170581e-02    9.560845578797e-03    1.104714821301e-02    4.010093220506e-02    5.820439770812e-01    1.395537960465e-02    2.216429840753e-06    7.026194925094e-06    2.797814529867e-01
  1.222178845896e-01    2.318303573221e+03    6.361274260188e-02    9.431746253528e-03    1.092280233296e-02    4.019100964428e-02    5.822342496475e-01    1.381704501950e-02    2.195353186179e-06    6.756160431022e-06    2.797814529867e-01
  1.222181871033e-01    2.328276140065e+03    6.372354800811e-02    9.302875947446e-03    1.079773606430e-02    4.027474682615e-02    5.824317786693e-01    1.367918902279e-02    2.176192982417e-06    6.496282203549e-06    2.797814529867e-01
  1.222184980607e-01    2.338248576696e+03    6.383344863890e-02    9.174258343153e-03    1.067199099606e-02    4.035210999727e-02    5.826365267869e-01    1.354180710266e-02    2.158952255918e-06    6.246196057487e-06    2.797814529867e-01
  1.222188177401e-01    2.348220877219e+03    6.394245501870e-02    9.045916323701e-03    1.054560823256e-02    4.042306606886e-02    5.828484573722e-01    1.340489481535e-02    2.143633907635e-06    6.005547966067e-06    2.797814529867e-01
  1.222191464318e-01    2.358193035366e+03    6.405057746777e-02    8.917872100237e-03    1.041862837120e-02    4.048758246234e-02    5.830675345740e-01    1.326844780356e-02    2.130240703579e-06    5.773993488470e-06    2.797814529867e-01
  1.222194844394e-01    2.368165044253e+03    6.415782611521e-02    8.790147167820e-03    1.029109153862e-02    4.054562718981e-02    5.832937232407e-01    1.313246178721e-02    2.118775230127e-06    5.551198688841e-06    2.797814529867e-01
  1.222198320799e-01    2.378136896562e+03    6.426421090859e-02    8.662762395170e-03    1.016303739017e-02    4.059716879369e-02    5.835269888853e-01    1.299693256141e-02    2.109239863807e-06    5.336839098306e-06    2.797814529867e-01
  1.222201896854e-01    2.388108584172e+03    6.436974161511e-02    8.535738041274e-03    1.003450512349e-02    4.064217633483e-02    5.837672976626e-01    1.286185599850e-02    2.101636739939e-06    5.130600697539e-06    2.797814529867e-01
  1.222205576037e-01    2.398080098726e+03    6.447442784200e-02    8.409093790267e-03    9.905533491680e-03    4.068061940629e-02    5.840146163016e-01    1.272722803441e-02    2.095967702341e-06    4.932179344916e-06    2.797814529867e-01
  1.222209361993e-01    2.408051430938e+03    6.457827903369e-02    8.282848799063e-03    9.776160816527e-03    4.071246810327e-02    5.842689120684e-01    1.259304467743e-02    2.092234248362e-06    4.741280639263e-06    2.797814529867e-01
  1.222213258552e-01    2.418022570963e+03    6.468130447915e-02    8.157021705906e-03    9.646424991039e-03    4.073769300868e-02    5.845301527686e-01    1.245930200140e-02    2.090437523285e-06    4.557621008811e-06    2.797814529867e-01
  1.222217269737e-01    2.427993508064e+03    6.478351332228e-02    8.031630680950e-03    9.516363501847e-03    4.075626520321e-02    5.847983066568e-01    1.232599614504e-02    2.090578152513e-06    4.380925006812e-06    2.797814529867e-01
  1.222221399782e-01    2.437964230604e+03    6.488491455869e-02    7.906693435951e-03    9.386013427568e-03    4.076815622215e-02    5.850733424707e-01    1.219312331370e-02    2.092656326212e-06    4.210928195614e-06    2.797814529867e-01
  1.222225653148e-01    2.447934725982e+03    6.498551704656e-02    7.782227256913e-03    9.255411455371e-03    4.077333806741e-02    5.853552293652e-01    1.206067977533e-02    2.096671608409e-06    4.047374933150e-06    2.797814529867e-01
  1.222230034542e-01    2.457904980514e+03    6.508532950961e-02    7.658249028349e-03    9.124593889496e-03    4.077178319203e-02    5.856439368917e-01    1.192866186071e-02    2.102622906486e-06    3.890018449319e-06    2.797814529867e-01
  1.222234548939e-01    2.467874979320e+03    6.518436054098e-02    7.534775255770e-03    8.993596661000e-03    4.076346449077e-02    5.859394349719e-01    1.179706596309e-02    2.110508427231e-06    3.738621394164e-06    2.797814529867e-01
  1.222239201602e-01    2.477844706255e+03    6.528261860791e-02    7.411822087507e-03    8.862455337547e-03    4.074835529382e-02    5.862416938688e-01    1.166588853706e-02    2.120325552257e-06    3.592955074633e-06    2.797814529867e-01
  1.222243998113e-01    2.487814143519e+03    6.538011205097e-02    7.289405337132e-03    8.731205133674e-03    4.072642935243e-02    5.865506841665e-01    1.153512610261e-02    2.132070771151e-06    3.452799188547e-06    2.797814529867e-01
  1.222248944399e-01    2.497783271914e+03    6.547684909317e-02    7.167540499298e-03    8.599880918527e-03    4.069766083924e-02    5.868663767428e-01    1.140477523891e-02    2.145739591969e-06    3.317941732135e-06    2.797814529867e-01
  1.222254046764e-01    2.507752070304e+03    6.557283783839e-02    7.046242774912e-03    8.468517228478e-03    4.066202434200e-02    5.871887427340e-01    1.127483259035e-02    2.161326446970e-06    3.188178717324e-06    2.797814529867e-01
  1.222259311931e-01    2.517720515648e+03    6.566808627558e-02    6.925527083859e-03    8.337148274283e-03    4.061949485707e-02    5.875177535196e-01    1.114529486436e-02    2.178824594647e-06    3.063313942151e-06    2.797814529867e-01
  1.222264747080e-01    2.527688582591e+03    6.576260227886e-02    6.805408088674e-03    8.205807953021e-03    4.057004778377e-02    5.878533806886e-01    1.101615883546e-02    2.198226040846e-06    2.943158877794e-06    2.797814529867e-01
  1.222270359900e-01    2.537656243320e+03    6.585639361018e-02    6.685900206694e-03    8.074529856744e-03    4.051365892531e-02    5.881955960158e-01    1.088742134525e-02    2.219521383432e-06    2.827531881919e-06    2.797814529867e-01
  1.222276158640e-01    2.547623467239e+03    6.594946792028e-02    6.567017629538e-03    7.943347283164e-03    4.045030448637e-02    5.885443714300e-01    1.075907930511e-02    2.242699784526e-06    2.716259056403e-06    2.797814529867e-01
  1.222282152175e-01    2.557590220582e+03    6.604183274890e-02    6.448774340028e-03    7.812293246852e-03    4.037996107526e-02    5.888996789814e-01    1.063112969960e-02    2.267748768930e-06    2.609172427775e-06    2.797814529867e-01
  1.222288350076e-01    2.567556466473e+03    6.613349553038e-02    6.331184122163e-03    7.681400486075e-03    4.030260571389e-02    5.892614908118e-01    1.050356958354e-02    2.294654181157e-06    2.506111296030e-06    2.797814529867e-01
  1.222294762694e-01    2.577522163441e+03    6.622446358050e-02    6.214260592083e-03    7.550701484656e-03    4.021821583130e-02    5.896297791022e-01    1.037639610147e-02    2.323400032188e-06    2.406921008045e-06    2.797814529867e-01
  1.222301401259e-01    2.587487266092e+03    6.631474410912e-02    6.098017197769e-03    7.420228469877e-03    4.012676927831e-02    5.900045160612e-01    1.024960647552e-02    2.353968387974e-06    2.311453067470e-06    2.797814529867e-01
  1.222308277987e-01    2.597451723545e+03    6.640434420431e-02    5.982467246368e-03    7.290013434605e-03    4.002824429441e-02    5.903856739040e-01    1.012319802548e-02    2.386339243585e-06    2.219564871461e-06    2.797814529867e-01
  1.222315406214e-01    2.607415480271e+03    6.649327086018e-02    5.867623897684e-03    7.160088141832e-03    3.992261966491e-02    5.907732246886e-01    9.997168150123e-03    2.420490386445e-06    2.131119609847e-06    2.797814529867e-01
  1.222322800543e-01    2.617378473259e+03    6.658153093430e-02    5.753500224534e-03    7.030484154027e-03    3.980987456688e-02    5.911671403791e-01    9.871514371775e-03    2.456397257520e-06    2.045985443824e-06    2.797814529867e-01
  1.222330477031e-01    2.627340632563e+03    6.666913116784e-02    5.640109191274e-03    6.901232833712e-03    3.968998868961e-02    5.915673927406e-01    9.746234320826e-03    2.494032848567e-06    1.964036584303e-06    2.797814529867e-01
  1.222338453396e-01    2.637301879446e+03    6.675607817139e-02    5.527463690023e-03    6.772365369199e-03    3.956294223895e-02    5.919739532668e-01    9.621325757810e-03    2.533367519177e-06    1.885151609320e-06    2.797814529867e-01
  1.222346749270e-01    2.647262126615e+03    6.684237843465e-02    5.415576538724e-03    6.643912780702e-03    3.942871601166e-02    5.923867930957e-01    9.496786568721e-03    2.574368871829e-06    1.809214259492e-06    2.797814529867e-01
  1.222355386502e-01    2.657221274029e+03    6.692803828724e-02    5.304460542275e-03    6.515905967303e-03    3.928729139203e-02    5.928058828924e-01    9.372614817539e-03    2.617001601469e-06    1.736112925209e-06    2.797814529867e-01
  1.222364389522e-01    2.667179209768e+03    6.701306391991e-02    5.194128474645e-03    6.388375701163e-03    3.913865045735e-02    5.932311927642e-01    9.248808728269e-03    2.661227334379e-06    1.665740452926e-06    2.797814529867e-01
  1.222373785785e-01    2.677135805487e+03    6.709746134062e-02    5.084593138024e-03    6.261352684832e-03    3.898277599304e-02    5.936626921137e-01    9.125366744467e-03    2.707004480744e-06    1.597994077788e-06    2.797814529867e-01
  1.222383606304e-01    2.687090917276e+03    6.718123640527e-02    4.975867337643e-03    6.134867538793e-03    3.881965171037e-02    5.941003494515e-01    9.002287506541e-03    2.754288040551e-06    1.532775099908e-06    2.797814529867e-01
  1.222393886321e-01    2.697044376704e+03    6.726439472528e-02    4.867964012557e-03    6.008950911620e-03    3.864926218432e-02    5.945441321902e-01    8.879569970917e-03    2.803029479627e-06    1.469988913949e-06    2.797814529867e-01
  1.222404666127e-01    2.706995993046e+03    6.734694171289e-02    4.760896161217e-03    5.883633451982e-03    3.847159314795e-02    5.949940064488e-01    8.757213369215e-03    2.853176511590e-06    1.409544722340e-06    2.797814529867e-01
  1.222415992099e-01    2.716945543334e+03    6.742888249842e-02    4.654676983554e-03    5.758945918115e-03    3.828663161818e-02    5.954499366365e-01    8.635217330106e-03    2.904672923307e-06    1.351355439306e-06    2.797814529867e-01
  1.222427918018e-01    2.726892768846e+03    6.751022191448e-02    4.549319883725e-03    5.634919218724e-03    3.809436612887e-02    5.959118851571e-01    8.513581914414e-03    2.957458383942e-06    1.295337559378e-06    2.797814529867e-01
  1.222440506750e-01    2.736837365450e+03    6.759096442546e-02    4.444838568210e-03    5.511584517883e-03    3.789478703830e-02    5.963798118548e-01    8.392307729381e-03    3.011468231722e-06    1.241411037866e-06    2.797814529867e-01
  1.222453832447e-01    2.746778972713e+03    6.767111405609e-02    4.341247146954e-03    5.388973348985e-03    3.768788692061e-02    5.968536733579e-01    8.271396050387e-03    3.066633247443e-06    1.189499154862e-06    2.797814529867e-01
  1.222467983418e-01    2.756717162144e+03    6.775067430691e-02    4.238560205869e-03    5.267117744785e-03    3.747366107193e-02    5.973334223149e-01    8.150848960964e-03    3.122879416879e-06    1.139528466573e-06    2.797814529867e-01
  1.222483066017e-01    2.766651414989e+03    6.782964800366e-02    4.136793047636e-03    5.146050467597e-03    3.725210821745e-02    5.978190061160e-01    8.030669604653e-03    3.180127648392e-06    1.091428666449e-06    2.797814529867e-01
  1.222499209940e-01    2.776581098206e+03    6.790803712641e-02    4.035961863656e-03    5.025805262799e-03    3.702323141817e-02    5.983103654531e-01    7.910862463154e-03    3.238293463579e-06    1.045132566400e-06    2.797814529867e-01
  1.222516575589e-01    2.786505430199e+03    6.798584257544e-02    3.936084026532e-03    4.906417211920e-03    3.678703937282e-02    5.988074322150e-01    7.791433748951e-03    3.297286623501e-06    1.000576042498e-06    2.797814529867e-01
  1.222535364606e-01    2.796423427036e+03    6.806306378883e-02    3.837178570074e-03    4.787923303800e-03    3.654354827284e-02    5.993101263390e-01    7.672392029999e-03    3.357010667341e-06    9.576980389587e-07    2.797814529867e-01
  1.222555835302e-01    2.806333831737e+03    6.813969824280e-02    3.739266760434e-03    4.670363171708e-03    3.629278441129e-02    5.998183515751e-01    7.553749048903e-03    3.417362330826e-06    9.164406928676e-07    2.797814529867e-01
  1.222578326069e-01    2.816234997555e+03    6.821574063166e-02    3.642373135686e-03    4.553780311755e-03    3.603478825701e-02    6.003319886282e-01    7.435521068787e-03    3.478230711134e-06    8.767494872531e-07    2.797814529867e-01
  1.222603292198e-01    2.826124717432e+03    6.829118166300e-02    3.546526914337e-03    4.438223869055e-03    3.576962063491e-02    6.008508850155e-01    7.317730846844e-03    3.539496106833e-06    8.385735176452e-07    2.797814529867e-01
  1.222631366487e-01    2.835999934994e+03    6.836600600969e-02    3.451764498520e-03    4.323751677958e-03    3.549737296844e-02    6.013748379765e-01    7.200410987764e-03    3.601028189513e-06    8.018662473496e-07    2.797814529867e-01
  1.222663464996e-01    2.845856242934e+03    6.844018874228e-02    3.358133791844e-03    4.210435549485e-03    3.521818481764e-02    6.019035650817e-01    7.083609760796e-03    3.662682922435e-06    7.665866458712e-07    2.797814529867e-01
  1.222700984983e-01    2.855686965395e+03    6.851368880587e-02    3.265702065926e-03    4.098370954264e-03    3.493227609026e-02    6.024366503557e-01    6.967401742768e-03    3.724297027301e-06    7.327014218053e-07    2.797814529867e-01
  1.222746211826e-01    2.865481264888e+03    6.858643553738e-02    3.174572387624e-03    3.987697080579e-03    3.464001283424e-02    6.029734335102e-01    6.851909796621e-03    3.785676714245e-06    7.001899303208e-07    2.797814529867e-01
  1.222803270082e-01    2.875219827848e+03    6.865829787964e-02    3.084920958167e-03    3.878642642971e-03    3.434205657697e-02    6.035127581450e-01    6.737355183117e-03    3.846571999857e-06    6.690554002571e-07    2.797814529867e-01
  1.222880808749e-01    2.884862934742e+03    6.872899910173e-02    2.997100938378e-03    3.771653003856e-03    3.403977445123e-02    6.040522773138e-01    6.624196242170e-03    3.906605626998e-06    6.393564898158e-07    2.797814529867e-01
  1.223002413144e-01    2.894306264415e+03    6.879780030895e-02    2.912028300689e-03    3.667862569203e-03    3.373674874857e-02    6.045858882796e-01    6.513642471954e-03    3.965008543133e-06    6.113257306895e-07    2.797814529867e-01
  1.223289841372e-01    2.903072400663e+03    6.886128658355e-02    2.833886164307e-03    3.572404402506e-03    3.344923336954e-02    6.050858857737e-01    6.411245749924e-03    4.018762903775e-06    5.862068147765e-07    2.797814529867e-01
  1.246269849615e-01    2.905847550539e+03    6.888130901948e-02    2.809315927662e-03    3.542365925595e-03    3.335696250897e-02    6.052451044657e-01    6.378875065260e-03    4.035669453431e-06    5.784311836300e-07    2.797814529867e-01
  1.346269849615e-01    2.905847550539e+03    6.888130901948e-02    2.809315927666e-03    3.542365925600e-03    3.335696250899e-02    6.052451044656e-01    6.378875065265e-03    4.035669453428e-06    5.784311836313e-07    2.797814529867e-01
  1.446269849615e-01    2.905847550539e+03    6.888130901948e-02    2.809315927666e-03    3.542365925600e-03    3.335696250899e-02    6.052451044656e-01    6.378875065265e-03    4.035669453428e-06    5.784311836313e-07    2.797814529867e-01
  1.546269849615e-01    2.905847550539e+03    6.888130901948e-02    2.809315927666e-03    3.542365925600e-03    3.335696250899e-02    6.052451044656e-01    6.378875065265e-03    4.035669453428e-06    5.784311836313e-07    2.797814529867e-01
  1.646269849615e-01    2.905847550539e+03    6.888130901948e-02    2.809315927666e-03    3.542365925600e-03    3.335696250899e-02    6.052451044656e-01    6.378875065265e-03    4.035669453428e-06    5.784311836313e-07    2.797814529867e-01
  1.746269849615e-01    2.905847550539e+03    6.888130901948e-02    2.809315927666e-03    3.542365925600e-03    3.335696250899e-02    6.052451044656e-01    6.378875065265e-03    4.035669453428e-06    5.784311836313e-07    2.797814529867e-01
  1.846269849615e-01    2.905847550539e+03    6.888130901948e-02    2.809315927666e-03    3.542365925600e-03    3.335696250899e-02    6.052451044656e-01    6.378875065265e-03    4.035669453428e-06    5.784311836313e-07    2.797814529867e-01
  1.946269849615e-01    2.905847550539e+03    6.888130901948e-02    2.809315927666e-03    3.542365925600e-03    3.335696250899e-02    6.052451044656e-01    6.378875065265e-03    4.035669453428e-06    5.784311836313e-07    2.797814529867e-01
  2.046269849615e-01    2.905847550539e+03    6.888130901948e-02    2.809315927666e-03    3.542365925600e-03    3.335696250899e-02    6.052451044656e-01    6.378875065265e-03    4.035669453428e-06    5.784311836313e-07    2.797814529867e-01
  2.146269849615e-01    2.905847550539e+03    6.888130901948e-02    2.809315927666e-03    3.542365925600e-03    3.335696250899e-02    6.052451044656e-01    6.378875065265e-03    4.035669453428e-06    5.784311836313e-07    2.797814529867e-01
  2.246269849615e-01    2.905847550539e+03    6.888130901948e-02    2.809315927666e-03    3.542365925600e-03    3.335696250899e-02    6.052451044656e-01    6.378875065265e-03    4.035669453428e-06    5.784311836313e-07    2.797814529867e-01
  2.346269849615e-01    2.905847550539e+03    6.888130901948e-02    2.809315927666e-03    3.542365925600e-03    3.335696250899e-02    6.052451044656e-01    6.378875065265e-03    4.035669453428e-06    5.784311836313e-07    2.797814529867e-01
  2.446269849615e-01    2.905847550539e+03    6.888130901948e-02    2.809315927666e-03    3.542365925600e-03    3.335696250899e-02    6.052451044656e-01    6.378875065265e-03    4.035669453428e-06    5.784311836313e-07    2.797814529867e-01
  2.546269849615e-01    2.905847550539e+03    6.888130901948e-02    2.809315927666e-03    3.542365925600e-03    3.335696250899e-02    6.052451044656e-01    6.378875065265e-03    4.035669453428e-06    5.784311836313e-07    2.797814529867e-01
  2.646269849615e-01    2.905847550539e+03    6.888130901948e-02    2.809315927666e-03    3.542365925600e-03    3.335696250899e-02    6.052451044656e-01    6.378875065265e-03    4.035669453428e-06    5.784311836313e-07    2.797814529867e-01
  2.746269849615e-01    2.905847550539e+03    6.888130901948e-02    2.809315927666e-03    3.542365925600e-03    3.335696250899e-02    6.052451044656e-01    6.378875065265e-03    4.035669453428e-06    5.784311836313e-07    2.797814529867e-01
  2.846269849615e-01    2.905847550539e+03    6.888130901948e-02    2.809315927666e-03    3.542365925600e-03    3.335696250899e-02    6.052451044656e-01    6.378875065265e-03    4.035669453428e-06    5.784311836313e-07    2.797814529867e-01
  2.946269849615e-01    2.905847550539e+03    6.888130901948e-02    2.809315927666e-03    3.542365925600e-03    3.335696250899e-02    6.052451044656e-01    6.378875065265e-03    4.035669453428e-06    5.784311836313e-07    2.797814529867e-01
  3.046269849615e-01    2.905847550539e+03    6.888130901948e-02    2.809315927666e-03    3.542365925600e-03    3.335696250899e-02    6.052451044656e-01    6.378875065265e-03    4.035669453428e-06    5.784311836313e-07    2.797814529867e-01
  3.146269849615e-01    2.905847550539e+03    6.888130901948e-02    2.809315927666e-03    3.542365925600e-03    3.335696250899e-02    6.052451044656e-01    6.378875065265e-03    4.035669453428e-06    5.784311836313e-07    2.797814529867e-01
  3.246269849615e-01    2.905847550539e+03    6.888130901948e-02    2.809315927666e-03    3.542365925600e-03    3.335696250899e-02    6.052451044656e-01    6.378875065265e-03    4.035669453428e-06    5.784311836313e-07    2.797814529867e-01
  3.346269849615e-01    2.905847550539e+03    6.888130901948e-02    2.809315927666e-03    3.542365925600e-03    3.335696250899e-02    6.052451044656e-01    6.378875065265e-03    4.035669453428e-06    5.784311836313e-07    2.797814529867e-01
  3.446269849615e-01    2.905847550539e+03    6.888130901948e-02    2.809315927666e-03    3.542365925600e-03    3.335696250899e-02    6.052451044656e-01    6.378875065265e-03    4.035669453428e-06    5.784311836313e-07    2.797814529867e-01
  3.546269849615e-01    2.905847550539e+03    6.888130901948e-02    2.809315927666e-03    3.542365925600e-03    3.335696250899e-02    6.052451044656e-01    6.378875065265e-03    4.035669453428e-06    5.784311836313e-07    2.797814529867e-01
  3.646269849615e-01    2.905847550539e+03    6.888130901948e-02    2.809315927666e-03    3.542365925600e-03    3.335696250899e-02    6.052451044656e-01    6.378875065265e-03    4.035669453428e-06    5.784311836313e-07    2.797814529867e-01
  3.746269849615e-01    2.905847550539e+03    6.888130901948e-02    2.809315927666e-03    3.542365925600e-03    3.335696250899e-02    6.052451044656e-01    6.378875065265e-03    4.035669453428e-06    5.784311836313e-07    2.797814529867e-01
  3.846269849615e-01    2.905847550539e+03    6.888130901948e-02    2.809315927666e-03    3.542365925600e-03    3.335696250899e-02    6.052451044656e-01    6.378875065265e-03    4.035669453428e-06    5.784311836313e-07    2.797814529867e-01
  3.946269849615e-01    2.905847550539e+03    6.888130901948e-02    2.809315927666e-03    3.542365925600e-03    3.335696250899e-02    6.052451044656e-01    6.378875065265e-03    4.035669453428e-06    5.784311836313e-07    2.797814529867e-01
  4.046269849615e-01    2.905847550539e+03    6.888130901948e-02    2.809315927666e-03    3.542365925600e-03    3.335696250899e-02    6.052451044656e-01    6.378875065265e-03    4.035669453429e-06    5.784311836313e-07    2.797814529867e-01
  4.146269849615e-01    2.905847550539e+03    6.888130901948e-02    2.809315927666e-03    3.542365925600e-03    3.335696250899e-02    6.052451044656e-01    6.378875065265e-03    4.035669453429e-06    5.784311836313e-07    2.797814529867e-01
  4.246269849615e-01    2.905847550539e+03    6.888130901948e-02    2.809315927666e-03    3.542365925600e-03    3.335696250899e-02    6.052451044656e-01    6.378875065265e-03    4.035669453429e-06    5.784311836313e-07    2.797814529867e-01
  4.346269849615e-01    2.905847550539e+03    6.888130901948e-02    2.809315927666e-03    3.542365925600e-03    3.335696250899e-02    6.052451044656e-01    6.378875065265e-03    4.035669453429e-06    5.784311836313e-07    2.797814529867e-01
  4.446269849615e-01    2.905847550539e+03    6.888130901948e-02    2.809315927666e-03    3.542365925600e-03    3.335696250899e-02    6.052451044656e-01    6.378875065265e-03    4.035669453429e-06    5.784311836313e-07    2.797814529867e-01
  4.546269849615e-01    2.905847550539e+03    6.888130901948e-02    2.809315927666e-03    3.542365925600e-03    3.335696250899e-02    6.052451044656e-01    6.378875065265e-03    4.035669453429e-06    5.784311836313e-07    2.797814529867e-01
  4.646269849615e-01    2.905847550539e+03    6.888130901948e-02    2.809315927666e-03    3.542365925601e-03    3.335696250899e-02    6.052451044656e-01    6.378875065265e-03    4.035669453429e-06    5.784311836313e-07    2.797814529867e-01
  4.746269849615e-01    2.905847550539e+03    6.888130901948e-02    2.809315927666e-03    3.542365925601e-03    3.335696250899e-02    6.052451044656e-01    6.378875065265e-03    4.035669453429e-06    5.784311836313e-07    2.797814529867e-01
  4.846269849615e-01    2.905847550539e+03    6.888130901948e-02    2.809315927666e-03    3.542365925601e-03    3.335696250899e-02    6.052451044656e-01    6.378875065265e-03    4.035669453429e-06    5.784311836313e-07    2.797814529867e-01
  4.946269849615e-01    2.905847550539e+03    6.888130901948e-02    2.809315927666e-03    3.542365925601e-03    3.335696250899e-02    6.052451044656e-01    6.378875065265e-03    4.035669453429e-06    5.784311836313e-07    2.797814529867e-01
  5.046269849615e-01    2.905847550539e+03    6.888130901948e-02    2.809315927666e-03    3.542365925601e-03    3.335696250899e-02    6.052451044656e-01    6.378875065265e-03    4.035669453429e-06    5.784311836313e-07    2.797814529867e-01
  5.146269849615e-01    2.905847550539e+03    6.888130901948e-02    2.809315927666e-03    3.542365925601e-03    3.335696250899e-02    6.052451044656e-01    6.378875065265e-03    4.035669453429e-06    5.784311836313e-07    2.797814529867e-01
  5.246269849615e-01    2.905847550539e+03    6.888130901948e-02    2.809315927666e-03    3.542365925601e-03    3.335696250899e-02    6.052451044656e-01    6.378875065265e-03    4.035669453429e-06    5.784311836313e-07    2.797814529867e-01
  5.346269849615e-01    2.905847550539e+03    6.888130901948e-02    2.809315927666e-03    3.542365925601e-03    3.335696250899e-02    6.052451044656e-01    6.378875065265e-03    4.035669453429e-06    5.784311836313e-07    2.797814529867e-01
  5.446269849615e-01    2.905847550539e+03    6.888130901948e-02    2.809315927666e-03    3.542365925601e-03    3.335696250899e-02    6.052451044656e-01    6.378875065265e-03    4.035669453429e-06    5.784311836313e-07    2.797814529867e-01
  5.546269849615e-01    2.905847550539e+03    6.888130901948e-02    2.809315927666e-03    3.542365925601e-03    3.335696250899e-02    6.052451044656e-01    6.378875065265e-03    4.035669453429e-06    5.784311836313e-07    2.797814529867e-01
  5.646269849615e-01    2.905847550539e+03    6.888130901948e-02    2.809315927666e-03    3.542365925601e-03    3.335696250899e-02    6.052451044656e-01    6.378875065265e-03    4.035669453429e-06    5.784311836313e-07    2.797814529867e-01
  5.746269849615e-01    2.905847550539e+03    6.888130901948e-02    2.809315927666e-03    3.542365925601e-03    3.335696250899e-02    6.052451044656e-01    6.378875065265e-03    4.035669453429e-06    5.784311836313e-07    2.797814529867e-01
  5.846269849615e-01    2.905847550539e+03    6.888130901948e-02    2.809315927667e-03    3.542365925601e-03    3.335696250899e-02    6.052451044656e-01    6.378875065265e-03    4.035669453429e-06    5.784311836313e-07    2.797814529867e-01
  5.946269849615e-01    2.905847550539e+03    6.888130901948e-02    2.809315927667e-03    3.542365925601e-03    3.335696250899e-02    6.052451044656e-01    6.378875065265e-03    4.035669453429e-06    5.784311836313e-07    2.797814529867e-01
  6.046269849615e-01    2.905847550539e+03    6.888130901948e-02    2.809315927667e-03    3.542365925601e-03    3.335696250899e-02    6.052451044656e-01    6.378875065265e-03    4.035669453429e-06    5.784311836313e-07    2.797814529867e-01
  6.146269849615e-01    2.905847550539e+03    6.888130901948e-02    2.809315927667e-03    3.542365925601e-03    3.335696250899e-02    6.052451044656e-01    6.378875065265e-03    4.035669453429e-06    5.784311836313e-07    2.797814529867e-01
  6.246269849615e-01    2.905847550539e+03    6.888130901948e-02    2.809315927667e-03    3.542365925601e-03    3.335696250899e-02    6.052451044656e-01    6.378875065265e-03    4.035669453429e-06    5.784311836313e-07    2.797814529867e-01
  6.346269849615e-01    2.905847550539e+03    6.888130901948e-02    2.809315927667e-03    3.542365925601e-03    3.335696250899e-02    6.052451044656e-01    6.378875065265e-03    4.035669453429e-06    5.784311836313e-07    2.797814529867e-01
  6.446269849615e-01    2.905847550539e+03    6.888130901948e-02    2.809315927667e-03    3.542365925601e-03    3.335696250899e-02    6.052451044656e-01    6.378875065265e-03    4.035669453429e-06    5.784311836313e-07    2.797814529867e-01
  6.546269849615e-01    2.905847550539e+03    6.888130901948e-02    2.809315927667e-03    3.542365925601e-03    3.335696250899e-02    6.052451044656e-01    6.378875065265e-03    4.035669453429e-06    5.784311836313e-07    2.797814529867e-01
  6.646269849615e-01    2.905847550539e+03    6.888130901948e-02    2.809315927667e-03    3.542365925601e-03    3.335696250899e-02    6.052451044656e-01    6.378875065265e-03    4.035669453429e-06    5.784311836313e-07    2.797814529867e-01
  6.746269849615e-01    2.905847550539e+03    6.888130901948e-02    2.809315927667e-03    3.542365925601e-03    3.335696250899e-02    6.052451044656e-01    6.378875065265e-03    4.035669453429e-06    5.784311836313e-07    2.797814529867e-01
  6.846269849615e-01    2.905847550539e+03    6.888130901948e-02    2.809315927667e-03    3.542365925601e-03    3.335696250899e-02    6.052451044656e-01    6.378875065265e-03    4.035669453429e-06    5.784311836313e-07    2.797814529867e-01
  6.946269849615e-01    2.905847550539e+03    6.888130901948e-02    2.809315927667e-03    3.542365925601e-03    3.335696250899e-02    6.052451044656e-01    6.378875065265e-03    4.035669453429e-06    5.784311836313e-07    2.797814529867e-01
  7.046269849615e-01    2.905847550539e+03    6.888130901948e-02    2.809315927667e-03    3.542365925601e-03    3.335696250899e-02    6.052451044656e-01    6.378875065265e-03    4.035669453429e-06    5.784311836313e-07    2.797814529867e-01
  7.146269849615e-01    2.905847550539e+03    6.888130901948e-02    2.809315927667e-03    3.542365925601e-03    3.335696250899e-02    6.052451044656e-01    6.378875065265e-03    4.035669453429e-06    5.784311836313e-07    2.797814529867e-01
  7.246269849615e-01    2.905847550539e+03    6.888130901948e-02    2.809315927667e-03    3.542365925601e-03    3.335696250899e-02    6.052451044656e-01    6.378875065265e-03    4.035669453429e-06    5.784311836313e-07    2.797814529867e-01
  7.346269849615e-01    2.905847550539e+03    6.888130901948e-02    2.809315927667e-03    3.542365925601e-03    3.335696250899e-02    6.052451044656e-01    6.378875065265e-03    4.035669453429e-06    5.784311836313e-07    2.797814529867e-01
  7.446269849615e-01    2.905847550539e+03    6.888130901948e-02    2.809315927667e-03    3.542365925601e-03    3.335696250899e-02    6.052451044656e-01    6.378875065265e-03    4.035669453429e-06    5.784311836313e-07    2.797814529867e-01
  7.546269849615e-01    2.905847550539e+03    6.888130901948e-02    2.809315927667e-03    3.542365925601e-03    3.335696250899e-02    6.052451044656e-01    6.378875065265e-03    4.035669453429e-06    5.784311836313e-07    2.797814529867e-01
  7.646269849615e-01    2.905847550539e+03    6.888130901948e-02    2.809315927667e-03    3.542365925601e-03    3.335696250899e-02    6.052451044656e-01    6.378875065265e-03    4.035669453429e-06    5.784311836313e-07    2.797814529867e-01
  7.746269849615e-01    2.905847550539e+03    6.888130901948e-02    2.809315927667e-03    3.542365925601e-03    3.335696250899e-02    6.052451044656e-01    6.378875065265e-03    4.035669453429e-06    5.784311836313e-07    2.797814529867e-01
  7.846269849615e-01    2.905847550539e+03    6.888130901948e-02    2.809315927667e-03    3.542365925601e-03    3.335696250899e-02    6.052451044656e-01    6.378875065265e-03    4.035669453429e-06    5.784311836313e-07    2.797814529867e-01
  7.946269849615e-01    2.905847550539e+03    6.888130901948e-02    2.809315927667e-03    3.542365925601e-03    3.335696250899e-02    6.052451044656e-01    6.378875065265e-03    4.035669453429e-06    5.784311836313e-07    2.797814529867e-01
  8.046269849615e-01    2.905847550539e+03    6.888130901948e-02    2.809315927667e-03    3.542365925601e-03    3.335696250899e-02    6.052451044656e-01    6.378875065265e-03    4.035669453429e-06    5.784311836313e-07    2.797814529867e-01
  8.146269849615e-01    2.905847550539e+03    6.888130901948e-02    2.809315927667e-03    3.542365925601e-03    3.335696250899e-02    6.052451044656e-01    6.378875065265e-03    4.035669453429e-06    5.784311836313e-07    2.797814529867e-01
  8.246269849615e-01    2.905847550539e+03    6.888130901948e-02    2.809315927667e-03    3.542365925601e-03    3.335696250899e-02    6.052451044656e-01    6.378875065265e-03    4.035669453429e-06    5.784311836313e-07    2.797814529867e-01
  8.346269849615e-01    2.905847550539e+03    6.888130901948e-02    2.809315927667e-03    3.542365925601e-03    3.335696250899e-02    6.052451044656e-01    6.378875065265e-03    4.035669453429e-06    5.784311836313e-07    2.797814529867e-01
  8.446269849615e-01    2.905847550539e+03    6.888130901948e-02    2.809315927667e-03    3.542365925601e-03    3.335696250899e-02    6.052451044656e-01    6.378875065265e-03    4.035669453429e-06    5.784311836313e-07    2.797814529867e-01
  8.546269849615e-01    2.905847550539e+03    6.888130901948e-02    2.809315927667e-03    3.542365925601e-03    3.335696250899e-02    6.052451044656e-01    6.378875065265e-03    4.035669453429e-06    5.784311836313e-07    2.797814529867e-01
  8.646269849615e-01    2.905847550539e+03    6.888130901948e-02    2.809315927667e-03    3.542365925601e-03    3.335696250899e-02    6.052451044656e-01    6.378875065265e-03    4.035669453429e-06    5.784311836313e-07    2.797814529867e-01
  8.746269849615e-01    2.905847550539e+03    6.888130901948e-02    2.809315927667e-03    3.542365925601e-03    3.335696250899e-02    6.052451044656e-01    6.378875065265e-03    4.035669453429e-06    5.784311836313e-07    2.797814529867e-01
  8.846269849615e-01    2.905847550539e+03    6.888130901948e-02    2.809315927667e-03    3.542365925601e-03    3.335696250899e-02    6.052451044656e-01    6.378875065265e-03    4.035669453429e-06    5.784311836313e-07    2.797814529867e-01
  8.946269849615e-01    2.905847550539e+03    6.888130901948e-02    2.809315927667e-03    3.542365925601e-03    3.335696250899e-02    6.052451044656e-01    6.378875065265e-03    4.035669453429e-06    5.784311836313e-07    2.797814529867e-01
  9.046269849615e-01    2.905847550539e+03    6.888130901948e-02    2.809315927667e-03    3.542365925601e-03    3.335696250899e-02    6.052451044656e-01    6.378875065265e-03    4.035669453429e-06    5.784311836313e-07    2.797814529867e-01
  9.146269849615e-01    2.905847550539e+03    6.888130901948e-02    2.809315927667e-03    3.542365925601e-03    3.335696250899e-02    6.052451044656e-01    6.378875065265e-03    4.035669453429e-06    5.784311836313e-07    2.797814529867e-01
  9.246269849615e-01    2.905847550539e+03    6.888130901948e-02    2.809315927667e-03    3.542365925601e-03    3.335696250899e-02    6.052451044656e-01    6.378875065265e-03    4.035669453429e-06    5.784311836313e-07    2.797814529867e-01
  9.346269849615e-01    2.905847550539e+03    6.888130901948e-02    2.809315927667e-03    3.542365925601e-03    3.335696250899e-02    6.052451044656e-01    6.378875065265e-03    4.035669453429e-06    5.784311836313e-07    2.797814529867e-01
  9.446269849615e-01    2.905847550539e+03    6.888130901948e-02    2.809315927667e-03    3.542365925601e-03    3.335696250899e-02    6.052451044656e-01    6.378875065265e-03    4.035669453429e-06    5.784311836313e-07    2.797814529867e-01
  9.546269849615e-01    2.905847550539e+03    6.888130901948e-02    2.809315927667e-03    3.542365925601e-03    3.335696250899e-02    6.052451044656e-01    6.378875065265e-03    4.035669453429e-06    5.784311836313e-07    2.797814529867e-01
  9.646269849615e-01    2.905847550539e+03    6.888130901948e-02    2.809315927667e-03    3.542365925601e-03    3.335696250899e-02    6.052451044656e-01    6.378875065265e-03    4.035669453429e-06    5.784311836313e-07    2.797814529867e-01
  9.746269849615e-01    2.905847550539e+03    6.888130901948e-02    2.809315927667e-03    3.542365925601e-03    3.335696250899e-02    6.052451044656e-01    6.378875065265e-03    4.035669453429e-06    5.784311836313e-07    2.797814529867e-01
  9.846269849615e-01    2.905847550539e+03    6.888130901948e-02    2.809315927667e-03    3.542365925601e-03    3.335696250899e-02    6.052451044656e-01    6.378875065265e-03    4.035669453429e-06    5.784311836313e-07    2.797814529867e-01
  9.946269849615e-01    2.905847550539e+03    6.888130901948e-02    2.809315927667e-03    3.542365925601e-03    3.335696250899e-02    6.052451044656e-01    6.378875065265e-03    4.035669453429e-06    5.784311836313e-07    2.797814529867e-01
  1.004626984961e+00    2.905847550539e+03    6.888130901948e-02    2.809315927667e-03    3.542365925601e-03    3.335696250899e-02    6.052451044656e-01    6.378875065265e-03    4.035669453429e-06    5.784311836313e-07    2.797814529867e-01
  1.014626984961e+00    2.905847550539e+03    6.888130901948e-02    2.809315927667e-03    3.542365925601e-03    3.335696250899e-02    6.052451044656e-01    6.378875065265e-03    4.035669453429e-06    5.784311836313e-07    2.797814529867e-01
  1.024626984961e+00    2.905847550539e+03    6.888130901948e-02    2.809315927667e-03    3.542365925601e-03    3.335696250899e-02    6.052451044656e-01    6.378875065265e-03    4.035669453429e-06    5.784311836313e-07    2.797814529867e-01
  1.034626984961e+00    2.905847550539e+03    6.888130901948e-02    2.809315927667e-03    3.542365925601e-03    3.335696250899e-02    6.052451044656e-01    6.378875065265e-03    4.035669453429e-06    5.784311836313e-07    2.797814529867e-01
  1.044626984961e+00    2.905847550539e+03    6.888130901948e-02    2.809315927667e-03    3.542365925601e-03    3.335696250899e-02    6.052451044656e-01    6.378875065265e-03    4.035669453429e-06    5.784311836313e-07    2.797814529867e-01
  1.054626984961e+00    2.905847550539e+03    6.888130901948e-02    2.809315927667e-03    3.542365925601e-03    3.335696250899e-02    6.052451044656e-01    6.378875065265e-03    4.035669453429e-06    5.784311836313e-07    2.797814529867e-01
  1.064626984961e+00    2.905847550539e+03    6.888130901948e-02    2.809315927667e-03    3.542365925601e-03    3.335696250899e-02    6.052451044656e-01    6.378875065265e-03    4.035669453429e-06    5.784311836313e-07    2.797814529867e-01
  1.074626984961e+00    2.905847550539e+03    6.888130901948e-02    2.809315927667e-03    3.542365925601e-03    3.335696250899e-02    6.052451044656e-01    6.378875065265e-03    4.035669453429e-06    5.784311836313e-07    2.797814529867e-01
  1.084626984961e+00    2.905847550539e+03    6.888130901948e-02    2.809315927667e-03    3.542365925601e-03    3.335696250899e-02    6.052451044656e-01    6.378875065265e-03    4.035669453429e-06    5.784311836313e-07    2.797814529867e-01
  1.094626984961e+00    2.905847550539e+03    6.888130901948e-02    2.809315927667e-03    3.542365925601e-03    3.335696250899e-02    6.052451044656e-01    6.378875065265e-03    4.035669453429e-06    5.784311836313e-07    2.797814529867e-01
  1.104626984961e+00    2.905847550539e+03    6.888130901948e-02    2.809315927667e-03    3.542365925601e-03    3.335696250899e-02    6.052451044656e-01    6.378875065265e-03    4.035669453429e-06    5.784311836313e-07    2.797814529867e-01
  1.114626984961e+00    2.905847550539e+03    6.888130901948e-02    2.809315927667e-03    3.542365925601e-03    3.335696250899e-02    6.052451044656e-01    6.378875065265e-03    4.035669453429e-06    5.784311836313e-07    2.797814529867e-01
  1.124626984961e+00    2.905847550539e+03    6.888130901948e-02    2.809315927667e-03    3.542365925601e-03    3.335696250899e-02    6.052451044656e-01    6.378875065265e-03    4.035669453429e-06    5.784311836313e-07    2.797814529867e-01
  1.134626984961e+00    2.905847550539e+03    6.888130901948e-02    2.809315927667e-03    3.542365925601e-03    3.335696250899e-02    6.052451044656e-01    6.378875065265e-03    4.035669453429e-06    5.784311836313e-07    2.797814529867e-01
  1.144626984961e+00    2.905847550539e+03    6.888130901948e-02    2.809315927667e-03    3.542365925601e-03    3.335696250899e-02    6.052451044656e-01    6.378875065265e-03    4.035669453429e-06    5.784311836313e-07    2.797814529867e-01
  1.154626984961e+00    2.905847550539e+03    6.888130901948e-02    2.809315927667e-03    3.542365925601e-03    3.335696250899e-02    6.052451044656e-01    6.378875065265e-03    4.035669453429e-06    5.784311836313e-07    2.797814529867e-01
  1.164626984961e+00    2.905847550539e+03    6.888130901948e-02    2.809315927667e-03    3.542365925601e-03    3.335696250899e-02    6.052451044656e-01    6.378875065265e-03    4.035669453429e-06    5.784311836313e-07    2.797814529867e-01
  1.174626984961e+00    2.905847550539e+03    6.888130901948e-02    2.809315927667e-03    3.542365925601e-03    3.335696250899e-02    6.052451044656e-01    6.378875065265e-03    4.035669453429e-06    5.784311836313e-07    2.797814529867e-01
  1.184626984961e+00    2.905847550539e+03    6.888130901948e-02    2.809315927667e-03    3.542365925601e-03    3.335696250899e-02    6.052451044656e-01    6.378875065265e-03    4.035669453429e-06    5.784311836313e-07    2.797814529867e-01
  1.194626984961e+00    2.905847550539e+03    6.888130901948e-02    2.809315927667e-03    3.542365925601e-03    3.335696250899e-02    6.052451044656e-01    6.378875065265e-03    4.035669453429e-06    5.784311836313e-07    2.797814529867e-01
  1.204626984961e+00    2.905847550539e+03    6.888130901948e-02    2.809315927667e-03    3.542365925601e-03    3.335696250899e-02    6.052451044656e-01    6.378875065265e-03    4.035669453429e-06    5.784311836313e-07    2.797814529867e-01
  1.214626984961e+00    2.905847550539e+03    6.888130901948e-02    2.809315927667e-03    3.542365925601e-03    3.335696250899e-02    6.052451044656e-01    6.378875065265e-03    4.035669453429e-06    5.784311836313e-07    2.797814529867e-01
  1.224626984961e+00    2.905847550539e+03    6.888130901948e-02    2.809315927667e-03    3.542365925601e-03    3.335696250899e-02    6.052451044656e-01    6.378875065265e-03    4.035669453429e-06    5.784311836314e-07    2.797814529867e-01
  1.234626984961e+00    2.905847550539e+03    6.888130901948e-02    2.809315927667e-03    3.542365925601e-03    3.335696250899e-02    6.052451044656e-01    6.378875065265e-03    4.035669453429e-06    5.784311836314e-07    2.797814529867e-01
  1.244626984961e+00    2.905847550539e+03    6.888130901948e-02    2.809315927667e-03    3.542365925601e-03    3.335696250899e-02    6.052451044656e-01    6.378875065265e-03    4.035669453429e-06    5.784311836314e-07    2.797814529867e-01
  1.254626984961e+00    2.905847550539e+03    6.888130901948e-02    2.809315927667e-03    3.542365925601e-03    3.335696250899e-02    6.052451044656e-01    6.378875065265e-03    4.035669453429e-06    5.784311836314e-07    2.797814529867e-01
  1.264626984961e+00    2.905847550539e+03    6.888130901948e-02    2.809315927667e-03    3.542365925601e-03    3.335696250899e-02    6.052451044656e-01    6.378875065265e-03    4.035669453429e-06    5.784311836314e-07    2.797814529867e-01
  1.274626984961e+00    2.905847550539e+03    6.888130901948e-02    2.809315927667e-03    3.542365925601e-03    3.335696250899e-02    6.052451044656e-01    6.378875065265e-03    4.035669453429e-06    5.784311836314e-07    2.797814529867e-01
  1.284626984961e+00    2.905847550539e+03    6.888130901948e-02    2.809315927667e-03    3.542365925601e-03    3.335696250899e-02    6.052451044656e-01    6.378875065265e-03    4.035669453429e-06    5.784311836314e-07    2.797814529867e-01
  1.294626984961e+00    2.905847550539e+03    6.888130901948e-02    2.809315927667e-03    3.542365925601e-03    3.335696250899e-02    6.052451044656e-01    6.378875065265e-03    4.035669453429e-06    5.784311836314e-07    2.797814529867e-01
  1.304626984961e+00    2.905847550539e+03    6.888130901948e-02    2.809315927667e-03    3.542365925601e-03    3.335696250899e-02    6.052451044656e-01    6.378875065265e-03    4.035669453429e-06    5.784311836314e-07    2.797814529867e-01
  1.314626984961e+00    2.905847550539e+03    6.888130901948e-02    2.809315927667e-03    3.542365925601e-03    3.335696250899e-02    6.052451044656e-01    6.378875065265e-03    4.035669453429e-06    5.784311836314e-07    2.797814529867e-01
  1.324626984961e+00    2.905847550539e+03    6.888130901948e-02    2.809315927667e-03    3.542365925601e-03    3.335696250899e-02    6.052451044656e-01    6.378875065265e-03    4.035669453429e-06    5.784311836314e-07    2.797814529867e-01
  1.334626984961e+00    2.905847550539e+03    6.888130901948e-02    2.809315927667e-03    3.542365925601e-03    3.335696250899e-02    6.052451044656e-01    6.378875065266e-03    4.035669453429e-06    5.784311836314e-07    2.797814529867e-01
  1.344626984961e+00    2.905847550539e+03    6.888130901948e-02    2.809315927667e-03    3.542365925601e-03    3.335696250899e-02    6.052451044656e-01    6.378875065266e-03    4.035669453429e-06    5.784311836314e-07    2.797814529867e-01
  1.354626984961e+00    2.905847550539e+03    6.888130901948e-02    2.809315927667e-03    3.542365925601e-03    3.335696250899e-02    6.052451044656e-01    6.378875065266e-03    4.035669453429e-06    5.784311836314e-07    2.797814529867e-01
  1.364626984961e+00    2.905847550539e+03    6.888130901948e-02    2.809315927667e-03    3.542365925601e-03    3.335696250899e-02    6.052451044656e-01    6.378875065266e-03    4.035669453429e-06    5.784311836314e-07    2.797814529867e-01
  1.374626984961e+00    2.905847550539e+03    6.888130901948e-02    2.809315927667e-03    3.542365925601e-03    3.335696250899e-02    6.052451044656e-01    6.378875065266e-03    4.035669453429e-06    5.784311836314e-07    2.797814529867e-01
  1.384626984961e+00    2.905847550539e+03    6.888130901948e-02    2.809315927667e-03    3.542365925601e-03    3.335696250899e-02    6.052451044656e-01    6.378875065266e-03    4.035669453429e-06    5.784311836314e-07    2.797814529867e-01
  1.394626984961e+00    2.905847550539e+03    6.888130901948e-02    2.809315927667e-03    3.542365925601e-03    3.335696250899e-02    6.052451044656e-01    6.378875065266e-03    4.035669453429e-06    5.784311836314e-07    2.797814529867e-01
  1.404626984961e+00    2.905847550539e+03    6.888130901948e-02    2.809315927667e-03    3.542365925601e-03    3.335696250899e-02    6.052451044656e-01    6.378875065266e-03    4.035669453429e-06    5.784311836314e-07    2.797814529867e-01
  1.414626984961e+00    2.905847550539e+03    6.888130901948e-02    2.809315927667e-03    3.542365925601e-03    3.335696250899e-02    6.052451044656e-01    6.378875065266e-03    4.035669453429e-06    5.784311836314e-07    2.797814529867e-01
  1.424626984961e+00    2.905847550539e+03    6.888130901948e-02    2.809315927667e-03    3.542365925601e-03    3.335696250899e-02    6.052451044656e-01    6.378875065266e-03    4.035669453429e-06    5.784311836314e-07    2.797814529867e-01
  1.434626984961e+00    2.905847550539e+03    6.888130901948e-02    2.809315927667e-03    3.542365925601e-03    3.335696250899e-02    6.052451044656e-01    6.378875065266e-03    4.035669453429e-06    5.784311836314e-07    2.797814529867e-01
  1.444626984961e+00    2.905847550539e+03    6.888130901948e-02    2.809315927667e-03    3.542365925601e-03    3.335696250899e-02    6.052451044656e-01    6.378875065266e-03    4.035669453429e-06    5.784311836314e-07    2.797814529867e-01
  1.454626984961e+00    2.905847550539e+03    6.888130901948e-02    2.809315927667e-03    3.542365925601e-03    3.335696250899e-02    6.052451044656e-01    6.378875065266e-03    4.035669453429e-06    5.784311836314e-07    2.797814529867e-01
  1.464626984961e+00    2.905847550539e+03    6.888130901948e-02    2.809315927667e-03    3.542365925601e-03    3.335696250899e-02    6.052451044656e-01    6.378875065266e-03    4.035669453429e-06    5.784311836314e-07    2.797814529867e-01
  1.474626984961e+00    2.905847550539e+03    6.888130901948e-02    2.809315927667e-03    3.542365925601e-03    3.335696250899e-02    6.052451044656e-01    6.378875065266e-03    4.035669453429e-06    5.784311836314e-07    2.797814529867e-01
  1.484626984961e+00    2.905847550539e+03    6.888130901948e-02    2.809315927667e-03    3.542365925601e-03    3.335696250899e-02    6.052451044656e-01    6.378875065266e-03    4.035669453429e-06    5.784311836314e-07    2.797814529867e-01
  1.494626984961e+00    2.905847550539e+03    6.888130901948e-02    2.809315927667e-03    3.542365925601e-03    3.335696250899e-02    6.052451044656e-01    6.378875065266e-03    4.035669453429e-06    5.784311836314e-07    2.797814529867e-01
  1.504626984961e+00    2.905847550539e+03    6.888130901948e-02    2.809315927667e-03    3.542365925601e-03    3.335696250899e-02    6.052451044656e-01    6.378875065266e-03    4.035669453429e-06    5.784311836314e-07    2.797814529867e-01
  1.514626984961e+00    2.905847550539e+03    6.888130901948e-02    2.809315927667e-03    3.542365925601e-03    3.335696250899e-02    6.052451044656e-01    6.378875065266e-03    4.035669453429e-06    5.784311836314e-07    2.797814529867e-01
  1.524626984961e+00    2.905847550539e+03    6.888130901948e-02    2.809315927667e-03    3.542365925601e-03    3.335696250899e-02    6.052451044656e-01    6.378875065266e-03    4.035669453429e-06    5.784311836314e-07    2.797814529867e-01
  1.534626984961e+00    2.905847550539e+03    6.888130901948e-02    2.809315927667e-03    3.542365925601e-03    3.335696250899e-02    6.052451044656e-01    6.378875065266e-03    4.035669453429e-06    5.784311836314e-07    2.797814529867e-01
  1.544626984961e+00    2.905847550539e+03    6.888130901948e-02    2.809315927667e-03    3.542365925601e-03    3.335696250899e-02    6.052451044656e-01    6.378875065266e-03    4.035669453429e-06    5.784311836314e-07    2.797814529867e-01
  1.554626984961e+00    2.905847550539e+03    6.888130901948e-02    2.809315927667e-03    3.542365925601e-03    3.335696250899e-02    6.052451044656e-01    6.378875065266e-03    4.035669453429e-06    5.784311836314e-07    2.797814529867e-01
  1.564626984961e+00    2.905847550539e+03    6.888130901948e-02    2.809315927667e-03    3.542365925601e-03    3.335696250899e-02    6.052451044656e-01    6.378875065266e-03    4.035669453429e-06    5.784311836314e-07    2.797814529867e-01
  1.574626984961e+00    2.905847550539e+03    6.888130901948e-02    2.809315927667e-03    3.542365925601e-03    3.335696250899e-02    6.052451044656e-01    6.378875065266e-03    4.035669453429e-06    5.784311836314e-07    2.797814529867e-01
  1.584626984961e+00    2.905847550539e+03    6.888130901948e-02    2.809315927667e-03    3.542365925601e-03    3.335696250899e-02    6.052451044656e-01    6.378875065266e-03    4.035669453429e-06    5.784311836314e-07    2.797814529867e-01
  1.594626984961e+00    2.905847550539e+03    6.888130901948e-02    2.809315927667e-03    3.542365925601e-03    3.335696250899e-02    6.052451044656e-01    6.378875065266e-03    4.035669453429e-06    5.784311836314e-07    2.797814529867e-01
  1.604626984961e+00    2.905847550539e+03    6.888130901948e-02    2.809315927667e-03    3.542365925601e-03    3.335696250899e-02    6.052451044656e-01    6.378875065266e-03    4.035669453429e-06    5.784311836314e-07    2.797814529867e-01
  1.614626984961e+00    2.905847550539e+03    6.888130901948e-02    2.809315927667e-03    3.542365925601e-03    3.335696250899e-02    6.052451044656e-01    6.378875065266e-03    4.035669453429e-06    5.784311836314e-07    2.797814529867e-01
  1.624626984961e+00    2.905847550539e+03    6.888130901948e-02    2.809315927667e-03    3.542365925601e-03    3.335696250899e-02    6.052451044656e-01    6.378875065266e-03    4.035669453429e-06    5.784311836314e-07    2.797814529867e-01
  1.634626984961e+00    2.905847550539e+03    6.888130901948e-02    2.809315927667e-03    3.542365925601e-03    3.335696250899e-02    6.052451044656e-01    6.378875065266e-03    4.035669453429e-06    5.784311836314e-07    2.797814529867e-01
  1.644626984961e+00    2.905847550539e+03    6.888130901948e-02    2.809315927667e-03    3.542365925601e-03    3.335696250899e-02    6.052451044656e-01    6.378875065266e-03    4.035669453429e-06    5.784311836314e-07    2.797814529867e-01
  1.654626984961e+00    2.905847550539e+03    6.888130901948e-02    2.809315927667e-03    3.542365925601e-03    3.335696250899e-02    6.052451044656e-01    6.378875065266e-03    4.035669453429e-06    5.784311836314e-07    2.797814529867e-01
  1.664626984961e+00    2.905847550539e+03    6.888130901948e-02    2.809315927667e-03    3.542365925601e-03    3.335696250899e-02    6.052451044656e-01    6.378875065266e-03    4.035669453429e-06    5.784311836314e-07    2.797814529867e-01
  1.674626984961e+00    2.905847550539e+03    6.888130901948e-02    2.809315927667e-03    3.542365925601e-03    3.335696250899e-02    6.052451044656e-01    6.378875065266e-03    4.035669453429e-06    5.784311836314e-07    2.797814529867e-01
  1.684626984961e+00    2.905847550539e+03    6.888130901948e-02    2.809315927667e-03    3.542365925601e-03    3.335696250899e-02    6.052451044656e-01    6.378875065266e-03    4.035669453429e-06    5.784311836314e-07    2.797814529867e-01
  1.694626984961e+00    2.905847550539e+03    6.888130901948e-02    2.809315927667e-03    3.542365925601e-03    3.335696250899e-02    6.052451044656e-01    6.378875065266e-03    4.035669453429e-06    5.784311836314e-07    2.797814529867e-01
  1.704626984961e+00    2.905847550539e+03    6.888130901948e-02    2.809315927667e-03    3.542365925601e-03    3.335696250899e-02    6.052451044656e-01    6.378875065266e-03    4.035669453429e-06    5.784311836314e-07    2.797814529867e-01
  1.714626984961e+00    2.905847550539e+03    6.888130901948e-02    2.809315927667e-03    3.542365925601e-03    3.335696250899e-02    6.052451044656e-01    6.378875065266e-03    4.035669453429e-06    5.784311836314e-07    2.797814529867e-01
  1.724626984961e+00    2.905847550539e+03    6.888130901948e-02    2.809315927667e-03    3.542365925601e-03    3.335696250899e-02    6.052451044656e-01    6.378875065266e-03    4.035669453429e-06    5.784311836314e-07    2.797814529867e-01
  1.734626984961e+00    2.905847550539e+03    6.888130901948e-02    2.809315927667e-03    3.542365925601e-03    3.335696250899e-02    6.052451044656e-01    6.378875065266e-03    4.035669453429e-06    5.784311836314e-07    2.797814529867e-01
  1.744626984961e+00    2.905847550539e+03    6.888130901948e-02    2.809315927667e-03    3.542365925601e-03    3.335696250899e-02    6.052451044656e-01    6.378875065266e-03    4.035669453429e-06    5.784311836314e-07    2.797814529867e-01
  1.754626984961e+00    2.905847550539e+03    6.888130901948e-02    2.809315927667e-03    3.542365925601e-03    3.335696250899e-02    6.052451044656e-01    6.378875065266e-03    4.035669453429e-06    5.784311836314e-07    2.797814529867e-01
  1.764626984961e+00    2.905847550539e+03    6.888130901948e-02    2.809315927667e-03    3.542365925601e-03    3.335696250899e-02    6.052451044656e-01    6.378875065266e-03    4.035669453429e-06    5.784311836314e-07    2.797814529867e-01
  1.774626984961e+00    2.905847550539e+03    6.888130901948e-02    2.809315927667e-03    3.542365925601e-03    3.335696250899e-02    6.052451044656e-01    6.378875065266e-03    4.035669453429e-06    5.784311836314e-07    2.797814529867e-01
  1.784626984961e+00    2.905847550539e+03    6.888130901948e-02    2.809315927667e-03    3.542365925601e-03    3.335696250899e-02    6.052451044656e-01    6.378875065266e-03    4.035669453429e-06    5.784311836314e-07    2.797814529867e-01
  1.794626984961e+00    2.905847550539e+03    6.888130901948e-02    2.809315927667e-03    3.542365925601e-03    3.335696250899e-02    6.052451044656e-01    6.378875065266e-03    4.035669453429e-06    5.784311836314e-07    2.797814529867e-01
  1.804626984961e+00    2.905847550539e+03    6.888130901948e-02    2.809315927667e-03    3.542365925601e-03    3.335696250899e-02    6.052451044656e-01    6.378875065266e-03    4.035669453429e-06    5.784311836314e-07    2.797814529867e-01
  1.814626984961e+00    2.905847550539e+03    6.888130901948e-02    2.809315927667e-03    3.542365925601e-03    3.335696250899e-02    6.052451044656e-01    6.378875065266e-03    4.035669453429e-06    5.784311836314e-07    2.797814529867e-01
  1.824626984961e+00    2.905847550539e+03    6.888130901948e-02    2.809315927667e-03    3.542365925601e-03    3.335696250899e-02    6.052451044656e-01    6.378875065266e-03    4.035669453429e-06    5.784311836314e-07    2.797814529867e-01
  1.834626984961e+00    2.905847550539e+03    6.888130901948e-02    2.809315927667e-03    3.542365925601e-03    3.335696250899e-02    6.052451044656e-01    6.378875065266e-03    4.035669453429e-06    5.784311836314e-07    2.797814529867e-01
  1.844626984961e+00    2.905847550539e+03    6.888130901948e-02    2.809315927667e-03    3.542365925601e-03    3.335696250899e-02    6.052451044656e-01    6.378875065266e-03    4.035669453429e-06    5.784311836314e-07    2.797814529867e-01
  1.854626984961e+00    2.905847550539e+03    6.888130901948e-02    2.809315927667e-03    3.542365925601e-03    3.335696250899e-02    6.052451044656e-01    6.378875065266e-03    4.035669453429e-06    5.784311836314e-07    2.797814529867e-01
  1.864626984961e+00    2.905847550539e+03    6.888130901948e-02    2.809315927667e-03    3.542365925601e-03    3.335696250899e-02    6.052451044656e-01    6.378875065266e-03    4.035669453429e-06    5.784311836314e-07    2.797814529867e-01
  1.874626984961e+00    2.905847550539e+03    6.888130901948e-02    2.809315927667e-03    3.542365925601e-03    3.335696250899e-02    6.052451044656e-01    6.378875065266e-03    4.035669453429e-06    5.784311836314e-07    2.797814529867e-01
  1.884626984961e+00    2.905847550539e+03    6.888130901948e-02    2.809315927667e-03    3.542365925601e-03    3.335696250899e-02    6.052451044656e-01    6.378875065266e-03    4.035669453429e-06    5.784311836314e-07    2.797814529867e-01
  1.894626984961e+00    2.905847550539e+03    6.888130901948e-02    2.809315927667e-03    3.542365925601e-03    3.335696250899e-02    6.052451044656e-01    6.378875065266e-03    4.035669453429e-06    5.784311836314e-07    2.797814529867e-01
  1.904626984961e+00    2.905847550539e+03    6.888130901948e-02    2.809315927667e-03    3.542365925601e-03    3.335696250899e-02    6.052451044656e-01    6.378875065266e-03    4.035669453429e-06    5.784311836314e-07    2.797814529867e-01
  1.914626984961e+00    2.905847550539e+03    6.888130901948e-02    2.809315927667e-03    3.542365925601e-03    3.335696250899e-02    6.052451044656e-01    6.378875065266e-03    4.035669453429e-06    5.784311836314e-07    2.797814529867e-01
  1.924626984961e+00    2.905847550539e+03    6.888130901948e-02    2.809315927667e-03    3.542365925601e-03    3.335696250899e-02    6.052451044656e-01    6.378875065266e-03    4.035669453429e-06    5.784311836314e-07    2.797814529867e-01
  1.934626984961e+00    2.905847550539e+03    6.888130901948e-02    2.809315927667e-03    3.542365925601e-03    3.335696250899e-02    6.052451044656e-01    6.378875065266e-03    4.035669453429e-06    5.784311836314e-07    2.797814529867e-01
  1.944626984961e+00    2.905847550539e+03    6.888130901948e-02    2.809315927667e-03    3.542365925601e-03    3.335696250899e-02    6.052451044656e-01    6.378875065266e-03    4.035669453429e-06    5.784311836314e-07    2.797814529867e-01
  1.954626984961e+00    2.905847550539e+03    6.888130901948e-02    2.809315927667e-03    3.542365925601e-03    3.335696250899e-02    6.052451044656e-01    6.378875065266e-03    4.035669453429e-06    5.784311836314e-07    2.797814529867e-01
  1.964626984961e+00    2.905847550539e+03    6.888130901948e-02    2.809315927667e-03    3.542365925601e-03    3.335696250899e-02    6.052451044656e-01    6.378875065266e-03    4.035669453429e-06    5.784311836314e-07    2.797814529867e-01
  1.974626984961e+00    2.905847550539e+03    6.888130901948e-02    2.809315927667e-03    3.542365925601e-03    3.335696250899e-02    6.052451044656e-01    6.378875065266e-03    4.035669453429e-06    5.784311836314e-07    2.797814529867e-01
  1.984626984961e+00    2.905847550539e+03    6.888130901948e-02    2.809315927667e-03    3.542365925601e-03    3.335696250899e-02    6.052451044656e-01    6.378875065266e-03    4.035669453429e-06    5.784311836314e-07    2.797814529867e-01
  1.994626984961e+00    2.905847550539e+03    6.888130901948e-02    2.809315927667e-03    3.542365925601e-03    3.335696250899e-02    6.052451044656e-01    6.378875065266e-03    4.035669453429e-06    5.784311836314e-07    2.797814529867e-01
  2.000000000000e+00    2.905847550539e+03    6.888130901948e-02    2.809315927667e-03    3.542365925601e-03    3.335696250899e-02    6.052451044656e-01    6.378875065266e-03    4.035669453429e-06    5.784311836314e-07    2.797814529867e-01
